# JRE version: Java(TM) SE Runtime Environment (8.0_60-b27) (build 1.8.0_60-b27)
# Java VM: Java HotSpot(TM) 64-Bit Server VM (25.60-b23 mixed mode windows-amd64 compressed oops)
Heap:
 PSYoungGen      total 53760K, used 41939K [0x00000000d5d80000, 0x00000000d9d80000, 0x0000000100000000)
  eden space 44032K, 76% used [0x00000000d5d80000,0x00000000d7e87c48,0x00000000d8880000)
  from space 9728K, 83% used [0x00000000d9400000,0x00000000d9bed1b8,0x00000000d9d80000)
  to   space 10752K, 0% used [0x00000000d8880000,0x00000000d8880000,0x00000000d9300000)
 ParOldGen       total 65536K, used 12297K [0x0000000081800000, 0x0000000085800000, 0x00000000d5d80000)
  object space 65536K, 18% used [0x0000000081800000,0x00000000824027a0,0x0000000085800000)
 Metaspace       used 26425K, capacity 27094K, committed 27392K, reserved 1073152K
  class space    used 3173K, capacity 3289K, committed 3328K, reserved 1048576K
GC Heap History (10 events):
Event: 2.833 GC heap before
{Heap before GC invocations=3 (full 0):
 PSYoungGen      total 38400K, used 36930K [0x00000000d5d80000, 0x00000000d8800000, 0x0000000100000000)
  eden space 33280K, 100% used [0x00000000d5d80000,0x00000000d7e00000,0x00000000d7e00000)
  from space 5120K, 71% used [0x00000000d8300000,0x00000000d8690a08,0x00000000d8800000)
  to   space 5120K, 0% used [0x00000000d7e00000,0x00000000d7e00000,0x00000000d8300000)
 ParOldGen       total 87552K, used 24K [0x0000000081800000, 0x0000000086d80000, 0x00000000d5d80000)
  object space 87552K, 0% used [0x0000000081800000,0x0000000081806000,0x0000000086d80000)
 Metaspace       used 16153K, capacity 16404K, committed 16512K, reserved 1064960K
  class space    used 1791K, capacity 1880K, committed 1920K, reserved 1048576K
Event: 2.842 GC heap after
Heap after GC invocations=3 (full 0):
 PSYoungGen      total 38400K, used 5111K [0x00000000d5d80000, 0x00000000d8800000, 0x0000000100000000)
  eden space 33280K, 0% used [0x00000000d5d80000,0x00000000d5d80000,0x00000000d7e00000)
  from space 5120K, 99% used [0x00000000d7e00000,0x00000000d82fde70,0x00000000d8300000)
  to   space 5120K, 0% used [0x00000000d8300000,0x00000000d8300000,0x00000000d8800000)
 ParOldGen       total 87552K, used 2326K [0x0000000081800000, 0x0000000086d80000, 0x00000000d5d80000)
  object space 87552K, 2% used [0x0000000081800000,0x0000000081a45b90,0x0000000086d80000)
 Metaspace       used 16153K, capacity 16404K, committed 16512K, reserved 1064960K
  class space    used 1791K, capacity 1880K, committed 1920K, reserved 1048576K
}
Event: 3.580 GC heap before
{Heap before GC invocations=4 (full 0):
 PSYoungGen      total 38400K, used 34238K [0x00000000d5d80000, 0x00000000d8800000, 0x0000000100000000)
  eden space 33280K, 87% used [0x00000000d5d80000,0x00000000d79f1a80,0x00000000d7e00000)
  from space 5120K, 99% used [0x00000000d7e00000,0x00000000d82fde70,0x00000000d8300000)
  to   space 5120K, 0% used [0x00000000d8300000,0x00000000d8300000,0x00000000d8800000)
 ParOldGen       total 87552K, used 2326K [0x0000000081800000, 0x0000000086d80000, 0x00000000d5d80000)
  object space 87552K, 2% used [0x0000000081800000,0x0000000081a45b90,0x0000000086d80000)
 Metaspace       used 20879K, capacity 21220K, committed 21248K, reserved 1069056K
  class space    used 2434K, capacity 2547K, committed 2560K, reserved 1048576K
Event: 3.591 GC heap after
Heap after GC invocations=4 (full 0):
 PSYoungGen      total 38400K, used 5089K [0x00000000d5d80000, 0x00000000da880000, 0x0000000100000000)
  eden space 33280K, 0% used [0x00000000d5d80000,0x00000000d5d80000,0x00000000d7e00000)
  from space 5120K, 99% used [0x00000000d8300000,0x00000000d87f8488,0x00000000d8800000)
  to   space 5120K, 0% used [0x00000000d7e00000,0x00000000d7e00000,0x00000000d8300000)
 ParOldGen       total 87552K, used 5329K [0x0000000081800000, 0x0000000086d80000, 0x00000000d5d80000)
  object space 87552K, 6% used [0x0000000081800000,0x0000000081d347a8,0x0000000086d80000)
 Metaspace       used 20879K, capacity 21220K, committed 21248K, reserved 1069056K
  class space    used 2434K, capacity 2547K, committed 2560K, reserved 1048576K
}
Event: 3.591 GC heap before
{Heap before GC invocations=5 (full 1):
 PSYoungGen      total 38400K, used 5089K [0x00000000d5d80000, 0x00000000da880000, 0x0000000100000000)
  eden space 33280K, 0% used [0x00000000d5d80000,0x00000000d5d80000,0x00000000d7e00000)
  from space 5120K, 99% used [0x00000000d8300000,0x00000000d87f8488,0x00000000d8800000)
  to   space 5120K, 0% used [0x00000000d7e00000,0x00000000d7e00000,0x00000000d8300000)
 ParOldGen       total 87552K, used 5329K [0x0000000081800000, 0x0000000086d80000, 0x00000000d5d80000)
  object space 87552K, 6% used [0x0000000081800000,0x0000000081d347a8,0x0000000086d80000)
 Metaspace       used 20879K, capacity 21220K, committed 21248K, reserved 1069056K
  class space    used 2434K, capacity 2547K, committed 2560K, reserved 1048576K
Event: 3.645 GC heap after
Heap after GC invocations=5 (full 1):
 PSYoungGen      total 38400K, used 0K [0x00000000d5d80000, 0x00000000da880000, 0x0000000100000000)
  eden space 33280K, 0% used [0x00000000d5d80000,0x00000000d5d80000,0x00000000d7e00000)
  from space 5120K, 0% used [0x00000000d8300000,0x00000000d8300000,0x00000000d8800000)
  to   space 5120K, 0% used [0x00000000d7e00000,0x00000000d7e00000,0x00000000d8300000)
 ParOldGen       total 65536K, used 8466K [0x0000000081800000, 0x0000000085800000, 0x00000000d5d80000)
  object space 65536K, 12% used [0x0000000081800000,0x0000000082044ac8,0x0000000085800000)
 Metaspace       used 20879K, capacity 21220K, committed 21248K, reserved 1069056K
  class space    used 2434K, capacity 2547K, committed 2560K, reserved 1048576K
}
Event: 5.355 GC heap before
{Heap before GC invocations=6 (full 1):
 PSYoungGen      total 38400K, used 33280K [0x00000000d5d80000, 0x00000000da880000, 0x0000000100000000)
  eden space 33280K, 100% used [0x00000000d5d80000,0x00000000d7e00000,0x00000000d7e00000)
  from space 5120K, 0% used [0x00000000d8300000,0x00000000d8300000,0x00000000d8800000)
  to   space 5120K, 0% used [0x00000000d7e00000,0x00000000d7e00000,0x00000000d8300000)
 ParOldGen       total 65536K, used 8466K [0x0000000081800000, 0x0000000085800000, 0x00000000d5d80000)
  object space 65536K, 12% used [0x0000000081800000,0x0000000082044ac8,0x0000000085800000)
 Metaspace       used 22584K, capacity 23034K, committed 23296K, reserved 1069056K
  class space    used 2669K, capacity 2781K, committed 2816K, reserved 1048576K
Event: 5.362 GC heap after
Heap after GC invocations=6 (full 1):
 PSYoungGen      total 38400K, used 2267K [0x00000000d5d80000, 0x00000000d9d80000, 0x0000000100000000)
  eden space 33280K, 0% used [0x00000000d5d80000,0x00000000d5d80000,0x00000000d7e00000)
  from space 5120K, 44% used [0x00000000d7e00000,0x00000000d8036de8,0x00000000d8300000)
  to   space 9728K, 0% used [0x00000000d9400000,0x00000000d9400000,0x00000000d9d80000)
 ParOldGen       total 65536K, used 8474K [0x0000000081800000, 0x0000000085800000, 0x00000000d5d80000)
  object space 65536K, 12% used [0x0000000081800000,0x0000000082046ac8,0x0000000085800000)
 Metaspace       used 22584K, capacity 23034K, committed 23296K, reserved 1069056K
  class space    used 2669K, capacity 2781K, committed 2816K, reserved 1048576K
}
Event: 10.152 GC heap before
{Heap before GC invocations=7 (full 1):
 PSYoungGen      total 38400K, used 32481K [0x00000000d5d80000, 0x00000000d9d80000, 0x0000000100000000)
  eden space 33280K, 90% used [0x00000000d5d80000,0x00000000d7b019e0,0x00000000d7e00000)
  from space 5120K, 44% used [0x00000000d7e00000,0x00000000d8036de8,0x00000000d8300000)
  to   space 9728K, 0% used [0x00000000d9400000,0x00000000d9400000,0x00000000d9d80000)
 ParOldGen       total 65536K, used 8474K [0x0000000081800000, 0x0000000085800000, 0x00000000d5d80000)
  object space 65536K, 12% used [0x0000000081800000,0x0000000082046ac8,0x0000000085800000)
 Metaspace       used 24346K, capacity 24918K, committed 25088K, reserved 1071104K
  class space    used 2845K, capacity 2960K, committed 3072K, reserved 1048576K
Event: 10.158 GC heap after
Heap after GC invocations=7 (full 1):
 PSYoungGen      total 53760K, used 8116K [0x00000000d5d80000, 0x00000000d9d80000, 0x0000000100000000)
  eden space 44032K, 0% used [0x00000000d5d80000,0x00000000d5d80000,0x00000000d8880000)
  from space 9728K, 83% used [0x00000000d9400000,0x00000000d9bed1b8,0x00000000d9d80000)
  to   space 10752K, 0% used [0x00000000d8880000,0x00000000d8880000,0x00000000d9300000)
 ParOldGen       total 65536K, used 12297K [0x0000000081800000, 0x0000000085800000, 0x00000000d5d80000)
  object space 65536K, 18% used [0x0000000081800000,0x00000000824027a0,0x0000000085800000)
 Metaspace       used 24346K, capacity 24918K, committed 25088K, reserved 1071104K
  class space    used 2845K, capacity 2960K, committed 3072K, reserved 1048576K
}

