# JRE version: Java(TM) SE Runtime Environment (8.0_60-b27) (build 1.8.0_60-b27)
# Java VM: Java HotSpot(TM) 64-Bit Server VM (25.60-b23 mixed mode windows-amd64 compressed oops)
Heap:
 PSYoungGen      total 196608K, used 91198K [0x00000000d5d80000, 0x00000000e7780000, 0x0000000100000000)
  eden space 184832K, 42% used [0x00000000d5d80000,0x00000000dab176f8,0x00000000e1200000)
  from space 11776K, 99% used [0x00000000e6c00000,0x00000000e77782d0,0x00000000e7780000)
  to   space 15360K, 0% used [0x00000000e5980000,0x00000000e5980000,0x00000000e6880000)
 ParOldGen       total 70656K, used 18220K [0x0000000081800000, 0x0000000085d00000, 0x00000000d5d80000)
  object space 70656K, 25% used [0x0000000081800000,0x00000000829cb0a8,0x0000000085d00000)
 Metaspace       used 27147K, capacity 28028K, committed 28288K, reserved 1075200K
  class space    used 3245K, capacity 3382K, committed 3456K, reserved 1048576K
GC Heap History (10 events):
Event: 2.982 GC heap before
{Heap before GC invocations=5 (full 0):
 PSYoungGen      total 71680K, used 71341K [0x00000000d5d80000, 0x00000000da880000, 0x0000000100000000)
  eden space 66560K, 100% used [0x00000000d5d80000,0x00000000d9e80000,0x00000000d9e80000)
  from space 5120K, 93% used [0x00000000da380000,0x00000000da82b518,0x00000000da880000)
  to   space 5120K, 0% used [0x00000000d9e80000,0x00000000d9e80000,0x00000000da380000)
 ParOldGen       total 87552K, used 104K [0x0000000081800000, 0x0000000086d80000, 0x00000000d5d80000)
  object space 87552K, 0% used [0x0000000081800000,0x000000008181a010,0x0000000086d80000)
 Metaspace       used 12504K, capacity 12724K, committed 12800K, reserved 1060864K
  class space    used 1397K, capacity 1465K, committed 1536K, reserved 1048576K
Event: 2.990 GC heap after
Heap after GC invocations=5 (full 0):
 PSYoungGen      total 71680K, used 5117K [0x00000000d5d80000, 0x00000000dec80000, 0x0000000100000000)
  eden space 66560K, 0% used [0x00000000d5d80000,0x00000000d5d80000,0x00000000d9e80000)
  from space 5120K, 99% used [0x00000000d9e80000,0x00000000da37f7c0,0x00000000da380000)
  to   space 6656K, 0% used [0x00000000de600000,0x00000000de600000,0x00000000dec80000)
 ParOldGen       total 87552K, used 1034K [0x0000000081800000, 0x0000000086d80000, 0x00000000d5d80000)
  object space 87552K, 1% used [0x0000000081800000,0x0000000081902880,0x0000000086d80000)
 Metaspace       used 12504K, capacity 12724K, committed 12800K, reserved 1060864K
  class space    used 1397K, capacity 1465K, committed 1536K, reserved 1048576K
}
Event: 3.510 GC heap before
{Heap before GC invocations=6 (full 0):
 PSYoungGen      total 71680K, used 71677K [0x00000000d5d80000, 0x00000000dec80000, 0x0000000100000000)
  eden space 66560K, 100% used [0x00000000d5d80000,0x00000000d9e80000,0x00000000d9e80000)
  from space 5120K, 99% used [0x00000000d9e80000,0x00000000da37f7c0,0x00000000da380000)
  to   space 6656K, 0% used [0x00000000de600000,0x00000000de600000,0x00000000dec80000)
 ParOldGen       total 87552K, used 1034K [0x0000000081800000, 0x0000000086d80000, 0x00000000d5d80000)
  object space 87552K, 1% used [0x0000000081800000,0x0000000081902880,0x0000000086d80000)
 Metaspace       used 12517K, capacity 12724K, committed 12800K, reserved 1060864K
  class space    used 1398K, capacity 1465K, committed 1536K, reserved 1048576K
Event: 3.522 GC heap after
Heap after GC invocations=6 (full 0):
 PSYoungGen      total 139264K, used 6365K [0x00000000d5d80000, 0x00000000ded80000, 0x0000000100000000)
  eden space 132608K, 0% used [0x00000000d5d80000,0x00000000d5d80000,0x00000000ddf00000)
  from space 6656K, 95% used [0x00000000de600000,0x00000000dec377c0,0x00000000dec80000)
  to   space 7168K, 0% used [0x00000000ddf00000,0x00000000ddf00000,0x00000000de600000)
 ParOldGen       total 87552K, used 1042K [0x0000000081800000, 0x0000000086d80000, 0x00000000d5d80000)
  object space 87552K, 1% used [0x0000000081800000,0x0000000081904880,0x0000000086d80000)
 Metaspace       used 12517K, capacity 12724K, committed 12800K, reserved 1060864K
  class space    used 1398K, capacity 1465K, committed 1536K, reserved 1048576K
}
Event: 5.413 GC heap before
{Heap before GC invocations=7 (full 0):
 PSYoungGen      total 139264K, used 108752K [0x00000000d5d80000, 0x00000000ded80000, 0x0000000100000000)
  eden space 132608K, 77% used [0x00000000d5d80000,0x00000000dc17ca00,0x00000000ddf00000)
  from space 6656K, 95% used [0x00000000de600000,0x00000000dec377c0,0x00000000dec80000)
  to   space 7168K, 0% used [0x00000000ddf00000,0x00000000ddf00000,0x00000000de600000)
 ParOldGen       total 87552K, used 1042K [0x0000000081800000, 0x0000000086d80000, 0x00000000d5d80000)
  object space 87552K, 1% used [0x0000000081800000,0x0000000081904880,0x0000000086d80000)
 Metaspace       used 20850K, capacity 21184K, committed 21248K, reserved 1069056K
  class space    used 2405K, capacity 2525K, committed 2560K, reserved 1048576K
Event: 5.432 GC heap after
Heap after GC invocations=7 (full 0):
 PSYoungGen      total 139776K, used 7163K [0x00000000d5d80000, 0x00000000e7780000, 0x0000000100000000)
  eden space 132608K, 0% used [0x00000000d5d80000,0x00000000d5d80000,0x00000000ddf00000)
  from space 7168K, 99% used [0x00000000ddf00000,0x00000000de5fedc8,0x00000000de600000)
  to   space 11776K, 0% used [0x00000000e6c00000,0x00000000e6c00000,0x00000000e7780000)
 ParOldGen       total 87552K, used 7785K [0x0000000081800000, 0x0000000086d80000, 0x00000000d5d80000)
  object space 87552K, 8% used [0x0000000081800000,0x0000000081f9a760,0x0000000086d80000)
 Metaspace       used 20850K, capacity 21184K, committed 21248K, reserved 1069056K
  class space    used 2405K, capacity 2525K, committed 2560K, reserved 1048576K
}
Event: 5.432 GC heap before
{Heap before GC invocations=8 (full 1):
 PSYoungGen      total 139776K, used 7163K [0x00000000d5d80000, 0x00000000e7780000, 0x0000000100000000)
  eden space 132608K, 0% used [0x00000000d5d80000,0x00000000d5d80000,0x00000000ddf00000)
  from space 7168K, 99% used [0x00000000ddf00000,0x00000000de5fedc8,0x00000000de600000)
  to   space 11776K, 0% used [0x00000000e6c00000,0x00000000e6c00000,0x00000000e7780000)
 ParOldGen       total 87552K, used 7785K [0x0000000081800000, 0x0000000086d80000, 0x00000000d5d80000)
  object space 87552K, 8% used [0x0000000081800000,0x0000000081f9a760,0x0000000086d80000)
 Metaspace       used 20850K, capacity 21184K, committed 21248K, reserved 1069056K
  class space    used 2405K, capacity 2525K, committed 2560K, reserved 1048576K
Event: 5.525 GC heap after
Heap after GC invocations=8 (full 1):
 PSYoungGen      total 139776K, used 0K [0x00000000d5d80000, 0x00000000e7780000, 0x0000000100000000)
  eden space 132608K, 0% used [0x00000000d5d80000,0x00000000d5d80000,0x00000000ddf00000)
  from space 7168K, 0% used [0x00000000ddf00000,0x00000000ddf00000,0x00000000de600000)
  to   space 11776K, 0% used [0x00000000e6c00000,0x00000000e6c00000,0x00000000e7780000)
 ParOldGen       total 70656K, used 14570K [0x0000000081800000, 0x0000000085d00000, 0x00000000d5d80000)
  object space 70656K, 20% used [0x0000000081800000,0x000000008263a8f0,0x0000000085d00000)
 Metaspace       used 20850K, capacity 21184K, committed 21248K, reserved 1069056K
  class space    used 2405K, capacity 2525K, committed 2560K, reserved 1048576K
}
Event: 26.528 GC heap before
{Heap before GC invocations=9 (full 1):
 PSYoungGen      total 139776K, used 132608K [0x00000000d5d80000, 0x00000000e7780000, 0x0000000100000000)
  eden space 132608K, 100% used [0x00000000d5d80000,0x00000000ddf00000,0x00000000ddf00000)
  from space 7168K, 0% used [0x00000000ddf00000,0x00000000ddf00000,0x00000000de600000)
  to   space 11776K, 0% used [0x00000000e6c00000,0x00000000e6c00000,0x00000000e7780000)
 ParOldGen       total 70656K, used 14570K [0x0000000081800000, 0x0000000085d00000, 0x00000000d5d80000)
  object space 70656K, 20% used [0x0000000081800000,0x000000008263a8f0,0x0000000085d00000)
 Metaspace       used 26090K, capacity 26938K, committed 27136K, reserved 1073152K
  class space    used 3059K, capacity 3218K, committed 3328K, reserved 1048576K
Event: 26.538 GC heap after
Heap after GC invocations=9 (full 1):
 PSYoungGen      total 196608K, used 11744K [0x00000000d5d80000, 0x00000000e7780000, 0x0000000100000000)
  eden space 184832K, 0% used [0x00000000d5d80000,0x00000000d5d80000,0x00000000e1200000)
  from space 11776K, 99% used [0x00000000e6c00000,0x00000000e77782d0,0x00000000e7780000)
  to   space 15360K, 0% used [0x00000000e5980000,0x00000000e5980000,0x00000000e6880000)
 ParOldGen       total 70656K, used 18220K [0x0000000081800000, 0x0000000085d00000, 0x00000000d5d80000)
  object space 70656K, 25% used [0x0000000081800000,0x00000000829cb0a8,0x0000000085d00000)
 Metaspace       used 26090K, capacity 26938K, committed 27136K, reserved 1073152K
  class space    used 3059K, capacity 3218K, committed 3328K, reserved 1048576K
}

