# JRE version: Java(TM) SE Runtime Environment (8.0_60-b27) (build 1.8.0_60-b27)
# Java VM: Java HotSpot(TM) 64-Bit Server VM (25.60-b23 mixed mode windows-amd64 compressed oops)
Heap:
 PSYoungGen      total 138752K, used 115805K [0x00000000d5d80000, 0x00000000e3a80000, 0x0000000100000000)
  eden space 130560K, 88% used [0x00000000d5d80000,0x00000000dce97698,0x00000000ddd00000)
  from space 8192K, 0% used [0x00000000ddd00000,0x00000000ddd00000,0x00000000de500000)
  to   space 8704K, 0% used [0x00000000e3200000,0x00000000e3200000,0x00000000e3a80000)
 ParOldGen       total 65536K, used 12837K [0x0000000081800000, 0x0000000085800000, 0x00000000d5d80000)
  object space 65536K, 19% used [0x0000000081800000,0x0000000082489680,0x0000000085800000)
 Metaspace       used 26187K, capacity 26820K, committed 27008K, reserved 1073152K
  class space    used 3076K, capacity 3197K, committed 3200K, reserved 1048576K
GC Heap History (10 events):
Event: 3.964 GC heap before
{Heap before GC invocations=6 (full 0):
 PSYoungGen      total 38400K, used 38370K [0x00000000d5d80000, 0x00000000daa80000, 0x0000000100000000)
  eden space 33280K, 100% used [0x00000000d5d80000,0x00000000d7e00000,0x00000000d7e00000)
  from space 5120K, 99% used [0x00000000d7e00000,0x00000000d82f89f8,0x00000000d8300000)
  to   space 6144K, 0% used [0x00000000da480000,0x00000000da480000,0x00000000daa80000)
 ParOldGen       total 87552K, used 353K [0x0000000081800000, 0x0000000086d80000, 0x00000000d5d80000)
  object space 87552K, 0% used [0x0000000081800000,0x0000000081858538,0x0000000086d80000)
 Metaspace       used 12518K, capacity 12724K, committed 12800K, reserved 1060864K
  class space    used 1398K, capacity 1465K, committed 1536K, reserved 1048576K
Event: 3.981 GC heap after
Heap after GC invocations=6 (full 0):
 PSYoungGen      total 72192K, used 5826K [0x00000000d5d80000, 0x00000000dab80000, 0x0000000100000000)
  eden space 66048K, 0% used [0x00000000d5d80000,0x00000000d5d80000,0x00000000d9e00000)
  from space 6144K, 94% used [0x00000000da480000,0x00000000daa30a18,0x00000000daa80000)
  to   space 6656K, 0% used [0x00000000d9e00000,0x00000000d9e00000,0x00000000da480000)
 ParOldGen       total 87552K, used 361K [0x0000000081800000, 0x0000000086d80000, 0x00000000d5d80000)
  object space 87552K, 0% used [0x0000000081800000,0x000000008185a538,0x0000000086d80000)
 Metaspace       used 12518K, capacity 12724K, committed 12800K, reserved 1060864K
  class space    used 1398K, capacity 1465K, committed 1536K, reserved 1048576K
}
Event: 4.407 GC heap before
{Heap before GC invocations=7 (full 0):
 PSYoungGen      total 72192K, used 71874K [0x00000000d5d80000, 0x00000000dab80000, 0x0000000100000000)
  eden space 66048K, 100% used [0x00000000d5d80000,0x00000000d9e00000,0x00000000d9e00000)
  from space 6144K, 94% used [0x00000000da480000,0x00000000daa30a18,0x00000000daa80000)
  to   space 6656K, 0% used [0x00000000d9e00000,0x00000000d9e00000,0x00000000da480000)
 ParOldGen       total 87552K, used 361K [0x0000000081800000, 0x0000000086d80000, 0x00000000d5d80000)
  object space 87552K, 0% used [0x0000000081800000,0x000000008185a538,0x0000000086d80000)
 Metaspace       used 12520K, capacity 12724K, committed 12800K, reserved 1060864K
  class space    used 1398K, capacity 1465K, committed 1536K, reserved 1048576K
Event: 4.419 GC heap after
Heap after GC invocations=7 (full 0):
 PSYoungGen      total 72704K, used 4171K [0x00000000d5d80000, 0x00000000deb80000, 0x0000000100000000)
  eden space 66048K, 0% used [0x00000000d5d80000,0x00000000d5d80000,0x00000000d9e00000)
  from space 6656K, 62% used [0x00000000d9e00000,0x00000000da212db8,0x00000000da480000)
  to   space 6656K, 0% used [0x00000000de500000,0x00000000de500000,0x00000000deb80000)
 ParOldGen       total 87552K, used 3341K [0x0000000081800000, 0x0000000086d80000, 0x00000000d5d80000)
  object space 87552K, 3% used [0x0000000081800000,0x0000000081b43770,0x0000000086d80000)
 Metaspace       used 12520K, capacity 12724K, committed 12800K, reserved 1060864K
  class space    used 1398K, capacity 1465K, committed 1536K, reserved 1048576K
}
Event: 5.594 GC heap before
{Heap before GC invocations=8 (full 0):
 PSYoungGen      total 72704K, used 70219K [0x00000000d5d80000, 0x00000000deb80000, 0x0000000100000000)
  eden space 66048K, 100% used [0x00000000d5d80000,0x00000000d9e00000,0x00000000d9e00000)
  from space 6656K, 62% used [0x00000000d9e00000,0x00000000da212db8,0x00000000da480000)
  to   space 6656K, 0% used [0x00000000de500000,0x00000000de500000,0x00000000deb80000)
 ParOldGen       total 87552K, used 3341K [0x0000000081800000, 0x0000000086d80000, 0x00000000d5d80000)
  object space 87552K, 3% used [0x0000000081800000,0x0000000081b43770,0x0000000086d80000)
 Metaspace       used 16295K, capacity 16510K, committed 16768K, reserved 1064960K
  class space    used 1794K, capacity 1887K, committed 1920K, reserved 1048576K
Event: 5.610 GC heap after
Heap after GC invocations=8 (full 0):
 PSYoungGen      total 137216K, used 6629K [0x00000000d5d80000, 0x00000000dee80000, 0x0000000100000000)
  eden space 130560K, 0% used [0x00000000d5d80000,0x00000000d5d80000,0x00000000ddd00000)
  from space 6656K, 99% used [0x00000000de500000,0x00000000deb79520,0x00000000deb80000)
  to   space 8192K, 0% used [0x00000000ddd00000,0x00000000ddd00000,0x00000000de500000)
 ParOldGen       total 87552K, used 5542K [0x0000000081800000, 0x0000000086d80000, 0x00000000d5d80000)
  object space 87552K, 6% used [0x0000000081800000,0x0000000081d69a20,0x0000000086d80000)
 Metaspace       used 16295K, capacity 16510K, committed 16768K, reserved 1064960K
  class space    used 1794K, capacity 1887K, committed 1920K, reserved 1048576K
}
Event: 6.605 GC heap before
{Heap before GC invocations=9 (full 0):
 PSYoungGen      total 137216K, used 49240K [0x00000000d5d80000, 0x00000000dee80000, 0x0000000100000000)
  eden space 130560K, 32% used [0x00000000d5d80000,0x00000000d871cca8,0x00000000ddd00000)
  from space 6656K, 99% used [0x00000000de500000,0x00000000deb79520,0x00000000deb80000)
  to   space 8192K, 0% used [0x00000000ddd00000,0x00000000ddd00000,0x00000000de500000)
 ParOldGen       total 87552K, used 5542K [0x0000000081800000, 0x0000000086d80000, 0x00000000d5d80000)
  object space 87552K, 6% used [0x0000000081800000,0x0000000081d69a20,0x0000000086d80000)
 Metaspace       used 20839K, capacity 21178K, committed 21248K, reserved 1069056K
  class space    used 2405K, capacity 2524K, committed 2560K, reserved 1048576K
Event: 6.617 GC heap after
Heap after GC invocations=9 (full 0):
 PSYoungGen      total 138752K, used 7146K [0x00000000d5d80000, 0x00000000e3a80000, 0x0000000100000000)
  eden space 130560K, 0% used [0x00000000d5d80000,0x00000000d5d80000,0x00000000ddd00000)
  from space 8192K, 87% used [0x00000000ddd00000,0x00000000de3fa848,0x00000000de500000)
  to   space 8704K, 0% used [0x00000000e3200000,0x00000000e3200000,0x00000000e3a80000)
 ParOldGen       total 87552K, used 6831K [0x0000000081800000, 0x0000000086d80000, 0x00000000d5d80000)
  object space 87552K, 7% used [0x0000000081800000,0x0000000081eabfc0,0x0000000086d80000)
 Metaspace       used 20839K, capacity 21178K, committed 21248K, reserved 1069056K
  class space    used 2405K, capacity 2524K, committed 2560K, reserved 1048576K
}
Event: 6.617 GC heap before
{Heap before GC invocations=10 (full 1):
 PSYoungGen      total 138752K, used 7146K [0x00000000d5d80000, 0x00000000e3a80000, 0x0000000100000000)
  eden space 130560K, 0% used [0x00000000d5d80000,0x00000000d5d80000,0x00000000ddd00000)
  from space 8192K, 87% used [0x00000000ddd00000,0x00000000de3fa848,0x00000000de500000)
  to   space 8704K, 0% used [0x00000000e3200000,0x00000000e3200000,0x00000000e3a80000)
 ParOldGen       total 87552K, used 6831K [0x0000000081800000, 0x0000000086d80000, 0x00000000d5d80000)
  object space 87552K, 7% used [0x0000000081800000,0x0000000081eabfc0,0x0000000086d80000)
 Metaspace       used 20839K, capacity 21178K, committed 21248K, reserved 1069056K
  class space    used 2405K, capacity 2524K, committed 2560K, reserved 1048576K
Event: 6.732 GC heap after
Heap after GC invocations=10 (full 1):
 PSYoungGen      total 138752K, used 0K [0x00000000d5d80000, 0x00000000e3a80000, 0x0000000100000000)
  eden space 130560K, 0% used [0x00000000d5d80000,0x00000000d5d80000,0x00000000ddd00000)
  from space 8192K, 0% used [0x00000000ddd00000,0x00000000ddd00000,0x00000000de500000)
  to   space 8704K, 0% used [0x00000000e3200000,0x00000000e3200000,0x00000000e3a80000)
 ParOldGen       total 65536K, used 12837K [0x0000000081800000, 0x0000000085800000, 0x00000000d5d80000)
  object space 65536K, 19% used [0x0000000081800000,0x0000000082489680,0x0000000085800000)
 Metaspace       used 20839K, capacity 21178K, committed 21248K, reserved 1069056K
  class space    used 2405K, capacity 2524K, committed 2560K, reserved 1048576K
}

