# JRE version: Java(TM) SE Runtime Environment (8.0_60-b27) (build 1.8.0_60-b27)
# Java VM: Java HotSpot(TM) 64-Bit Server VM (25.60-b23 mixed mode windows-amd64 compressed oops)
Heap:
 PSYoungGen      total 275968K, used 193536K [0x00000000d5d80000, 0x00000000e7880000, 0x0000000100000000)
  eden space 265216K, 72% used [0x00000000d5d80000,0x00000000e1a80298,0x00000000e6080000)
  from space 10752K, 0% used [0x00000000e6c00000,0x00000000e6c00000,0x00000000e7680000)
  to   space 11776K, 0% used [0x00000000e6080000,0x00000000e6080000,0x00000000e6c00000)
 ParOldGen       total 65536K, used 12841K [0x0000000081800000, 0x0000000085800000, 0x00000000d5d80000)
  object space 65536K, 19% used [0x0000000081800000,0x000000008248a710,0x0000000085800000)
 Metaspace       used 26996K, capacity 27866K, committed 28032K, reserved 1073152K
  class space    used 3251K, capacity 3414K, committed 3456K, reserved 1048576K
GC Heap History (10 events):
Event: 2.395 GC heap before
{Heap before GC invocations=3 (full 0):
 PSYoungGen      total 71680K, used 69930K [0x00000000d5d80000, 0x00000000da880000, 0x0000000100000000)
  eden space 66560K, 100% used [0x00000000d5d80000,0x00000000d9e80000,0x00000000d9e80000)
  from space 5120K, 65% used [0x00000000da380000,0x00000000da6cab30,0x00000000da880000)
  to   space 5120K, 0% used [0x00000000d9e80000,0x00000000d9e80000,0x00000000da380000)
 ParOldGen       total 87552K, used 24K [0x0000000081800000, 0x0000000086d80000, 0x00000000d5d80000)
  object space 87552K, 0% used [0x0000000081800000,0x0000000081806000,0x0000000086d80000)
 Metaspace       used 12461K, capacity 12706K, committed 12800K, reserved 1060864K
  class space    used 1395K, capacity 1462K, committed 1536K, reserved 1048576K
Event: 2.401 GC heap after
Heap after GC invocations=3 (full 0):
 PSYoungGen      total 71680K, used 4909K [0x00000000d5d80000, 0x00000000de980000, 0x0000000100000000)
  eden space 66560K, 0% used [0x00000000d5d80000,0x00000000d5d80000,0x00000000d9e80000)
  from space 5120K, 95% used [0x00000000d9e80000,0x00000000da34b528,0x00000000da380000)
  to   space 5120K, 0% used [0x00000000de480000,0x00000000de480000,0x00000000de980000)
 ParOldGen       total 87552K, used 32K [0x0000000081800000, 0x0000000086d80000, 0x00000000d5d80000)
  object space 87552K, 0% used [0x0000000081800000,0x0000000081808000,0x0000000086d80000)
 Metaspace       used 12461K, capacity 12706K, committed 12800K, reserved 1060864K
  class space    used 1395K, capacity 1462K, committed 1536K, reserved 1048576K
}
Event: 2.984 GC heap before
{Heap before GC invocations=4 (full 0):
 PSYoungGen      total 71680K, used 71469K [0x00000000d5d80000, 0x00000000de980000, 0x0000000100000000)
  eden space 66560K, 100% used [0x00000000d5d80000,0x00000000d9e80000,0x00000000d9e80000)
  from space 5120K, 95% used [0x00000000d9e80000,0x00000000da34b528,0x00000000da380000)
  to   space 5120K, 0% used [0x00000000de480000,0x00000000de480000,0x00000000de980000)
 ParOldGen       total 87552K, used 32K [0x0000000081800000, 0x0000000086d80000, 0x00000000d5d80000)
  object space 87552K, 0% used [0x0000000081800000,0x0000000081808000,0x0000000086d80000)
 Metaspace       used 12499K, capacity 12724K, committed 12800K, reserved 1060864K
  class space    used 1397K, capacity 1465K, committed 1536K, reserved 1048576K
Event: 2.992 GC heap after
Heap after GC invocations=4 (full 0):
 PSYoungGen      total 138240K, used 5099K [0x00000000d5d80000, 0x00000000de980000, 0x0000000100000000)
  eden space 133120K, 0% used [0x00000000d5d80000,0x00000000d5d80000,0x00000000ddf80000)
  from space 5120K, 99% used [0x00000000de480000,0x00000000de97adf8,0x00000000de980000)
  to   space 5120K, 0% used [0x00000000ddf80000,0x00000000ddf80000,0x00000000de480000)
 ParOldGen       total 87552K, used 1051K [0x0000000081800000, 0x0000000086d80000, 0x00000000d5d80000)
  object space 87552K, 1% used [0x0000000081800000,0x0000000081906d58,0x0000000086d80000)
 Metaspace       used 12499K, capacity 12724K, committed 12800K, reserved 1060864K
  class space    used 1397K, capacity 1465K, committed 1536K, reserved 1048576K
}
Event: 4.392 GC heap before
{Heap before GC invocations=5 (full 0):
 PSYoungGen      total 138240K, used 138219K [0x00000000d5d80000, 0x00000000de980000, 0x0000000100000000)
  eden space 133120K, 100% used [0x00000000d5d80000,0x00000000ddf80000,0x00000000ddf80000)
  from space 5120K, 99% used [0x00000000de480000,0x00000000de97adf8,0x00000000de980000)
  to   space 5120K, 0% used [0x00000000ddf80000,0x00000000ddf80000,0x00000000de480000)
 ParOldGen       total 87552K, used 1051K [0x0000000081800000, 0x0000000086d80000, 0x00000000d5d80000)
  object space 87552K, 1% used [0x0000000081800000,0x0000000081906d58,0x0000000086d80000)
 Metaspace       used 16335K, capacity 16574K, committed 16768K, reserved 1064960K
  class space    used 1794K, capacity 1887K, committed 1920K, reserved 1048576K
Event: 4.417 GC heap after
Heap after GC invocations=5 (full 0):
 PSYoungGen      total 138240K, used 5103K [0x00000000d5d80000, 0x00000000e7680000, 0x0000000100000000)
  eden space 133120K, 0% used [0x00000000d5d80000,0x00000000d5d80000,0x00000000ddf80000)
  from space 5120K, 99% used [0x00000000ddf80000,0x00000000de47be58,0x00000000de480000)
  to   space 10752K, 0% used [0x00000000e6c00000,0x00000000e6c00000,0x00000000e7680000)
 ParOldGen       total 87552K, used 6946K [0x0000000081800000, 0x0000000086d80000, 0x00000000d5d80000)
  object space 87552K, 7% used [0x0000000081800000,0x0000000081ec8910,0x0000000086d80000)
 Metaspace       used 16335K, capacity 16574K, committed 16768K, reserved 1064960K
  class space    used 1794K, capacity 1887K, committed 1920K, reserved 1048576K
}
Event: 5.006 GC heap before
{Heap before GC invocations=6 (full 0):
 PSYoungGen      total 138240K, used 39403K [0x00000000d5d80000, 0x00000000e7680000, 0x0000000100000000)
  eden space 133120K, 25% used [0x00000000d5d80000,0x00000000d7efedc0,0x00000000ddf80000)
  from space 5120K, 99% used [0x00000000ddf80000,0x00000000de47be58,0x00000000de480000)
  to   space 10752K, 0% used [0x00000000e6c00000,0x00000000e6c00000,0x00000000e7680000)
 ParOldGen       total 87552K, used 6946K [0x0000000081800000, 0x0000000086d80000, 0x00000000d5d80000)
  object space 87552K, 7% used [0x0000000081800000,0x0000000081ec8910,0x0000000086d80000)
 Metaspace       used 20797K, capacity 21178K, committed 21248K, reserved 1069056K
  class space    used 2405K, capacity 2524K, committed 2560K, reserved 1048576K
Event: 5.018 GC heap after
Heap after GC invocations=6 (full 0):
 PSYoungGen      total 275968K, used 8373K [0x00000000d5d80000, 0x00000000e7880000, 0x0000000100000000)
  eden space 265216K, 0% used [0x00000000d5d80000,0x00000000d5d80000,0x00000000e6080000)
  from space 10752K, 77% used [0x00000000e6c00000,0x00000000e742d768,0x00000000e7680000)
  to   space 11776K, 0% used [0x00000000e6080000,0x00000000e6080000,0x00000000e6c00000)
 ParOldGen       total 87552K, used 6954K [0x0000000081800000, 0x0000000086d80000, 0x00000000d5d80000)
  object space 87552K, 7% used [0x0000000081800000,0x0000000081eca910,0x0000000086d80000)
 Metaspace       used 20797K, capacity 21178K, committed 21248K, reserved 1069056K
  class space    used 2405K, capacity 2524K, committed 2560K, reserved 1048576K
}
Event: 5.018 GC heap before
{Heap before GC invocations=7 (full 1):
 PSYoungGen      total 275968K, used 8373K [0x00000000d5d80000, 0x00000000e7880000, 0x0000000100000000)
  eden space 265216K, 0% used [0x00000000d5d80000,0x00000000d5d80000,0x00000000e6080000)
  from space 10752K, 77% used [0x00000000e6c00000,0x00000000e742d768,0x00000000e7680000)
  to   space 11776K, 0% used [0x00000000e6080000,0x00000000e6080000,0x00000000e6c00000)
 ParOldGen       total 87552K, used 6954K [0x0000000081800000, 0x0000000086d80000, 0x00000000d5d80000)
  object space 87552K, 7% used [0x0000000081800000,0x0000000081eca910,0x0000000086d80000)
 Metaspace       used 20797K, capacity 21178K, committed 21248K, reserved 1069056K
  class space    used 2405K, capacity 2524K, committed 2560K, reserved 1048576K
Event: 5.080 GC heap after
Heap after GC invocations=7 (full 1):
 PSYoungGen      total 275968K, used 0K [0x00000000d5d80000, 0x00000000e7880000, 0x0000000100000000)
  eden space 265216K, 0% used [0x00000000d5d80000,0x00000000d5d80000,0x00000000e6080000)
  from space 10752K, 0% used [0x00000000e6c00000,0x00000000e6c00000,0x00000000e7680000)
  to   space 11776K, 0% used [0x00000000e6080000,0x00000000e6080000,0x00000000e6c00000)
 ParOldGen       total 65536K, used 12841K [0x0000000081800000, 0x0000000085800000, 0x00000000d5d80000)
  object space 65536K, 19% used [0x0000000081800000,0x000000008248a710,0x0000000085800000)
 Metaspace       used 20797K, capacity 21178K, committed 21248K, reserved 1069056K
  class space    used 2405K, capacity 2524K, committed 2560K, reserved 1048576K
}

