# JRE version: Java(TM) SE Runtime Environment (8.0_60-b27) (build 1.8.0_60-b27)
# Java VM: Java HotSpot(TM) 64-Bit Server VM (25.60-b23 mixed mode windows-amd64 compressed oops)
Heap:
 PSYoungGen      total 275968K, used 212924K [0x00000000d5d80000, 0x00000000e7880000, 0x0000000100000000)
  eden space 265216K, 80% used [0x00000000d5d80000,0x00000000e2d6f168,0x00000000e6080000)
  from space 10752K, 0% used [0x00000000e6c00000,0x00000000e6c00000,0x00000000e7680000)
  to   space 11776K, 0% used [0x00000000e6080000,0x00000000e6080000,0x00000000e6c00000)
 ParOldGen       total 71168K, used 14720K [0x0000000081800000, 0x0000000085d80000, 0x00000000d5d80000)
  object space 71168K, 20% used [0x0000000081800000,0x0000000082660130,0x0000000085d80000)
 Metaspace       used 26781K, capacity 27490K, committed 27776K, reserved 1073152K
  class space    used 3180K, capacity 3329K, committed 3456K, reserved 1048576K
GC Heap History (10 events):
Event: 2.660 GC heap before
{Heap before GC invocations=3 (full 0):
 PSYoungGen      total 71680K, used 69930K [0x00000000d5d80000, 0x00000000da880000, 0x0000000100000000)
  eden space 66560K, 100% used [0x00000000d5d80000,0x00000000d9e80000,0x00000000d9e80000)
  from space 5120K, 65% used [0x00000000da380000,0x00000000da6cab50,0x00000000da880000)
  to   space 5120K, 0% used [0x00000000d9e80000,0x00000000d9e80000,0x00000000da380000)
 ParOldGen       total 87552K, used 24K [0x0000000081800000, 0x0000000086d80000, 0x00000000d5d80000)
  object space 87552K, 0% used [0x0000000081800000,0x0000000081806000,0x0000000086d80000)
 Metaspace       used 12455K, capacity 12700K, committed 12800K, reserved 1060864K
  class space    used 1391K, capacity 1461K, committed 1536K, reserved 1048576K
Event: 2.672 GC heap after
Heap after GC invocations=3 (full 0):
 PSYoungGen      total 71680K, used 4926K [0x00000000d5d80000, 0x00000000de980000, 0x0000000100000000)
  eden space 66560K, 0% used [0x00000000d5d80000,0x00000000d5d80000,0x00000000d9e80000)
  from space 5120K, 96% used [0x00000000d9e80000,0x00000000da34f9a0,0x00000000da380000)
  to   space 5120K, 0% used [0x00000000de480000,0x00000000de480000,0x00000000de980000)
 ParOldGen       total 87552K, used 32K [0x0000000081800000, 0x0000000086d80000, 0x00000000d5d80000)
  object space 87552K, 0% used [0x0000000081800000,0x0000000081808000,0x0000000086d80000)
 Metaspace       used 12455K, capacity 12700K, committed 12800K, reserved 1060864K
  class space    used 1391K, capacity 1461K, committed 1536K, reserved 1048576K
}
Event: 3.376 GC heap before
{Heap before GC invocations=4 (full 0):
 PSYoungGen      total 71680K, used 71486K [0x00000000d5d80000, 0x00000000de980000, 0x0000000100000000)
  eden space 66560K, 100% used [0x00000000d5d80000,0x00000000d9e80000,0x00000000d9e80000)
  from space 5120K, 96% used [0x00000000d9e80000,0x00000000da34f9a0,0x00000000da380000)
  to   space 5120K, 0% used [0x00000000de480000,0x00000000de480000,0x00000000de980000)
 ParOldGen       total 87552K, used 32K [0x0000000081800000, 0x0000000086d80000, 0x00000000d5d80000)
  object space 87552K, 0% used [0x0000000081800000,0x0000000081808000,0x0000000086d80000)
 Metaspace       used 12506K, capacity 12724K, committed 12800K, reserved 1060864K
  class space    used 1394K, capacity 1465K, committed 1536K, reserved 1048576K
Event: 3.387 GC heap after
Heap after GC invocations=4 (full 0):
 PSYoungGen      total 138240K, used 5117K [0x00000000d5d80000, 0x00000000de980000, 0x0000000100000000)
  eden space 133120K, 0% used [0x00000000d5d80000,0x00000000d5d80000,0x00000000ddf80000)
  from space 5120K, 99% used [0x00000000de480000,0x00000000de97f5d0,0x00000000de980000)
  to   space 5120K, 0% used [0x00000000ddf80000,0x00000000ddf80000,0x00000000de480000)
 ParOldGen       total 87552K, used 995K [0x0000000081800000, 0x0000000086d80000, 0x00000000d5d80000)
  object space 87552K, 1% used [0x0000000081800000,0x00000000818f8c90,0x0000000086d80000)
 Metaspace       used 12506K, capacity 12724K, committed 12800K, reserved 1060864K
  class space    used 1394K, capacity 1465K, committed 1536K, reserved 1048576K
}
Event: 4.947 GC heap before
{Heap before GC invocations=5 (full 0):
 PSYoungGen      total 138240K, used 138237K [0x00000000d5d80000, 0x00000000de980000, 0x0000000100000000)
  eden space 133120K, 100% used [0x00000000d5d80000,0x00000000ddf80000,0x00000000ddf80000)
  from space 5120K, 99% used [0x00000000de480000,0x00000000de97f5d0,0x00000000de980000)
  to   space 5120K, 0% used [0x00000000ddf80000,0x00000000ddf80000,0x00000000de480000)
 ParOldGen       total 87552K, used 995K [0x0000000081800000, 0x0000000086d80000, 0x00000000d5d80000)
  object space 87552K, 1% used [0x0000000081800000,0x00000000818f8c90,0x0000000086d80000)
 Metaspace       used 16286K, capacity 16510K, committed 16768K, reserved 1064960K
  class space    used 1790K, capacity 1887K, committed 1920K, reserved 1048576K
Event: 4.964 GC heap after
Heap after GC invocations=5 (full 0):
 PSYoungGen      total 138240K, used 5116K [0x00000000d5d80000, 0x00000000e7680000, 0x0000000100000000)
  eden space 133120K, 0% used [0x00000000d5d80000,0x00000000d5d80000,0x00000000ddf80000)
  from space 5120K, 99% used [0x00000000ddf80000,0x00000000de47f370,0x00000000de480000)
  to   space 10752K, 0% used [0x00000000e6c00000,0x00000000e6c00000,0x00000000e7680000)
 ParOldGen       total 87552K, used 6986K [0x0000000081800000, 0x0000000086d80000, 0x00000000d5d80000)
  object space 87552K, 7% used [0x0000000081800000,0x0000000081ed2bb8,0x0000000086d80000)
 Metaspace       used 16286K, capacity 16510K, committed 16768K, reserved 1064960K
  class space    used 1790K, capacity 1887K, committed 1920K, reserved 1048576K
}
Event: 5.929 GC heap before
{Heap before GC invocations=6 (full 0):
 PSYoungGen      total 138240K, used 48061K [0x00000000d5d80000, 0x00000000e7680000, 0x0000000100000000)
  eden space 133120K, 32% used [0x00000000d5d80000,0x00000000d8770408,0x00000000ddf80000)
  from space 5120K, 99% used [0x00000000ddf80000,0x00000000de47f370,0x00000000de480000)
  to   space 10752K, 0% used [0x00000000e6c00000,0x00000000e6c00000,0x00000000e7680000)
 ParOldGen       total 87552K, used 6986K [0x0000000081800000, 0x0000000086d80000, 0x00000000d5d80000)
  object space 87552K, 7% used [0x0000000081800000,0x0000000081ed2bb8,0x0000000086d80000)
 Metaspace       used 20838K, capacity 21178K, committed 21248K, reserved 1069056K
  class space    used 2403K, capacity 2524K, committed 2560K, reserved 1048576K
Event: 5.945 GC heap after
Heap after GC invocations=6 (full 0):
 PSYoungGen      total 275968K, used 8387K [0x00000000d5d80000, 0x00000000e7880000, 0x0000000100000000)
  eden space 265216K, 0% used [0x00000000d5d80000,0x00000000d5d80000,0x00000000e6080000)
  from space 10752K, 78% used [0x00000000e6c00000,0x00000000e7430e98,0x00000000e7680000)
  to   space 11776K, 0% used [0x00000000e6080000,0x00000000e6080000,0x00000000e6c00000)
 ParOldGen       total 87552K, used 6994K [0x0000000081800000, 0x0000000086d80000, 0x00000000d5d80000)
  object space 87552K, 7% used [0x0000000081800000,0x0000000081ed4bb8,0x0000000086d80000)
 Metaspace       used 20838K, capacity 21178K, committed 21248K, reserved 1069056K
  class space    used 2403K, capacity 2524K, committed 2560K, reserved 1048576K
}
Event: 5.945 GC heap before
{Heap before GC invocations=7 (full 1):
 PSYoungGen      total 275968K, used 8387K [0x00000000d5d80000, 0x00000000e7880000, 0x0000000100000000)
  eden space 265216K, 0% used [0x00000000d5d80000,0x00000000d5d80000,0x00000000e6080000)
  from space 10752K, 78% used [0x00000000e6c00000,0x00000000e7430e98,0x00000000e7680000)
  to   space 11776K, 0% used [0x00000000e6080000,0x00000000e6080000,0x00000000e6c00000)
 ParOldGen       total 87552K, used 6994K [0x0000000081800000, 0x0000000086d80000, 0x00000000d5d80000)
  object space 87552K, 7% used [0x0000000081800000,0x0000000081ed4bb8,0x0000000086d80000)
 Metaspace       used 20838K, capacity 21178K, committed 21248K, reserved 1069056K
  class space    used 2403K, capacity 2524K, committed 2560K, reserved 1048576K
Event: 6.042 GC heap after
Heap after GC invocations=7 (full 1):
 PSYoungGen      total 275968K, used 0K [0x00000000d5d80000, 0x00000000e7880000, 0x0000000100000000)
  eden space 265216K, 0% used [0x00000000d5d80000,0x00000000d5d80000,0x00000000e6080000)
  from space 10752K, 0% used [0x00000000e6c00000,0x00000000e6c00000,0x00000000e7680000)
  to   space 11776K, 0% used [0x00000000e6080000,0x00000000e6080000,0x00000000e6c00000)
 ParOldGen       total 71168K, used 14720K [0x0000000081800000, 0x0000000085d80000, 0x00000000d5d80000)
  object space 71168K, 20% used [0x0000000081800000,0x0000000082660130,0x0000000085d80000)
 Metaspace       used 20838K, capacity 21178K, committed 21248K, reserved 1069056K
  class space    used 2403K, capacity 2524K, committed 2560K, reserved 1048576K
}

