# JRE version: Java(TM) SE Runtime Environment (8.0_60-b27) (build 1.8.0_60-b27)
# Java VM: Java HotSpot(TM) 64-Bit Server VM (25.60-b23 mixed mode windows-amd64 compressed oops)
Heap:
 PSYoungGen      total 197632K, used 53368K [0x00000000d5d80000, 0x00000000e7600000, 0x0000000100000000)
  eden space 186368K, 22% used [0x00000000d5d80000,0x00000000d86b8f78,0x00000000e1380000)
  from space 11264K, 99% used [0x00000000e6b00000,0x00000000e75e52e0,0x00000000e7600000)
  to   space 13312K, 0% used [0x00000000e5c00000,0x00000000e5c00000,0x00000000e6900000)
 ParOldGen       total 69632K, used 26046K [0x0000000081800000, 0x0000000085c00000, 0x00000000d5d80000)
  object space 69632K, 37% used [0x0000000081800000,0x000000008316fb80,0x0000000085c00000)
 Metaspace       used 27029K, capacity 27882K, committed 28032K, reserved 1073152K
  class space    used 3240K, capacity 3379K, committed 3456K, reserved 1048576K
GC Heap History (10 events):
Event: 3.194 GC heap before
{Heap before GC invocations=5 (full 0):
 PSYoungGen      total 71680K, used 71389K [0x00000000d5d80000, 0x00000000da880000, 0x0000000100000000)
  eden space 66560K, 100% used [0x00000000d5d80000,0x00000000d9e80000,0x00000000d9e80000)
  from space 5120K, 94% used [0x00000000da380000,0x00000000da837528,0x00000000da880000)
  to   space 5120K, 0% used [0x00000000d9e80000,0x00000000d9e80000,0x00000000da380000)
 ParOldGen       total 87552K, used 104K [0x0000000081800000, 0x0000000086d80000, 0x00000000d5d80000)
  object space 87552K, 0% used [0x0000000081800000,0x000000008181a010,0x0000000086d80000)
 Metaspace       used 12491K, capacity 12724K, committed 12800K, reserved 1060864K
  class space    used 1398K, capacity 1465K, committed 1536K, reserved 1048576K
Event: 3.203 GC heap after
Heap after GC invocations=5 (full 0):
 PSYoungGen      total 71680K, used 5099K [0x00000000d5d80000, 0x00000000dec80000, 0x0000000100000000)
  eden space 66560K, 0% used [0x00000000d5d80000,0x00000000d5d80000,0x00000000d9e80000)
  from space 5120K, 99% used [0x00000000d9e80000,0x00000000da37add8,0x00000000da380000)
  to   space 6656K, 0% used [0x00000000de600000,0x00000000de600000,0x00000000dec80000)
 ParOldGen       total 87552K, used 1056K [0x0000000081800000, 0x0000000086d80000, 0x00000000d5d80000)
  object space 87552K, 1% used [0x0000000081800000,0x00000000819080f8,0x0000000086d80000)
 Metaspace       used 12491K, capacity 12724K, committed 12800K, reserved 1060864K
  class space    used 1398K, capacity 1465K, committed 1536K, reserved 1048576K
}
Event: 3.768 GC heap before
{Heap before GC invocations=6 (full 0):
 PSYoungGen      total 71680K, used 71659K [0x00000000d5d80000, 0x00000000dec80000, 0x0000000100000000)
  eden space 66560K, 100% used [0x00000000d5d80000,0x00000000d9e80000,0x00000000d9e80000)
  from space 5120K, 99% used [0x00000000d9e80000,0x00000000da37add8,0x00000000da380000)
  to   space 6656K, 0% used [0x00000000de600000,0x00000000de600000,0x00000000dec80000)
 ParOldGen       total 87552K, used 1056K [0x0000000081800000, 0x0000000086d80000, 0x00000000d5d80000)
  object space 87552K, 1% used [0x0000000081800000,0x00000000819080f8,0x0000000086d80000)
 Metaspace       used 12504K, capacity 12724K, committed 12800K, reserved 1060864K
  class space    used 1398K, capacity 1465K, committed 1536K, reserved 1048576K
Event: 3.784 GC heap after
Heap after GC invocations=6 (full 0):
 PSYoungGen      total 138752K, used 6415K [0x00000000d5d80000, 0x00000000dee80000, 0x0000000100000000)
  eden space 132096K, 0% used [0x00000000d5d80000,0x00000000d5d80000,0x00000000dde80000)
  from space 6656K, 96% used [0x00000000de600000,0x00000000dec43c38,0x00000000dec80000)
  to   space 7680K, 0% used [0x00000000dde80000,0x00000000dde80000,0x00000000de600000)
 ParOldGen       total 87552K, used 1064K [0x0000000081800000, 0x0000000086d80000, 0x00000000d5d80000)
  object space 87552K, 1% used [0x0000000081800000,0x000000008190a0f8,0x0000000086d80000)
 Metaspace       used 12504K, capacity 12724K, committed 12800K, reserved 1060864K
  class space    used 1398K, capacity 1465K, committed 1536K, reserved 1048576K
}
Event: 5.745 GC heap before
{Heap before GC invocations=7 (full 0):
 PSYoungGen      total 138752K, used 103964K [0x00000000d5d80000, 0x00000000dee80000, 0x0000000100000000)
  eden space 132096K, 73% used [0x00000000d5d80000,0x00000000dbcc3660,0x00000000dde80000)
  from space 6656K, 96% used [0x00000000de600000,0x00000000dec43c38,0x00000000dec80000)
  to   space 7680K, 0% used [0x00000000dde80000,0x00000000dde80000,0x00000000de600000)
 ParOldGen       total 87552K, used 1064K [0x0000000081800000, 0x0000000086d80000, 0x00000000d5d80000)
  object space 87552K, 1% used [0x0000000081800000,0x000000008190a0f8,0x0000000086d80000)
 Metaspace       used 20846K, capacity 21178K, committed 21248K, reserved 1069056K
  class space    used 2411K, capacity 2524K, committed 2560K, reserved 1048576K
Event: 5.768 GC heap after
Heap after GC invocations=7 (full 0):
 PSYoungGen      total 139776K, used 7679K [0x00000000d5d80000, 0x00000000e7680000, 0x0000000100000000)
  eden space 132096K, 0% used [0x00000000d5d80000,0x00000000d5d80000,0x00000000dde80000)
  from space 7680K, 99% used [0x00000000dde80000,0x00000000de5ffe48,0x00000000de600000)
  to   space 11776K, 0% used [0x00000000e6b00000,0x00000000e6b00000,0x00000000e7680000)
 ParOldGen       total 87552K, used 7282K [0x0000000081800000, 0x0000000086d80000, 0x00000000d5d80000)
  object space 87552K, 8% used [0x0000000081800000,0x0000000081f1c890,0x0000000086d80000)
 Metaspace       used 20846K, capacity 21178K, committed 21248K, reserved 1069056K
  class space    used 2411K, capacity 2524K, committed 2560K, reserved 1048576K
}
Event: 5.768 GC heap before
{Heap before GC invocations=8 (full 1):
 PSYoungGen      total 139776K, used 7679K [0x00000000d5d80000, 0x00000000e7680000, 0x0000000100000000)
  eden space 132096K, 0% used [0x00000000d5d80000,0x00000000d5d80000,0x00000000dde80000)
  from space 7680K, 99% used [0x00000000dde80000,0x00000000de5ffe48,0x00000000de600000)
  to   space 11776K, 0% used [0x00000000e6b00000,0x00000000e6b00000,0x00000000e7680000)
 ParOldGen       total 87552K, used 7282K [0x0000000081800000, 0x0000000086d80000, 0x00000000d5d80000)
  object space 87552K, 8% used [0x0000000081800000,0x0000000081f1c890,0x0000000086d80000)
 Metaspace       used 20846K, capacity 21178K, committed 21248K, reserved 1069056K
  class space    used 2411K, capacity 2524K, committed 2560K, reserved 1048576K
Event: 5.863 GC heap after
Heap after GC invocations=8 (full 1):
 PSYoungGen      total 139776K, used 0K [0x00000000d5d80000, 0x00000000e7680000, 0x0000000100000000)
  eden space 132096K, 0% used [0x00000000d5d80000,0x00000000d5d80000,0x00000000dde80000)
  from space 7680K, 0% used [0x00000000dde80000,0x00000000dde80000,0x00000000de600000)
  to   space 11776K, 0% used [0x00000000e6b00000,0x00000000e6b00000,0x00000000e7680000)
 ParOldGen       total 69632K, used 14570K [0x0000000081800000, 0x0000000085c00000, 0x00000000d5d80000)
  object space 69632K, 20% used [0x0000000081800000,0x000000008263aa28,0x0000000085c00000)
 Metaspace       used 20846K, capacity 21178K, committed 21248K, reserved 1069056K
  class space    used 2411K, capacity 2524K, committed 2560K, reserved 1048576K
}
Event: 16.340 GC heap before
{Heap before GC invocations=9 (full 1):
 PSYoungGen      total 139776K, used 132096K [0x00000000d5d80000, 0x00000000e7680000, 0x0000000100000000)
  eden space 132096K, 100% used [0x00000000d5d80000,0x00000000dde80000,0x00000000dde80000)
  from space 7680K, 0% used [0x00000000dde80000,0x00000000dde80000,0x00000000de600000)
  to   space 11776K, 0% used [0x00000000e6b00000,0x00000000e6b00000,0x00000000e7680000)
 ParOldGen       total 69632K, used 14570K [0x0000000081800000, 0x0000000085c00000, 0x00000000d5d80000)
  object space 69632K, 20% used [0x0000000081800000,0x000000008263aa28,0x0000000085c00000)
 Metaspace       used 26787K, capacity 27572K, committed 27776K, reserved 1073152K
  class space    used 3217K, capacity 3345K, committed 3456K, reserved 1048576K
Event: 16.352 GC heap after
Heap after GC invocations=9 (full 1):
 PSYoungGen      total 197632K, used 11156K [0x00000000d5d80000, 0x00000000e7600000, 0x0000000100000000)
  eden space 186368K, 0% used [0x00000000d5d80000,0x00000000d5d80000,0x00000000e1380000)
  from space 11264K, 99% used [0x00000000e6b00000,0x00000000e75e52e0,0x00000000e7600000)
  to   space 13312K, 0% used [0x00000000e5c00000,0x00000000e5c00000,0x00000000e6900000)
 ParOldGen       total 69632K, used 26046K [0x0000000081800000, 0x0000000085c00000, 0x00000000d5d80000)
  object space 69632K, 37% used [0x0000000081800000,0x000000008316fb80,0x0000000085c00000)
 Metaspace       used 26787K, capacity 27572K, committed 27776K, reserved 1073152K
  class space    used 3217K, capacity 3345K, committed 3456K, reserved 1048576K
}

