# JRE version: Java(TM) SE Runtime Environment (8.0_60-b27) (build 1.8.0_60-b27)
# Java VM: Java HotSpot(TM) 64-Bit Server VM (25.60-b23 mixed mode windows-amd64 compressed oops)
Heap:
 PSYoungGen      total 229888K, used 172325K [0x00000000d5d80000, 0x00000000e6c80000, 0x0000000100000000)
  eden space 220160K, 73% used [0x00000000d5d80000,0x00000000dfc90808,0x00000000e3480000)
  from space 9728K, 97% used [0x00000000e5d00000,0x00000000e6638d90,0x00000000e6680000)
  to   space 6144K, 0% used [0x00000000e6680000,0x00000000e6680000,0x00000000e6c80000)
 ParOldGen       total 71168K, used 19870K [0x0000000081800000, 0x0000000085d80000, 0x00000000d5d80000)
  object space 71168K, 27% used [0x0000000081800000,0x0000000082b679f0,0x0000000085d80000)
 Metaspace       used 28929K, capacity 30184K, committed 30208K, reserved 1075200K
  class space    used 3399K, capacity 3565K, committed 3584K, reserved 1048576K
GC Heap History (10 events):
Event: 3.994 GC heap before
{Heap before GC invocations=6 (full 0):
 PSYoungGen      total 71680K, used 71650K [0x00000000d5d80000, 0x00000000dec80000, 0x0000000100000000)
  eden space 66560K, 100% used [0x00000000d5d80000,0x00000000d9e80000,0x00000000d9e80000)
  from space 5120K, 99% used [0x00000000d9e80000,0x00000000da3789f8,0x00000000da380000)
  to   space 6656K, 0% used [0x00000000de600000,0x00000000de600000,0x00000000dec80000)
 ParOldGen       total 87552K, used 1035K [0x0000000081800000, 0x0000000086d80000, 0x00000000d5d80000)
  object space 87552K, 1% used [0x0000000081800000,0x0000000081902e00,0x0000000086d80000)
 Metaspace       used 12526K, capacity 12788K, committed 13056K, reserved 1060864K
  class space    used 1395K, capacity 1465K, committed 1536K, reserved 1048576K
Event: 4.007 GC heap after
Heap after GC invocations=6 (full 0):
 PSYoungGen      total 139264K, used 6446K [0x00000000d5d80000, 0x00000000ded80000, 0x0000000100000000)
  eden space 132608K, 0% used [0x00000000d5d80000,0x00000000d5d80000,0x00000000ddf00000)
  from space 6656K, 96% used [0x00000000de600000,0x00000000dec4bb50,0x00000000dec80000)
  to   space 7168K, 0% used [0x00000000ddf00000,0x00000000ddf00000,0x00000000de600000)
 ParOldGen       total 87552K, used 1043K [0x0000000081800000, 0x0000000086d80000, 0x00000000d5d80000)
  object space 87552K, 1% used [0x0000000081800000,0x0000000081904e00,0x0000000086d80000)
 Metaspace       used 12526K, capacity 12788K, committed 13056K, reserved 1060864K
  class space    used 1395K, capacity 1465K, committed 1536K, reserved 1048576K
}
Event: 5.955 GC heap before
{Heap before GC invocations=7 (full 0):
 PSYoungGen      total 139264K, used 130333K [0x00000000d5d80000, 0x00000000ded80000, 0x0000000100000000)
  eden space 132608K, 93% used [0x00000000d5d80000,0x00000000dd67b918,0x00000000ddf00000)
  from space 6656K, 96% used [0x00000000de600000,0x00000000dec4bb50,0x00000000dec80000)
  to   space 7168K, 0% used [0x00000000ddf00000,0x00000000ddf00000,0x00000000de600000)
 ParOldGen       total 87552K, used 1043K [0x0000000081800000, 0x0000000086d80000, 0x00000000d5d80000)
  object space 87552K, 1% used [0x0000000081800000,0x0000000081904e00,0x0000000086d80000)
 Metaspace       used 20784K, capacity 21166K, committed 21248K, reserved 1069056K
  class space    used 2401K, capacity 2522K, committed 2560K, reserved 1048576K
Event: 5.984 GC heap after
Heap after GC invocations=7 (full 0):
 PSYoungGen      total 139776K, used 7148K [0x00000000d5d80000, 0x00000000e7780000, 0x0000000100000000)
  eden space 132608K, 0% used [0x00000000d5d80000,0x00000000d5d80000,0x00000000ddf00000)
  from space 7168K, 99% used [0x00000000ddf00000,0x00000000de5fb220,0x00000000de600000)
  to   space 11776K, 0% used [0x00000000e6c00000,0x00000000e6c00000,0x00000000e7780000)
 ParOldGen       total 87552K, used 8156K [0x0000000081800000, 0x0000000086d80000, 0x00000000d5d80000)
  object space 87552K, 9% used [0x0000000081800000,0x0000000081ff73d0,0x0000000086d80000)
 Metaspace       used 20784K, capacity 21166K, committed 21248K, reserved 1069056K
  class space    used 2401K, capacity 2522K, committed 2560K, reserved 1048576K
}
Event: 5.984 GC heap before
{Heap before GC invocations=8 (full 1):
 PSYoungGen      total 139776K, used 7148K [0x00000000d5d80000, 0x00000000e7780000, 0x0000000100000000)
  eden space 132608K, 0% used [0x00000000d5d80000,0x00000000d5d80000,0x00000000ddf00000)
  from space 7168K, 99% used [0x00000000ddf00000,0x00000000de5fb220,0x00000000de600000)
  to   space 11776K, 0% used [0x00000000e6c00000,0x00000000e6c00000,0x00000000e7780000)
 ParOldGen       total 87552K, used 8156K [0x0000000081800000, 0x0000000086d80000, 0x00000000d5d80000)
  object space 87552K, 9% used [0x0000000081800000,0x0000000081ff73d0,0x0000000086d80000)
 Metaspace       used 20784K, capacity 21166K, committed 21248K, reserved 1069056K
  class space    used 2401K, capacity 2522K, committed 2560K, reserved 1048576K
Event: 6.108 GC heap after
Heap after GC invocations=8 (full 1):
 PSYoungGen      total 139776K, used 0K [0x00000000d5d80000, 0x00000000e7780000, 0x0000000100000000)
  eden space 132608K, 0% used [0x00000000d5d80000,0x00000000d5d80000,0x00000000ddf00000)
  from space 7168K, 0% used [0x00000000ddf00000,0x00000000ddf00000,0x00000000de600000)
  to   space 11776K, 0% used [0x00000000e6c00000,0x00000000e6c00000,0x00000000e7780000)
 ParOldGen       total 71168K, used 14897K [0x0000000081800000, 0x0000000085d80000, 0x00000000d5d80000)
  object space 71168K, 20% used [0x0000000081800000,0x000000008268c4f0,0x0000000085d80000)
 Metaspace       used 20784K, capacity 21166K, committed 21248K, reserved 1069056K
  class space    used 2401K, capacity 2522K, committed 2560K, reserved 1048576K
}
Event: 16.972 GC heap before
{Heap before GC invocations=9 (full 1):
 PSYoungGen      total 139776K, used 132608K [0x00000000d5d80000, 0x00000000e7780000, 0x0000000100000000)
  eden space 132608K, 100% used [0x00000000d5d80000,0x00000000ddf00000,0x00000000ddf00000)
  from space 7168K, 0% used [0x00000000ddf00000,0x00000000ddf00000,0x00000000de600000)
  to   space 11776K, 0% used [0x00000000e6c00000,0x00000000e6c00000,0x00000000e7780000)
 ParOldGen       total 71168K, used 14897K [0x0000000081800000, 0x0000000085d80000, 0x00000000d5d80000)
  object space 71168K, 20% used [0x0000000081800000,0x000000008268c4f0,0x0000000085d80000)
 Metaspace       used 26236K, capacity 27022K, committed 27136K, reserved 1073152K
  class space    used 3090K, capacity 3248K, committed 3328K, reserved 1048576K
Event: 16.985 GC heap after
Heap after GC invocations=9 (full 1):
 PSYoungGen      total 194560K, used 9863K [0x00000000d5d80000, 0x00000000e7600000, 0x0000000100000000)
  eden space 184320K, 0% used [0x00000000d5d80000,0x00000000d5d80000,0x00000000e1180000)
  from space 10240K, 96% used [0x00000000e6c00000,0x00000000e75a1fb0,0x00000000e7600000)
  to   space 12800K, 0% used [0x00000000e5d00000,0x00000000e5d00000,0x00000000e6980000)
 ParOldGen       total 71168K, used 19862K [0x0000000081800000, 0x0000000085d80000, 0x00000000d5d80000)
  object space 71168K, 27% used [0x0000000081800000,0x0000000082b659f0,0x0000000085d80000)
 Metaspace       used 26236K, capacity 27022K, committed 27136K, reserved 1073152K
  class space    used 3090K, capacity 3248K, committed 3328K, reserved 1048576K
}
Event: 241.104 GC heap before
{Heap before GC invocations=10 (full 1):
 PSYoungGen      total 194560K, used 194183K [0x00000000d5d80000, 0x00000000e7600000, 0x0000000100000000)
  eden space 184320K, 100% used [0x00000000d5d80000,0x00000000e1180000,0x00000000e1180000)
  from space 10240K, 96% used [0x00000000e6c00000,0x00000000e75a1fb0,0x00000000e7600000)
  to   space 12800K, 0% used [0x00000000e5d00000,0x00000000e5d00000,0x00000000e6980000)
 ParOldGen       total 71168K, used 19862K [0x0000000081800000, 0x0000000085d80000, 0x00000000d5d80000)
  object space 71168K, 27% used [0x0000000081800000,0x0000000082b659f0,0x0000000085d80000)
 Metaspace       used 28155K, capacity 29246K, committed 29440K, reserved 1075200K
  class space    used 3303K, capacity 3460K, committed 3584K, reserved 1048576K
Event: 241.115 GC heap after
Heap after GC invocations=10 (full 1):
 PSYoungGen      total 229888K, used 9443K [0x00000000d5d80000, 0x00000000e6c80000, 0x0000000100000000)
  eden space 220160K, 0% used [0x00000000d5d80000,0x00000000d5d80000,0x00000000e3480000)
  from space 9728K, 97% used [0x00000000e5d00000,0x00000000e6638d90,0x00000000e6680000)
  to   space 6144K, 0% used [0x00000000e6680000,0x00000000e6680000,0x00000000e6c80000)
 ParOldGen       total 71168K, used 19870K [0x0000000081800000, 0x0000000085d80000, 0x00000000d5d80000)
  object space 71168K, 27% used [0x0000000081800000,0x0000000082b679f0,0x0000000085d80000)
 Metaspace       used 28155K, capacity 29246K, committed 29440K, reserved 1075200K
  class space    used 3303K, capacity 3460K, committed 3584K, reserved 1048576K
}

