# JRE version: Java(TM) SE Runtime Environment (8.0_60-b27) (build 1.8.0_60-b27)
# Java VM: Java HotSpot(TM) 64-Bit Server VM (25.60-b23 mixed mode windows-amd64 compressed oops)
Heap:
 PSYoungGen      total 199168K, used 104199K [0x00000000d5d80000, 0x00000000e7680000, 0x0000000100000000)
  eden space 187392K, 49% used [0x00000000d5d80000,0x00000000db7c2c80,0x00000000e1480000)
  from space 11776K, 99% used [0x00000000e6b00000,0x00000000e767f280,0x00000000e7680000)
  to   space 13824K, 0% used [0x00000000e5b80000,0x00000000e5b80000,0x00000000e6900000)
 ParOldGen       total 69120K, used 14727K [0x0000000081800000, 0x0000000085b80000, 0x00000000d5d80000)
  object space 69120K, 21% used [0x0000000081800000,0x0000000082661c10,0x0000000085b80000)
 Metaspace       used 27485K, capacity 28394K, committed 28544K, reserved 1075200K
  class space    used 3216K, capacity 3339K, committed 3456K, reserved 1048576K
GC Heap History (10 events):
Event: 3.469 GC heap before
{Heap before GC invocations=5 (full 0):
 PSYoungGen      total 71680K, used 71438K [0x00000000d5d80000, 0x00000000da880000, 0x0000000100000000)
  eden space 66560K, 100% used [0x00000000d5d80000,0x00000000d9e80000,0x00000000d9e80000)
  from space 5120K, 95% used [0x00000000da380000,0x00000000da843970,0x00000000da880000)
  to   space 5120K, 0% used [0x00000000d9e80000,0x00000000d9e80000,0x00000000da380000)
 ParOldGen       total 87552K, used 24K [0x0000000081800000, 0x0000000086d80000, 0x00000000d5d80000)
  object space 87552K, 0% used [0x0000000081800000,0x0000000081806000,0x0000000086d80000)
 Metaspace       used 12522K, capacity 12788K, committed 13056K, reserved 1060864K
  class space    used 1395K, capacity 1465K, committed 1536K, reserved 1048576K
Event: 3.478 GC heap after
Heap after GC invocations=5 (full 0):
 PSYoungGen      total 71680K, used 5090K [0x00000000d5d80000, 0x00000000dec80000, 0x0000000100000000)
  eden space 66560K, 0% used [0x00000000d5d80000,0x00000000d5d80000,0x00000000d9e80000)
  from space 5120K, 99% used [0x00000000d9e80000,0x00000000da378a08,0x00000000da380000)
  to   space 6656K, 0% used [0x00000000de600000,0x00000000de600000,0x00000000dec80000)
 ParOldGen       total 87552K, used 1065K [0x0000000081800000, 0x0000000086d80000, 0x00000000d5d80000)
  object space 87552K, 1% used [0x0000000081800000,0x000000008190a7a0,0x0000000086d80000)
 Metaspace       used 12522K, capacity 12788K, committed 13056K, reserved 1060864K
  class space    used 1395K, capacity 1465K, committed 1536K, reserved 1048576K
}
Event: 3.885 GC heap before
{Heap before GC invocations=6 (full 0):
 PSYoungGen      total 71680K, used 71650K [0x00000000d5d80000, 0x00000000dec80000, 0x0000000100000000)
  eden space 66560K, 100% used [0x00000000d5d80000,0x00000000d9e80000,0x00000000d9e80000)
  from space 5120K, 99% used [0x00000000d9e80000,0x00000000da378a08,0x00000000da380000)
  to   space 6656K, 0% used [0x00000000de600000,0x00000000de600000,0x00000000dec80000)
 ParOldGen       total 87552K, used 1065K [0x0000000081800000, 0x0000000086d80000, 0x00000000d5d80000)
  object space 87552K, 1% used [0x0000000081800000,0x000000008190a7a0,0x0000000086d80000)
 Metaspace       used 12527K, capacity 12788K, committed 13056K, reserved 1060864K
  class space    used 1395K, capacity 1465K, committed 1536K, reserved 1048576K
Event: 3.898 GC heap after
Heap after GC invocations=6 (full 0):
 PSYoungGen      total 138752K, used 6347K [0x00000000d5d80000, 0x00000000dee80000, 0x0000000100000000)
  eden space 132096K, 0% used [0x00000000d5d80000,0x00000000d5d80000,0x00000000dde80000)
  from space 6656K, 95% used [0x00000000de600000,0x00000000dec32de8,0x00000000dec80000)
  to   space 7680K, 0% used [0x00000000dde80000,0x00000000dde80000,0x00000000de600000)
 ParOldGen       total 87552K, used 1073K [0x0000000081800000, 0x0000000086d80000, 0x00000000d5d80000)
  object space 87552K, 1% used [0x0000000081800000,0x000000008190c7a0,0x0000000086d80000)
 Metaspace       used 12527K, capacity 12788K, committed 13056K, reserved 1060864K
  class space    used 1395K, capacity 1465K, committed 1536K, reserved 1048576K
}
Event: 5.728 GC heap before
{Heap before GC invocations=7 (full 0):
 PSYoungGen      total 138752K, used 115028K [0x00000000d5d80000, 0x00000000dee80000, 0x0000000100000000)
  eden space 132096K, 82% used [0x00000000d5d80000,0x00000000dc7a2388,0x00000000dde80000)
  from space 6656K, 95% used [0x00000000de600000,0x00000000dec32de8,0x00000000dec80000)
  to   space 7680K, 0% used [0x00000000dde80000,0x00000000dde80000,0x00000000de600000)
 ParOldGen       total 87552K, used 1073K [0x0000000081800000, 0x0000000086d80000, 0x00000000d5d80000)
  object space 87552K, 1% used [0x0000000081800000,0x000000008190c7a0,0x0000000086d80000)
 Metaspace       used 20833K, capacity 21178K, committed 21248K, reserved 1069056K
  class space    used 2403K, capacity 2524K, committed 2560K, reserved 1048576K
Event: 5.752 GC heap after
Heap after GC invocations=7 (full 0):
 PSYoungGen      total 139776K, used 7675K [0x00000000d5d80000, 0x00000000e7680000, 0x0000000100000000)
  eden space 132096K, 0% used [0x00000000d5d80000,0x00000000d5d80000,0x00000000dde80000)
  from space 7680K, 99% used [0x00000000dde80000,0x00000000de5fedc8,0x00000000de600000)
  to   space 11776K, 0% used [0x00000000e6b00000,0x00000000e6b00000,0x00000000e7680000)
 ParOldGen       total 87552K, used 7391K [0x0000000081800000, 0x0000000086d80000, 0x00000000d5d80000)
  object space 87552K, 8% used [0x0000000081800000,0x0000000081f37ea8,0x0000000086d80000)
 Metaspace       used 20833K, capacity 21178K, committed 21248K, reserved 1069056K
  class space    used 2403K, capacity 2524K, committed 2560K, reserved 1048576K
}
Event: 5.752 GC heap before
{Heap before GC invocations=8 (full 1):
 PSYoungGen      total 139776K, used 7675K [0x00000000d5d80000, 0x00000000e7680000, 0x0000000100000000)
  eden space 132096K, 0% used [0x00000000d5d80000,0x00000000d5d80000,0x00000000dde80000)
  from space 7680K, 99% used [0x00000000dde80000,0x00000000de5fedc8,0x00000000de600000)
  to   space 11776K, 0% used [0x00000000e6b00000,0x00000000e6b00000,0x00000000e7680000)
 ParOldGen       total 87552K, used 7391K [0x0000000081800000, 0x0000000086d80000, 0x00000000d5d80000)
  object space 87552K, 8% used [0x0000000081800000,0x0000000081f37ea8,0x0000000086d80000)
 Metaspace       used 20833K, capacity 21178K, committed 21248K, reserved 1069056K
  class space    used 2403K, capacity 2524K, committed 2560K, reserved 1048576K
Event: 5.854 GC heap after
Heap after GC invocations=8 (full 1):
 PSYoungGen      total 139776K, used 0K [0x00000000d5d80000, 0x00000000e7680000, 0x0000000100000000)
  eden space 132096K, 0% used [0x00000000d5d80000,0x00000000d5d80000,0x00000000dde80000)
  from space 7680K, 0% used [0x00000000dde80000,0x00000000dde80000,0x00000000de600000)
  to   space 11776K, 0% used [0x00000000e6b00000,0x00000000e6b00000,0x00000000e7680000)
 ParOldGen       total 69120K, used 14703K [0x0000000081800000, 0x0000000085b80000, 0x00000000d5d80000)
  object space 69120K, 21% used [0x0000000081800000,0x000000008265bf30,0x0000000085b80000)
 Metaspace       used 20833K, capacity 21178K, committed 21248K, reserved 1069056K
  class space    used 2403K, capacity 2524K, committed 2560K, reserved 1048576K
}
Event: 15.961 GC heap before
{Heap before GC invocations=9 (full 1):
 PSYoungGen      total 139776K, used 132096K [0x00000000d5d80000, 0x00000000e7680000, 0x0000000100000000)
  eden space 132096K, 100% used [0x00000000d5d80000,0x00000000dde80000,0x00000000dde80000)
  from space 7680K, 0% used [0x00000000dde80000,0x00000000dde80000,0x00000000de600000)
  to   space 11776K, 0% used [0x00000000e6b00000,0x00000000e6b00000,0x00000000e7680000)
 ParOldGen       total 69120K, used 14703K [0x0000000081800000, 0x0000000085b80000, 0x00000000d5d80000)
  object space 69120K, 21% used [0x0000000081800000,0x000000008265bfb8,0x0000000085b80000)
 Metaspace       used 26320K, capacity 27130K, committed 27392K, reserved 1073152K
  class space    used 3072K, capacity 3218K, committed 3328K, reserved 1048576K
Event: 15.975 GC heap after
Heap after GC invocations=9 (full 1):
 PSYoungGen      total 199168K, used 11772K [0x00000000d5d80000, 0x00000000e7680000, 0x0000000100000000)
  eden space 187392K, 0% used [0x00000000d5d80000,0x00000000d5d80000,0x00000000e1480000)
  from space 11776K, 99% used [0x00000000e6b00000,0x00000000e767f280,0x00000000e7680000)
  to   space 13824K, 0% used [0x00000000e5b80000,0x00000000e5b80000,0x00000000e6900000)
 ParOldGen       total 69120K, used 14727K [0x0000000081800000, 0x0000000085b80000, 0x00000000d5d80000)
  object space 69120K, 21% used [0x0000000081800000,0x0000000082661c10,0x0000000085b80000)
 Metaspace       used 26320K, capacity 27130K, committed 27392K, reserved 1073152K
  class space    used 3072K, capacity 3218K, committed 3328K, reserved 1048576K
}

