# JRE version: Java(TM) SE Runtime Environment (8.0_60-b27) (build 1.8.0_60-b27)
# Java VM: Java HotSpot(TM) 64-Bit Server VM (25.60-b23 mixed mode windows-amd64 compressed oops)
Heap:
 PSYoungGen      total 198656K, used 82292K [0x00000000d5d80000, 0x00000000e6f00000, 0x0000000100000000)
  eden space 189952K, 38% used [0x00000000d5d80000,0x00000000da59af40,0x00000000e1700000)
  from space 8704K, 97% used [0x00000000e6680000,0x00000000e6ec2148,0x00000000e6f00000)
  to   space 10752K, 0% used [0x00000000e5a00000,0x00000000e5a00000,0x00000000e6480000)
 ParOldGen       total 66048K, used 13555K [0x0000000081800000, 0x0000000085880000, 0x00000000d5d80000)
  object space 66048K, 20% used [0x0000000081800000,0x000000008253cf08,0x0000000085880000)
 Metaspace       used 28189K, capacity 29178K, committed 29440K, reserved 1075200K
  class space    used 3380K, capacity 3522K, committed 3584K, reserved 1048576K
GC Heap History (10 events):
Event: 4.064 GC heap before
{Heap before GC invocations=5 (full 0):
 PSYoungGen      total 71680K, used 71409K [0x00000000d5d80000, 0x00000000da880000, 0x0000000100000000)
  eden space 66560K, 100% used [0x00000000d5d80000,0x00000000d9e80000,0x00000000d9e80000)
  from space 5120K, 94% used [0x00000000da380000,0x00000000da83c510,0x00000000da880000)
  to   space 5120K, 0% used [0x00000000d9e80000,0x00000000d9e80000,0x00000000da380000)
 ParOldGen       total 87552K, used 104K [0x0000000081800000, 0x0000000086d80000, 0x00000000d5d80000)
  object space 87552K, 0% used [0x0000000081800000,0x000000008181a010,0x0000000086d80000)
 Metaspace       used 12521K, capacity 12782K, committed 13056K, reserved 1060864K
  class space    used 1396K, capacity 1464K, committed 1536K, reserved 1048576K
Event: 4.072 GC heap after
Heap after GC invocations=5 (full 0):
 PSYoungGen      total 71680K, used 5101K [0x00000000d5d80000, 0x00000000dec80000, 0x0000000100000000)
  eden space 66560K, 0% used [0x00000000d5d80000,0x00000000d5d80000,0x00000000d9e80000)
  from space 5120K, 99% used [0x00000000d9e80000,0x00000000da37b7b0,0x00000000da380000)
  to   space 6656K, 0% used [0x00000000de600000,0x00000000de600000,0x00000000dec80000)
 ParOldGen       total 87552K, used 1074K [0x0000000081800000, 0x0000000086d80000, 0x00000000d5d80000)
  object space 87552K, 1% used [0x0000000081800000,0x000000008190c878,0x0000000086d80000)
 Metaspace       used 12521K, capacity 12782K, committed 13056K, reserved 1060864K
  class space    used 1396K, capacity 1464K, committed 1536K, reserved 1048576K
}
Event: 5.117 GC heap before
{Heap before GC invocations=6 (full 0):
 PSYoungGen      total 71680K, used 71661K [0x00000000d5d80000, 0x00000000dec80000, 0x0000000100000000)
  eden space 66560K, 100% used [0x00000000d5d80000,0x00000000d9e80000,0x00000000d9e80000)
  from space 5120K, 99% used [0x00000000d9e80000,0x00000000da37b7b0,0x00000000da380000)
  to   space 6656K, 0% used [0x00000000de600000,0x00000000de600000,0x00000000dec80000)
 ParOldGen       total 87552K, used 1074K [0x0000000081800000, 0x0000000086d80000, 0x00000000d5d80000)
  object space 87552K, 1% used [0x0000000081800000,0x000000008190c878,0x0000000086d80000)
 Metaspace       used 16285K, capacity 16504K, committed 16768K, reserved 1064960K
  class space    used 1791K, capacity 1886K, committed 1920K, reserved 1048576K
Event: 5.132 GC heap after
Heap after GC invocations=6 (full 0):
 PSYoungGen      total 137216K, used 6655K [0x00000000d5d80000, 0x00000000df180000, 0x0000000100000000)
  eden space 130560K, 0% used [0x00000000d5d80000,0x00000000d5d80000,0x00000000ddd00000)
  from space 6656K, 99% used [0x00000000de600000,0x00000000dec7fdd0,0x00000000dec80000)
  to   space 9216K, 0% used [0x00000000ddd00000,0x00000000ddd00000,0x00000000de600000)
 ParOldGen       total 87552K, used 4244K [0x0000000081800000, 0x0000000086d80000, 0x00000000d5d80000)
  object space 87552K, 4% used [0x0000000081800000,0x0000000081c250e8,0x0000000086d80000)
 Metaspace       used 16285K, capacity 16504K, committed 16768K, reserved 1064960K
  class space    used 1791K, capacity 1886K, committed 1920K, reserved 1048576K
}
Event: 5.944 GC heap before
{Heap before GC invocations=7 (full 0):
 PSYoungGen      total 137216K, used 46102K [0x00000000d5d80000, 0x00000000df180000, 0x0000000100000000)
  eden space 130560K, 30% used [0x00000000d5d80000,0x00000000d8405ca0,0x00000000ddd00000)
  from space 6656K, 99% used [0x00000000de600000,0x00000000dec7fdd0,0x00000000dec80000)
  to   space 9216K, 0% used [0x00000000ddd00000,0x00000000ddd00000,0x00000000de600000)
 ParOldGen       total 87552K, used 4244K [0x0000000081800000, 0x0000000086d80000, 0x00000000d5d80000)
  object space 87552K, 4% used [0x0000000081800000,0x0000000081c250e8,0x0000000086d80000)
 Metaspace       used 20819K, capacity 21172K, committed 21248K, reserved 1069056K
  class space    used 2403K, capacity 2523K, committed 2560K, reserved 1048576K
Event: 5.967 GC heap after
Heap after GC invocations=7 (full 0):
 PSYoungGen      total 139776K, used 7693K [0x00000000d5d80000, 0x00000000e7080000, 0x0000000100000000)
  eden space 130560K, 0% used [0x00000000d5d80000,0x00000000d5d80000,0x00000000ddd00000)
  from space 9216K, 83% used [0x00000000ddd00000,0x00000000de4834d8,0x00000000de600000)
  to   space 10240K, 0% used [0x00000000e6680000,0x00000000e6680000,0x00000000e7080000)
 ParOldGen       total 87552K, used 6317K [0x0000000081800000, 0x0000000086d80000, 0x00000000d5d80000)
  object space 87552K, 7% used [0x0000000081800000,0x0000000081e2b6e8,0x0000000086d80000)
 Metaspace       used 20819K, capacity 21172K, committed 21248K, reserved 1069056K
  class space    used 2403K, capacity 2523K, committed 2560K, reserved 1048576K
}
Event: 5.967 GC heap before
{Heap before GC invocations=8 (full 1):
 PSYoungGen      total 139776K, used 7693K [0x00000000d5d80000, 0x00000000e7080000, 0x0000000100000000)
  eden space 130560K, 0% used [0x00000000d5d80000,0x00000000d5d80000,0x00000000ddd00000)
  from space 9216K, 83% used [0x00000000ddd00000,0x00000000de4834d8,0x00000000de600000)
  to   space 10240K, 0% used [0x00000000e6680000,0x00000000e6680000,0x00000000e7080000)
 ParOldGen       total 87552K, used 6317K [0x0000000081800000, 0x0000000086d80000, 0x00000000d5d80000)
  object space 87552K, 7% used [0x0000000081800000,0x0000000081e2b6e8,0x0000000086d80000)
 Metaspace       used 20819K, capacity 21172K, committed 21248K, reserved 1069056K
  class space    used 2403K, capacity 2523K, committed 2560K, reserved 1048576K
Event: 6.059 GC heap after
Heap after GC invocations=8 (full 1):
 PSYoungGen      total 139776K, used 0K [0x00000000d5d80000, 0x00000000e7080000, 0x0000000100000000)
  eden space 130560K, 0% used [0x00000000d5d80000,0x00000000d5d80000,0x00000000ddd00000)
  from space 9216K, 0% used [0x00000000ddd00000,0x00000000ddd00000,0x00000000de600000)
  to   space 10240K, 0% used [0x00000000e6680000,0x00000000e6680000,0x00000000e7080000)
 ParOldGen       total 66048K, used 13547K [0x0000000081800000, 0x0000000085880000, 0x00000000d5d80000)
  object space 66048K, 20% used [0x0000000081800000,0x000000008253af08,0x0000000085880000)
 Metaspace       used 20819K, capacity 21172K, committed 21248K, reserved 1069056K
  class space    used 2403K, capacity 2523K, committed 2560K, reserved 1048576K
}
Event: 18.619 GC heap before
{Heap before GC invocations=9 (full 1):
 PSYoungGen      total 139776K, used 130560K [0x00000000d5d80000, 0x00000000e7080000, 0x0000000100000000)
  eden space 130560K, 100% used [0x00000000d5d80000,0x00000000ddd00000,0x00000000ddd00000)
  from space 9216K, 0% used [0x00000000ddd00000,0x00000000ddd00000,0x00000000de600000)
  to   space 10240K, 0% used [0x00000000e6680000,0x00000000e6680000,0x00000000e7080000)
 ParOldGen       total 66048K, used 13547K [0x0000000081800000, 0x0000000085880000, 0x00000000d5d80000)
  object space 66048K, 20% used [0x0000000081800000,0x000000008253af08,0x0000000085880000)
 Metaspace       used 26218K, capacity 27196K, committed 27392K, reserved 1073152K
  class space    used 3099K, capacity 3257K, committed 3328K, reserved 1048576K
Event: 18.629 GC heap after
Heap after GC invocations=9 (full 1):
 PSYoungGen      total 198656K, used 8456K [0x00000000d5d80000, 0x00000000e6f00000, 0x0000000100000000)
  eden space 189952K, 0% used [0x00000000d5d80000,0x00000000d5d80000,0x00000000e1700000)
  from space 8704K, 97% used [0x00000000e6680000,0x00000000e6ec2148,0x00000000e6f00000)
  to   space 10752K, 0% used [0x00000000e5a00000,0x00000000e5a00000,0x00000000e6480000)
 ParOldGen       total 66048K, used 13555K [0x0000000081800000, 0x0000000085880000, 0x00000000d5d80000)
  object space 66048K, 20% used [0x0000000081800000,0x000000008253cf08,0x0000000085880000)
 Metaspace       used 26218K, capacity 27196K, committed 27392K, reserved 1073152K
  class space    used 3099K, capacity 3257K, committed 3328K, reserved 1048576K
}

