# JRE version: Java(TM) SE Runtime Environment (8.0_60-b27) (build 1.8.0_60-b27)
# Java VM: Java HotSpot(TM) 64-Bit Server VM (25.60-b23 mixed mode windows-amd64 compressed oops)
Heap:
 PSYoungGen      total 174080K, used 104198K [0x00000000d5d80000, 0x00000000e3a80000, 0x0000000100000000)
  eden space 165376K, 57% used [0x00000000d5d80000,0x00000000dbac9828,0x00000000dff00000)
  from space 8704K, 99% used [0x00000000e3200000,0x00000000e3a782f8,0x00000000e3a80000)
  to   space 11776K, 0% used [0x00000000e2380000,0x00000000e2380000,0x00000000e2f00000)
 ParOldGen       total 65024K, used 17774K [0x0000000081800000, 0x0000000085780000, 0x00000000d5d80000)
  object space 65024K, 27% used [0x0000000081800000,0x000000008295b978,0x0000000085780000)
 Metaspace       used 26429K, capacity 27070K, committed 27392K, reserved 1073152K
  class space    used 3107K, capacity 3232K, committed 3328K, reserved 1048576K
GC Heap History (10 events):
Event: 3.768 GC heap before
{Heap before GC invocations=7 (full 0):
 PSYoungGen      total 72192K, used 71897K [0x00000000d5d80000, 0x00000000dab80000, 0x0000000100000000)
  eden space 66048K, 100% used [0x00000000d5d80000,0x00000000d9e00000,0x00000000d9e00000)
  from space 6144K, 95% used [0x00000000da480000,0x00000000daa36718,0x00000000daa80000)
  to   space 6656K, 0% used [0x00000000d9e00000,0x00000000d9e00000,0x00000000da480000)
 ParOldGen       total 87552K, used 400K [0x0000000081800000, 0x0000000086d80000, 0x00000000d5d80000)
  object space 87552K, 0% used [0x0000000081800000,0x00000000818643c8,0x0000000086d80000)
 Metaspace       used 12517K, capacity 12724K, committed 12800K, reserved 1060864K
  class space    used 1398K, capacity 1465K, committed 1536K, reserved 1048576K
Event: 3.779 GC heap after
Heap after GC invocations=7 (full 0):
 PSYoungGen      total 72704K, used 4107K [0x00000000d5d80000, 0x00000000deb80000, 0x0000000100000000)
  eden space 66048K, 0% used [0x00000000d5d80000,0x00000000d5d80000,0x00000000d9e00000)
  from space 6656K, 61% used [0x00000000d9e00000,0x00000000da202db8,0x00000000da480000)
  to   space 6656K, 0% used [0x00000000de500000,0x00000000de500000,0x00000000deb80000)
 ParOldGen       total 87552K, used 3330K [0x0000000081800000, 0x0000000086d80000, 0x00000000d5d80000)
  object space 87552K, 3% used [0x0000000081800000,0x0000000081b409f8,0x0000000086d80000)
 Metaspace       used 12517K, capacity 12724K, committed 12800K, reserved 1060864K
  class space    used 1398K, capacity 1465K, committed 1536K, reserved 1048576K
}
Event: 4.768 GC heap before
{Heap before GC invocations=8 (full 0):
 PSYoungGen      total 72704K, used 70155K [0x00000000d5d80000, 0x00000000deb80000, 0x0000000100000000)
  eden space 66048K, 100% used [0x00000000d5d80000,0x00000000d9e00000,0x00000000d9e00000)
  from space 6656K, 61% used [0x00000000d9e00000,0x00000000da202db8,0x00000000da480000)
  to   space 6656K, 0% used [0x00000000de500000,0x00000000de500000,0x00000000deb80000)
 ParOldGen       total 87552K, used 3330K [0x0000000081800000, 0x0000000086d80000, 0x00000000d5d80000)
  object space 87552K, 3% used [0x0000000081800000,0x0000000081b409f8,0x0000000086d80000)
 Metaspace       used 16341K, capacity 16574K, committed 16768K, reserved 1064960K
  class space    used 1794K, capacity 1887K, committed 1920K, reserved 1048576K
Event: 4.780 GC heap after
Heap after GC invocations=8 (full 0):
 PSYoungGen      total 137216K, used 6648K [0x00000000d5d80000, 0x00000000dee80000, 0x0000000100000000)
  eden space 130560K, 0% used [0x00000000d5d80000,0x00000000d5d80000,0x00000000ddd00000)
  from space 6656K, 99% used [0x00000000de500000,0x00000000deb7e0c8,0x00000000deb80000)
  to   space 8192K, 0% used [0x00000000ddd00000,0x00000000ddd00000,0x00000000de500000)
 ParOldGen       total 87552K, used 5483K [0x0000000081800000, 0x0000000086d80000, 0x00000000d5d80000)
  object space 87552K, 6% used [0x0000000081800000,0x0000000081d5ace8,0x0000000086d80000)
 Metaspace       used 16341K, capacity 16574K, committed 16768K, reserved 1064960K
  class space    used 1794K, capacity 1887K, committed 1920K, reserved 1048576K
}
Event: 5.637 GC heap before
{Heap before GC invocations=9 (full 0):
 PSYoungGen      total 137216K, used 37926K [0x00000000d5d80000, 0x00000000dee80000, 0x0000000100000000)
  eden space 130560K, 23% used [0x00000000d5d80000,0x00000000d7c0bac8,0x00000000ddd00000)
  from space 6656K, 99% used [0x00000000de500000,0x00000000deb7e0c8,0x00000000deb80000)
  to   space 8192K, 0% used [0x00000000ddd00000,0x00000000ddd00000,0x00000000de500000)
 ParOldGen       total 87552K, used 5483K [0x0000000081800000, 0x0000000086d80000, 0x00000000d5d80000)
  object space 87552K, 6% used [0x0000000081800000,0x0000000081d5ace8,0x0000000086d80000)
 Metaspace       used 20797K, capacity 21178K, committed 21248K, reserved 1069056K
  class space    used 2405K, capacity 2524K, committed 2560K, reserved 1048576K
Event: 5.649 GC heap after
Heap after GC invocations=9 (full 0):
 PSYoungGen      total 138752K, used 6982K [0x00000000d5d80000, 0x00000000e3a80000, 0x0000000100000000)
  eden space 130560K, 0% used [0x00000000d5d80000,0x00000000d5d80000,0x00000000ddd00000)
  from space 8192K, 85% used [0x00000000ddd00000,0x00000000de3d1bf8,0x00000000de500000)
  to   space 8704K, 0% used [0x00000000e3200000,0x00000000e3200000,0x00000000e3a80000)
 ParOldGen       total 87552K, used 6831K [0x0000000081800000, 0x0000000086d80000, 0x00000000d5d80000)
  object space 87552K, 7% used [0x0000000081800000,0x0000000081eabe30,0x0000000086d80000)
 Metaspace       used 20797K, capacity 21178K, committed 21248K, reserved 1069056K
  class space    used 2405K, capacity 2524K, committed 2560K, reserved 1048576K
}
Event: 5.649 GC heap before
{Heap before GC invocations=10 (full 1):
 PSYoungGen      total 138752K, used 6982K [0x00000000d5d80000, 0x00000000e3a80000, 0x0000000100000000)
  eden space 130560K, 0% used [0x00000000d5d80000,0x00000000d5d80000,0x00000000ddd00000)
  from space 8192K, 85% used [0x00000000ddd00000,0x00000000de3d1bf8,0x00000000de500000)
  to   space 8704K, 0% used [0x00000000e3200000,0x00000000e3200000,0x00000000e3a80000)
 ParOldGen       total 87552K, used 6831K [0x0000000081800000, 0x0000000086d80000, 0x00000000d5d80000)
  object space 87552K, 7% used [0x0000000081800000,0x0000000081eabe30,0x0000000086d80000)
 Metaspace       used 20797K, capacity 21178K, committed 21248K, reserved 1069056K
  class space    used 2405K, capacity 2524K, committed 2560K, reserved 1048576K
Event: 5.743 GC heap after
Heap after GC invocations=10 (full 1):
 PSYoungGen      total 138752K, used 0K [0x00000000d5d80000, 0x00000000e3a80000, 0x0000000100000000)
  eden space 130560K, 0% used [0x00000000d5d80000,0x00000000d5d80000,0x00000000ddd00000)
  from space 8192K, 0% used [0x00000000ddd00000,0x00000000ddd00000,0x00000000de500000)
  to   space 8704K, 0% used [0x00000000e3200000,0x00000000e3200000,0x00000000e3a80000)
 ParOldGen       total 65024K, used 12710K [0x0000000081800000, 0x0000000085780000, 0x00000000d5d80000)
  object space 65024K, 19% used [0x0000000081800000,0x0000000082469848,0x0000000085780000)
 Metaspace       used 20797K, capacity 21178K, committed 21248K, reserved 1069056K
  class space    used 2405K, capacity 2524K, committed 2560K, reserved 1048576K
}
Event: 57.566 GC heap before
{Heap before GC invocations=11 (full 1):
 PSYoungGen      total 138752K, used 130560K [0x00000000d5d80000, 0x00000000e3a80000, 0x0000000100000000)
  eden space 130560K, 100% used [0x00000000d5d80000,0x00000000ddd00000,0x00000000ddd00000)
  from space 8192K, 0% used [0x00000000ddd00000,0x00000000ddd00000,0x00000000de500000)
  to   space 8704K, 0% used [0x00000000e3200000,0x00000000e3200000,0x00000000e3a80000)
 ParOldGen       total 65024K, used 12710K [0x0000000081800000, 0x0000000085780000, 0x00000000d5d80000)
  object space 65024K, 19% used [0x0000000081800000,0x0000000082469848,0x0000000085780000)
 Metaspace       used 24778K, capacity 25400K, committed 25600K, reserved 1071104K
  class space    used 2861K, capacity 3003K, committed 3072K, reserved 1048576K
Event: 57.588 GC heap after
Heap after GC invocations=11 (full 1):
 PSYoungGen      total 174080K, used 8672K [0x00000000d5d80000, 0x00000000e3a80000, 0x0000000100000000)
  eden space 165376K, 0% used [0x00000000d5d80000,0x00000000d5d80000,0x00000000dff00000)
  from space 8704K, 99% used [0x00000000e3200000,0x00000000e3a782f8,0x00000000e3a80000)
  to   space 11776K, 0% used [0x00000000e2380000,0x00000000e2380000,0x00000000e2f00000)
 ParOldGen       total 65024K, used 17774K [0x0000000081800000, 0x0000000085780000, 0x00000000d5d80000)
  object space 65024K, 27% used [0x0000000081800000,0x000000008295b978,0x0000000085780000)
 Metaspace       used 24778K, capacity 25400K, committed 25600K, reserved 1071104K
  class space    used 2861K, capacity 3003K, committed 3072K, reserved 1048576K
}

