# JRE version: Java(TM) SE Runtime Environment (8.0_60-b27) (build 1.8.0_60-b27)
# Java VM: Java HotSpot(TM) 64-Bit Server VM (25.60-b23 mixed mode windows-amd64 compressed oops)
Heap:
 PSYoungGen      total 195584K, used 117211K [0x00000000d5d80000, 0x00000000e7500000, 0x0000000100000000)
  eden space 185344K, 57% used [0x00000000d5d80000,0x00000000dc62c850,0x00000000e1280000)
  from space 10240K, 97% used [0x00000000e6b00000,0x00000000e74ca6e8,0x00000000e7500000)
  to   space 12800K, 0% used [0x00000000e5c00000,0x00000000e5c00000,0x00000000e6880000)
 ParOldGen       total 69632K, used 14709K [0x0000000081800000, 0x0000000085c00000, 0x00000000d5d80000)
  object space 69632K, 21% used [0x0000000081800000,0x000000008265d638,0x0000000085c00000)
 Metaspace       used 28108K, capacity 29082K, committed 29440K, reserved 1075200K
  class space    used 3330K, capacity 3475K, committed 3584K, reserved 1048576K
GC Heap History (10 events):
Event: 2.854 GC heap before
{Heap before GC invocations=5 (full 0):
 PSYoungGen      total 71680K, used 71469K [0x00000000d5d80000, 0x00000000da880000, 0x0000000100000000)
  eden space 66560K, 100% used [0x00000000d5d80000,0x00000000d9e80000,0x00000000d9e80000)
  from space 5120K, 95% used [0x00000000da380000,0x00000000da84b508,0x00000000da880000)
  to   space 5120K, 0% used [0x00000000d9e80000,0x00000000d9e80000,0x00000000da380000)
 ParOldGen       total 87552K, used 40K [0x0000000081800000, 0x0000000086d80000, 0x00000000d5d80000)
  object space 87552K, 0% used [0x0000000081800000,0x000000008180a000,0x0000000086d80000)
 Metaspace       used 12519K, capacity 12724K, committed 12800K, reserved 1060864K
  class space    used 1394K, capacity 1465K, committed 1536K, reserved 1048576K
Event: 2.865 GC heap after
Heap after GC invocations=5 (full 0):
 PSYoungGen      total 71680K, used 5106K [0x00000000d5d80000, 0x00000000dec80000, 0x0000000100000000)
  eden space 66560K, 0% used [0x00000000d5d80000,0x00000000d5d80000,0x00000000d9e80000)
  from space 5120K, 99% used [0x00000000d9e80000,0x00000000da37ca90,0x00000000da380000)
  to   space 6656K, 0% used [0x00000000de600000,0x00000000de600000,0x00000000dec80000)
 ParOldGen       total 87552K, used 1070K [0x0000000081800000, 0x0000000086d80000, 0x00000000d5d80000)
  object space 87552K, 1% used [0x0000000081800000,0x000000008190ba00,0x0000000086d80000)
 Metaspace       used 12519K, capacity 12724K, committed 12800K, reserved 1060864K
  class space    used 1394K, capacity 1465K, committed 1536K, reserved 1048576K
}
Event: 3.246 GC heap before
{Heap before GC invocations=6 (full 0):
 PSYoungGen      total 71680K, used 71666K [0x00000000d5d80000, 0x00000000dec80000, 0x0000000100000000)
  eden space 66560K, 100% used [0x00000000d5d80000,0x00000000d9e80000,0x00000000d9e80000)
  from space 5120K, 99% used [0x00000000d9e80000,0x00000000da37ca90,0x00000000da380000)
  to   space 6656K, 0% used [0x00000000de600000,0x00000000de600000,0x00000000dec80000)
 ParOldGen       total 87552K, used 1070K [0x0000000081800000, 0x0000000086d80000, 0x00000000d5d80000)
  object space 87552K, 1% used [0x0000000081800000,0x000000008190ba00,0x0000000086d80000)
 Metaspace       used 12524K, capacity 12724K, committed 12800K, reserved 1060864K
  class space    used 1395K, capacity 1465K, committed 1536K, reserved 1048576K
Event: 3.256 GC heap after
Heap after GC invocations=6 (full 0):
 PSYoungGen      total 138752K, used 6285K [0x00000000d5d80000, 0x00000000dee80000, 0x0000000100000000)
  eden space 132096K, 0% used [0x00000000d5d80000,0x00000000d5d80000,0x00000000dde80000)
  from space 6656K, 94% used [0x00000000de600000,0x00000000dec237b0,0x00000000dec80000)
  to   space 7680K, 0% used [0x00000000dde80000,0x00000000dde80000,0x00000000de600000)
 ParOldGen       total 87552K, used 1142K [0x0000000081800000, 0x0000000086d80000, 0x00000000d5d80000)
  object space 87552K, 1% used [0x0000000081800000,0x000000008191da10,0x0000000086d80000)
 Metaspace       used 12524K, capacity 12724K, committed 12800K, reserved 1060864K
  class space    used 1395K, capacity 1465K, committed 1536K, reserved 1048576K
}
Event: 4.919 GC heap before
{Heap before GC invocations=7 (full 0):
 PSYoungGen      total 138752K, used 114389K [0x00000000d5d80000, 0x00000000dee80000, 0x0000000100000000)
  eden space 132096K, 81% used [0x00000000d5d80000,0x00000000dc711c50,0x00000000dde80000)
  from space 6656K, 94% used [0x00000000de600000,0x00000000dec237b0,0x00000000dec80000)
  to   space 7680K, 0% used [0x00000000dde80000,0x00000000dde80000,0x00000000de600000)
 ParOldGen       total 87552K, used 1142K [0x0000000081800000, 0x0000000086d80000, 0x00000000d5d80000)
  object space 87552K, 1% used [0x0000000081800000,0x000000008191da10,0x0000000086d80000)
 Metaspace       used 20810K, capacity 21178K, committed 21248K, reserved 1069056K
  class space    used 2403K, capacity 2524K, committed 2560K, reserved 1048576K
Event: 4.935 GC heap after
Heap after GC invocations=7 (full 0):
 PSYoungGen      total 139776K, used 7669K [0x00000000d5d80000, 0x00000000e7680000, 0x0000000100000000)
  eden space 132096K, 0% used [0x00000000d5d80000,0x00000000d5d80000,0x00000000dde80000)
  from space 7680K, 99% used [0x00000000dde80000,0x00000000de5fd530,0x00000000de600000)
  to   space 11776K, 0% used [0x00000000e6b00000,0x00000000e6b00000,0x00000000e7680000)
 ParOldGen       total 87552K, used 7435K [0x0000000081800000, 0x0000000086d80000, 0x00000000d5d80000)
  object space 87552K, 8% used [0x0000000081800000,0x0000000081f42ff0,0x0000000086d80000)
 Metaspace       used 20810K, capacity 21178K, committed 21248K, reserved 1069056K
  class space    used 2403K, capacity 2524K, committed 2560K, reserved 1048576K
}
Event: 4.935 GC heap before
{Heap before GC invocations=8 (full 1):
 PSYoungGen      total 139776K, used 7669K [0x00000000d5d80000, 0x00000000e7680000, 0x0000000100000000)
  eden space 132096K, 0% used [0x00000000d5d80000,0x00000000d5d80000,0x00000000dde80000)
  from space 7680K, 99% used [0x00000000dde80000,0x00000000de5fd530,0x00000000de600000)
  to   space 11776K, 0% used [0x00000000e6b00000,0x00000000e6b00000,0x00000000e7680000)
 ParOldGen       total 87552K, used 7435K [0x0000000081800000, 0x0000000086d80000, 0x00000000d5d80000)
  object space 87552K, 8% used [0x0000000081800000,0x0000000081f42ff0,0x0000000086d80000)
 Metaspace       used 20810K, capacity 21178K, committed 21248K, reserved 1069056K
  class space    used 2403K, capacity 2524K, committed 2560K, reserved 1048576K
Event: 5.018 GC heap after
Heap after GC invocations=8 (full 1):
 PSYoungGen      total 139776K, used 0K [0x00000000d5d80000, 0x00000000e7680000, 0x0000000100000000)
  eden space 132096K, 0% used [0x00000000d5d80000,0x00000000d5d80000,0x00000000dde80000)
  from space 7680K, 0% used [0x00000000dde80000,0x00000000dde80000,0x00000000de600000)
  to   space 11776K, 0% used [0x00000000e6b00000,0x00000000e6b00000,0x00000000e7680000)
 ParOldGen       total 69632K, used 14701K [0x0000000081800000, 0x0000000085c00000, 0x00000000d5d80000)
  object space 69632K, 21% used [0x0000000081800000,0x000000008265b638,0x0000000085c00000)
 Metaspace       used 20810K, capacity 21178K, committed 21248K, reserved 1069056K
  class space    used 2403K, capacity 2524K, committed 2560K, reserved 1048576K
}
Event: 20.225 GC heap before
{Heap before GC invocations=9 (full 1):
 PSYoungGen      total 139776K, used 132096K [0x00000000d5d80000, 0x00000000e7680000, 0x0000000100000000)
  eden space 132096K, 100% used [0x00000000d5d80000,0x00000000dde80000,0x00000000dde80000)
  from space 7680K, 0% used [0x00000000dde80000,0x00000000dde80000,0x00000000de600000)
  to   space 11776K, 0% used [0x00000000e6b00000,0x00000000e6b00000,0x00000000e7680000)
 ParOldGen       total 69632K, used 14701K [0x0000000081800000, 0x0000000085c00000, 0x00000000d5d80000)
  object space 69632K, 21% used [0x0000000081800000,0x000000008265b638,0x0000000085c00000)
 Metaspace       used 26985K, capacity 27806K, committed 27904K, reserved 1073152K
  class space    used 3171K, capacity 3288K, committed 3328K, reserved 1048576K
Event: 20.238 GC heap after
Heap after GC invocations=9 (full 1):
 PSYoungGen      total 195584K, used 10025K [0x00000000d5d80000, 0x00000000e7500000, 0x0000000100000000)
  eden space 185344K, 0% used [0x00000000d5d80000,0x00000000d5d80000,0x00000000e1280000)
  from space 10240K, 97% used [0x00000000e6b00000,0x00000000e74ca6e8,0x00000000e7500000)
  to   space 12800K, 0% used [0x00000000e5c00000,0x00000000e5c00000,0x00000000e6880000)
 ParOldGen       total 69632K, used 14709K [0x0000000081800000, 0x0000000085c00000, 0x00000000d5d80000)
  object space 69632K, 21% used [0x0000000081800000,0x000000008265d638,0x0000000085c00000)
 Metaspace       used 26985K, capacity 27806K, committed 27904K, reserved 1073152K
  class space    used 3171K, capacity 3288K, committed 3328K, reserved 1048576K
}

