# JRE version: Java(TM) SE Runtime Environment (8.0_60-b27) (build 1.8.0_60-b27)
# Java VM: Java HotSpot(TM) 64-Bit Server VM (25.60-b23 mixed mode windows-amd64 compressed oops)
Heap:
 PSYoungGen      total 138240K, used 131631K [0x00000000d5d80000, 0x00000000e7980000, 0x0000000100000000)
  eden space 133120K, 98% used [0x00000000d5d80000,0x00000000dde0bcf0,0x00000000ddf80000)
  from space 5120K, 0% used [0x00000000ddf80000,0x00000000ddf80000,0x00000000de480000)
  to   space 12288K, 0% used [0x00000000e6d80000,0x00000000e6d80000,0x00000000e7980000)
 ParOldGen       total 72704K, used 13547K [0x0000000081800000, 0x0000000085f00000, 0x00000000d5d80000)
  object space 72704K, 18% used [0x0000000081800000,0x000000008253aed8,0x0000000085f00000)
 Metaspace       used 26662K, capacity 27308K, committed 27392K, reserved 1073152K
  class space    used 3164K, capacity 3293K, committed 3328K, reserved 1048576K
GC Heap History (10 events):
Event: 2.110 GC heap before
{Heap before GC invocations=2 (full 0):
 PSYoungGen      total 38400K, used 36559K [0x00000000d5d80000, 0x00000000da880000, 0x0000000100000000)
  eden space 33280K, 100% used [0x00000000d5d80000,0x00000000d7e00000,0x00000000d7e00000)
  from space 5120K, 64% used [0x00000000d7e00000,0x00000000d8133e00,0x00000000d8300000)
  to   space 5120K, 0% used [0x00000000da380000,0x00000000da380000,0x00000000da880000)
 ParOldGen       total 87552K, used 16K [0x0000000081800000, 0x0000000086d80000, 0x00000000d5d80000)
  object space 87552K, 0% used [0x0000000081800000,0x0000000081804000,0x0000000086d80000)
 Metaspace       used 12313K, capacity 12484K, committed 12800K, reserved 1060864K
  class space    used 1390K, capacity 1457K, committed 1536K, reserved 1048576K
Event: 2.127 GC heap after
Heap after GC invocations=2 (full 0):
 PSYoungGen      total 71680K, used 3585K [0x00000000d5d80000, 0x00000000da880000, 0x0000000100000000)
  eden space 66560K, 0% used [0x00000000d5d80000,0x00000000d5d80000,0x00000000d9e80000)
  from space 5120K, 70% used [0x00000000da380000,0x00000000da700498,0x00000000da880000)
  to   space 5120K, 0% used [0x00000000d9e80000,0x00000000d9e80000,0x00000000da380000)
 ParOldGen       total 87552K, used 24K [0x0000000081800000, 0x0000000086d80000, 0x00000000d5d80000)
  object space 87552K, 0% used [0x0000000081800000,0x0000000081806000,0x0000000086d80000)
 Metaspace       used 12313K, capacity 12484K, committed 12800K, reserved 1060864K
  class space    used 1390K, capacity 1457K, committed 1536K, reserved 1048576K
}
Event: 3.136 GC heap before
{Heap before GC invocations=3 (full 0):
 PSYoungGen      total 71680K, used 70145K [0x00000000d5d80000, 0x00000000da880000, 0x0000000100000000)
  eden space 66560K, 100% used [0x00000000d5d80000,0x00000000d9e80000,0x00000000d9e80000)
  from space 5120K, 70% used [0x00000000da380000,0x00000000da700498,0x00000000da880000)
  to   space 5120K, 0% used [0x00000000d9e80000,0x00000000d9e80000,0x00000000da380000)
 ParOldGen       total 87552K, used 24K [0x0000000081800000, 0x0000000086d80000, 0x00000000d5d80000)
  object space 87552K, 0% used [0x0000000081800000,0x0000000081806000,0x0000000086d80000)
 Metaspace       used 12490K, capacity 12712K, committed 12800K, reserved 1060864K
  class space    used 1394K, capacity 1463K, committed 1536K, reserved 1048576K
Event: 3.143 GC heap after
Heap after GC invocations=3 (full 0):
 PSYoungGen      total 71680K, used 4832K [0x00000000d5d80000, 0x00000000de980000, 0x0000000100000000)
  eden space 66560K, 0% used [0x00000000d5d80000,0x00000000d5d80000,0x00000000d9e80000)
  from space 5120K, 94% used [0x00000000d9e80000,0x00000000da338020,0x00000000da380000)
  to   space 5120K, 0% used [0x00000000de480000,0x00000000de480000,0x00000000de980000)
 ParOldGen       total 87552K, used 96K [0x0000000081800000, 0x0000000086d80000, 0x00000000d5d80000)
  object space 87552K, 0% used [0x0000000081800000,0x0000000081818010,0x0000000086d80000)
 Metaspace       used 12490K, capacity 12712K, committed 12800K, reserved 1060864K
  class space    used 1394K, capacity 1463K, committed 1536K, reserved 1048576K
}
Event: 3.792 GC heap before
{Heap before GC invocations=4 (full 0):
 PSYoungGen      total 71680K, used 71392K [0x00000000d5d80000, 0x00000000de980000, 0x0000000100000000)
  eden space 66560K, 100% used [0x00000000d5d80000,0x00000000d9e80000,0x00000000d9e80000)
  from space 5120K, 94% used [0x00000000d9e80000,0x00000000da338020,0x00000000da380000)
  to   space 5120K, 0% used [0x00000000de480000,0x00000000de480000,0x00000000de980000)
 ParOldGen       total 87552K, used 96K [0x0000000081800000, 0x0000000086d80000, 0x00000000d5d80000)
  object space 87552K, 0% used [0x0000000081800000,0x0000000081818010,0x0000000086d80000)
 Metaspace       used 12506K, capacity 12718K, committed 12800K, reserved 1060864K
  class space    used 1395K, capacity 1464K, committed 1536K, reserved 1048576K
Event: 3.802 GC heap after
Heap after GC invocations=4 (full 0):
 PSYoungGen      total 138240K, used 5101K [0x00000000d5d80000, 0x00000000de980000, 0x0000000100000000)
  eden space 133120K, 0% used [0x00000000d5d80000,0x00000000d5d80000,0x00000000ddf80000)
  from space 5120K, 99% used [0x00000000de480000,0x00000000de97b7d0,0x00000000de980000)
  to   space 5120K, 0% used [0x00000000ddf80000,0x00000000ddf80000,0x00000000de480000)
 ParOldGen       total 87552K, used 1072K [0x0000000081800000, 0x0000000086d80000, 0x00000000d5d80000)
  object space 87552K, 1% used [0x0000000081800000,0x000000008190c310,0x0000000086d80000)
 Metaspace       used 12506K, capacity 12718K, committed 12800K, reserved 1060864K
  class space    used 1395K, capacity 1464K, committed 1536K, reserved 1048576K
}
Event: 5.997 GC heap before
{Heap before GC invocations=5 (full 0):
 PSYoungGen      total 138240K, used 113221K [0x00000000d5d80000, 0x00000000de980000, 0x0000000100000000)
  eden space 133120K, 81% used [0x00000000d5d80000,0x00000000dc715cf8,0x00000000ddf80000)
  from space 5120K, 99% used [0x00000000de480000,0x00000000de97b7d0,0x00000000de980000)
  to   space 5120K, 0% used [0x00000000ddf80000,0x00000000ddf80000,0x00000000de480000)
 ParOldGen       total 87552K, used 1072K [0x0000000081800000, 0x0000000086d80000, 0x00000000d5d80000)
  object space 87552K, 1% used [0x0000000081800000,0x000000008190c310,0x0000000086d80000)
 Metaspace       used 20822K, capacity 21172K, committed 21248K, reserved 1069056K
  class space    used 2404K, capacity 2523K, committed 2560K, reserved 1048576K
Event: 6.020 GC heap after
Heap after GC invocations=5 (full 0):
 PSYoungGen      total 138240K, used 5101K [0x00000000d5d80000, 0x00000000e7980000, 0x0000000100000000)
  eden space 133120K, 0% used [0x00000000d5d80000,0x00000000d5d80000,0x00000000ddf80000)
  from space 5120K, 99% used [0x00000000ddf80000,0x00000000de47b7d0,0x00000000de480000)
  to   space 12288K, 0% used [0x00000000e6d80000,0x00000000e6d80000,0x00000000e7980000)
 ParOldGen       total 87552K, used 8853K [0x0000000081800000, 0x0000000086d80000, 0x00000000d5d80000)
  object space 87552K, 10% used [0x0000000081800000,0x00000000820a5628,0x0000000086d80000)
 Metaspace       used 20822K, capacity 21172K, committed 21248K, reserved 1069056K
  class space    used 2404K, capacity 2523K, committed 2560K, reserved 1048576K
}
Event: 6.020 GC heap before
{Heap before GC invocations=6 (full 1):
 PSYoungGen      total 138240K, used 5101K [0x00000000d5d80000, 0x00000000e7980000, 0x0000000100000000)
  eden space 133120K, 0% used [0x00000000d5d80000,0x00000000d5d80000,0x00000000ddf80000)
  from space 5120K, 99% used [0x00000000ddf80000,0x00000000de47b7d0,0x00000000de480000)
  to   space 12288K, 0% used [0x00000000e6d80000,0x00000000e6d80000,0x00000000e7980000)
 ParOldGen       total 87552K, used 8853K [0x0000000081800000, 0x0000000086d80000, 0x00000000d5d80000)
  object space 87552K, 10% used [0x0000000081800000,0x00000000820a5628,0x0000000086d80000)
 Metaspace       used 20822K, capacity 21172K, committed 21248K, reserved 1069056K
  class space    used 2404K, capacity 2523K, committed 2560K, reserved 1048576K
Event: 6.135 GC heap after
Heap after GC invocations=6 (full 1):
 PSYoungGen      total 138240K, used 0K [0x00000000d5d80000, 0x00000000e7980000, 0x0000000100000000)
  eden space 133120K, 0% used [0x00000000d5d80000,0x00000000d5d80000,0x00000000ddf80000)
  from space 5120K, 0% used [0x00000000ddf80000,0x00000000ddf80000,0x00000000de480000)
  to   space 12288K, 0% used [0x00000000e6d80000,0x00000000e6d80000,0x00000000e7980000)
 ParOldGen       total 72704K, used 13547K [0x0000000081800000, 0x0000000085f00000, 0x00000000d5d80000)
  object space 72704K, 18% used [0x0000000081800000,0x000000008253aed8,0x0000000085f00000)
 Metaspace       used 20822K, capacity 21172K, committed 21248K, reserved 1069056K
  class space    used 2404K, capacity 2523K, committed 2560K, reserved 1048576K
}

