# JRE version: Java(TM) SE Runtime Environment (8.0_60-b27) (build 1.8.0_60-b27)
# Java VM: Java HotSpot(TM) 64-Bit Server VM (25.60-b23 mixed mode windows-amd64 compressed oops)
Heap:
 PSYoungGen      total 94208K, used 26402K [0x00000000d5d80000, 0x00000000dc680000, 0x0000000100000000)
  eden space 87552K, 22% used [0x00000000d5d80000,0x00000000d70ef400,0x00000000db300000)
  from space 6656K, 97% used [0x00000000dc000000,0x00000000dc6597d0,0x00000000dc680000)
  to   space 9216K, 0% used [0x00000000db480000,0x00000000db480000,0x00000000dbd80000)
 ParOldGen       total 65024K, used 23303K [0x0000000081800000, 0x0000000085780000, 0x00000000d5d80000)
  object space 65024K, 35% used [0x0000000081800000,0x0000000082ec1fc8,0x0000000085780000)
 Metaspace       used 26861K, capacity 27542K, committed 27776K, reserved 1073152K
  class space    used 3272K, capacity 3417K, committed 3456K, reserved 1048576K
GC Heap History (10 events):
Event: 2.532 GC heap before
{Heap before GC invocations=3 (full 0):
 PSYoungGen      total 38400K, used 36914K [0x00000000d5d80000, 0x00000000da880000, 0x0000000100000000)
  eden space 33280K, 100% used [0x00000000d5d80000,0x00000000d7e00000,0x00000000d7e00000)
  from space 5120K, 70% used [0x00000000d8300000,0x00000000d868ca38,0x00000000d8800000)
  to   space 5120K, 0% used [0x00000000d7e00000,0x00000000d7e00000,0x00000000d8300000)
 ParOldGen       total 87552K, used 24K [0x0000000081800000, 0x0000000086d80000, 0x00000000d5d80000)
  object space 87552K, 0% used [0x0000000081800000,0x0000000081806000,0x0000000086d80000)
 Metaspace       used 16138K, capacity 16404K, committed 16512K, reserved 1064960K
  class space    used 1791K, capacity 1880K, committed 1920K, reserved 1048576K
Event: 2.543 GC heap after
Heap after GC invocations=3 (full 0):
 PSYoungGen      total 38400K, used 5091K [0x00000000d5d80000, 0x00000000da880000, 0x0000000100000000)
  eden space 33280K, 0% used [0x00000000d5d80000,0x00000000d5d80000,0x00000000d7e00000)
  from space 5120K, 99% used [0x00000000d7e00000,0x00000000d82f8e60,0x00000000d8300000)
  to   space 5120K, 0% used [0x00000000da380000,0x00000000da380000,0x00000000da880000)
 ParOldGen       total 87552K, used 2378K [0x0000000081800000, 0x0000000086d80000, 0x00000000d5d80000)
  object space 87552K, 2% used [0x0000000081800000,0x0000000081a52a88,0x0000000086d80000)
 Metaspace       used 16138K, capacity 16404K, committed 16512K, reserved 1064960K
  class space    used 1791K, capacity 1880K, committed 1920K, reserved 1048576K
}
Event: 3.202 GC heap before
{Heap before GC invocations=4 (full 0):
 PSYoungGen      total 38400K, used 34190K [0x00000000d5d80000, 0x00000000da880000, 0x0000000100000000)
  eden space 33280K, 87% used [0x00000000d5d80000,0x00000000d79ea9e8,0x00000000d7e00000)
  from space 5120K, 99% used [0x00000000d7e00000,0x00000000d82f8e60,0x00000000d8300000)
  to   space 5120K, 0% used [0x00000000da380000,0x00000000da380000,0x00000000da880000)
 ParOldGen       total 87552K, used 2378K [0x0000000081800000, 0x0000000086d80000, 0x00000000d5d80000)
  object space 87552K, 2% used [0x0000000081800000,0x0000000081a52a88,0x0000000086d80000)
 Metaspace       used 20873K, capacity 21220K, committed 21248K, reserved 1069056K
  class space    used 2435K, capacity 2547K, committed 2560K, reserved 1048576K
Event: 3.213 GC heap after
Heap after GC invocations=4 (full 0):
 PSYoungGen      total 71680K, used 5089K [0x00000000d5d80000, 0x00000000da880000, 0x0000000100000000)
  eden space 66560K, 0% used [0x00000000d5d80000,0x00000000d5d80000,0x00000000d9e80000)
  from space 5120K, 99% used [0x00000000da380000,0x00000000da878468,0x00000000da880000)
  to   space 5120K, 0% used [0x00000000d9e80000,0x00000000d9e80000,0x00000000da380000)
 ParOldGen       total 87552K, used 5514K [0x0000000081800000, 0x0000000086d80000, 0x00000000d5d80000)
  object space 87552K, 6% used [0x0000000081800000,0x0000000081d62800,0x0000000086d80000)
 Metaspace       used 20873K, capacity 21220K, committed 21248K, reserved 1069056K
  class space    used 2435K, capacity 2547K, committed 2560K, reserved 1048576K
}
Event: 3.213 GC heap before
{Heap before GC invocations=5 (full 1):
 PSYoungGen      total 71680K, used 5089K [0x00000000d5d80000, 0x00000000da880000, 0x0000000100000000)
  eden space 66560K, 0% used [0x00000000d5d80000,0x00000000d5d80000,0x00000000d9e80000)
  from space 5120K, 99% used [0x00000000da380000,0x00000000da878468,0x00000000da880000)
  to   space 5120K, 0% used [0x00000000d9e80000,0x00000000d9e80000,0x00000000da380000)
 ParOldGen       total 87552K, used 5514K [0x0000000081800000, 0x0000000086d80000, 0x00000000d5d80000)
  object space 87552K, 6% used [0x0000000081800000,0x0000000081d62800,0x0000000086d80000)
 Metaspace       used 20873K, capacity 21220K, committed 21248K, reserved 1069056K
  class space    used 2435K, capacity 2547K, committed 2560K, reserved 1048576K
Event: 3.268 GC heap after
Heap after GC invocations=5 (full 1):
 PSYoungGen      total 71680K, used 0K [0x00000000d5d80000, 0x00000000da880000, 0x0000000100000000)
  eden space 66560K, 0% used [0x00000000d5d80000,0x00000000d5d80000,0x00000000d9e80000)
  from space 5120K, 0% used [0x00000000da380000,0x00000000da380000,0x00000000da880000)
  to   space 5120K, 0% used [0x00000000d9e80000,0x00000000d9e80000,0x00000000da380000)
 ParOldGen       total 65024K, used 8476K [0x0000000081800000, 0x0000000085780000, 0x00000000d5d80000)
  object space 65024K, 13% used [0x0000000081800000,0x0000000082047288,0x0000000085780000)
 Metaspace       used 20873K, capacity 21220K, committed 21248K, reserved 1069056K
  class space    used 2435K, capacity 2547K, committed 2560K, reserved 1048576K
}
Event: 11.357 GC heap before
{Heap before GC invocations=6 (full 1):
 PSYoungGen      total 71680K, used 66560K [0x00000000d5d80000, 0x00000000da880000, 0x0000000100000000)
  eden space 66560K, 100% used [0x00000000d5d80000,0x00000000d9e80000,0x00000000d9e80000)
  from space 5120K, 0% used [0x00000000da380000,0x00000000da380000,0x00000000da880000)
  to   space 5120K, 0% used [0x00000000d9e80000,0x00000000d9e80000,0x00000000da380000)
 ParOldGen       total 65024K, used 8476K [0x0000000081800000, 0x0000000085780000, 0x00000000d5d80000)
  object space 65024K, 13% used [0x0000000081800000,0x0000000082047288,0x0000000085780000)
 Metaspace       used 24522K, capacity 25046K, committed 25344K, reserved 1071104K
  class space    used 2855K, capacity 2960K, committed 3072K, reserved 1048576K
Event: 11.366 GC heap after
Heap after GC invocations=6 (full 1):
 PSYoungGen      total 71680K, used 4888K [0x00000000d5d80000, 0x00000000dc900000, 0x0000000100000000)
  eden space 66560K, 0% used [0x00000000d5d80000,0x00000000d5d80000,0x00000000d9e80000)
  from space 5120K, 95% used [0x00000000d9e80000,0x00000000da346090,0x00000000da380000)
  to   space 9216K, 0% used [0x00000000dc000000,0x00000000dc000000,0x00000000dc900000)
 ParOldGen       total 65024K, used 23295K [0x0000000081800000, 0x0000000085780000, 0x00000000d5d80000)
  object space 65024K, 35% used [0x0000000081800000,0x0000000082ebffc8,0x0000000085780000)
 Metaspace       used 24522K, capacity 25046K, committed 25344K, reserved 1071104K
  class space    used 2855K, capacity 2960K, committed 3072K, reserved 1048576K
}
Event: 112.676 GC heap before
{Heap before GC invocations=7 (full 1):
 PSYoungGen      total 71680K, used 71448K [0x00000000d5d80000, 0x00000000dc900000, 0x0000000100000000)
  eden space 66560K, 100% used [0x00000000d5d80000,0x00000000d9e80000,0x00000000d9e80000)
  from space 5120K, 95% used [0x00000000d9e80000,0x00000000da346090,0x00000000da380000)
  to   space 9216K, 0% used [0x00000000dc000000,0x00000000dc000000,0x00000000dc900000)
 ParOldGen       total 65024K, used 23295K [0x0000000081800000, 0x0000000085780000, 0x00000000d5d80000)
  object space 65024K, 35% used [0x0000000081800000,0x0000000082ebffc8,0x0000000085780000)
 Metaspace       used 26842K, capacity 27478K, committed 27776K, reserved 1073152K
  class space    used 3270K, capacity 3417K, committed 3456K, reserved 1048576K
Event: 112.696 GC heap after
Heap after GC invocations=7 (full 1):
 PSYoungGen      total 94208K, used 6501K [0x00000000d5d80000, 0x00000000dc680000, 0x0000000100000000)
  eden space 87552K, 0% used [0x00000000d5d80000,0x00000000d5d80000,0x00000000db300000)
  from space 6656K, 97% used [0x00000000dc000000,0x00000000dc6597d0,0x00000000dc680000)
  to   space 9216K, 0% used [0x00000000db480000,0x00000000db480000,0x00000000dbd80000)
 ParOldGen       total 65024K, used 23303K [0x0000000081800000, 0x0000000085780000, 0x00000000d5d80000)
  object space 65024K, 35% used [0x0000000081800000,0x0000000082ec1fc8,0x0000000085780000)
 Metaspace       used 26842K, capacity 27478K, committed 27776K, reserved 1073152K
  class space    used 3270K, capacity 3417K, committed 3456K, reserved 1048576K
}

