# JRE version: Java(TM) SE Runtime Environment (8.0_60-b27) (build 1.8.0_60-b27)
# Java VM: Java HotSpot(TM) 64-Bit Server VM (25.60-b23 mixed mode windows-amd64 compressed oops)
Heap:
 PSYoungGen      total 103424K, used 40911K [0x00000000d5d80000, 0x00000000dd700000, 0x0000000100000000)
  eden space 87552K, 30% used [0x00000000d5d80000,0x00000000d775cbf8,0x00000000db300000)
  from space 15872K, 90% used [0x00000000dc700000,0x00000000dd5173e8,0x00000000dd680000)
  to   space 18432K, 0% used [0x00000000db300000,0x00000000db300000,0x00000000dc500000)
 ParOldGen       total 64512K, used 19014K [0x0000000081800000, 0x0000000085700000, 0x00000000d5d80000)
  object space 64512K, 29% used [0x0000000081800000,0x0000000082a91b68,0x0000000085700000)
 Metaspace       used 26810K, capacity 27446K, committed 27776K, reserved 1073152K
  class space    used 3251K, capacity 3385K, committed 3456K, reserved 1048576K
GC Heap History (10 events):
Event: 2.503 GC heap before
{Heap before GC invocations=3 (full 0):
 PSYoungGen      total 38400K, used 36963K [0x00000000d5d80000, 0x00000000da880000, 0x0000000100000000)
  eden space 33280K, 100% used [0x00000000d5d80000,0x00000000d7e00000,0x00000000d7e00000)
  from space 5120K, 71% used [0x00000000d8300000,0x00000000d8698e70,0x00000000d8800000)
  to   space 5120K, 0% used [0x00000000d7e00000,0x00000000d7e00000,0x00000000d8300000)
 ParOldGen       total 87552K, used 16K [0x0000000081800000, 0x0000000086d80000, 0x00000000d5d80000)
  object space 87552K, 0% used [0x0000000081800000,0x0000000081804000,0x0000000086d80000)
 Metaspace       used 16104K, capacity 16340K, committed 16512K, reserved 1064960K
  class space    used 1791K, capacity 1880K, committed 1920K, reserved 1048576K
Event: 2.513 GC heap after
Heap after GC invocations=3 (full 0):
 PSYoungGen      total 38400K, used 5111K [0x00000000d5d80000, 0x00000000da880000, 0x0000000100000000)
  eden space 33280K, 0% used [0x00000000d5d80000,0x00000000d5d80000,0x00000000d7e00000)
  from space 5120K, 99% used [0x00000000d7e00000,0x00000000d82fde90,0x00000000d8300000)
  to   space 5120K, 0% used [0x00000000da380000,0x00000000da380000,0x00000000da880000)
 ParOldGen       total 87552K, used 2384K [0x0000000081800000, 0x0000000086d80000, 0x00000000d5d80000)
  object space 87552K, 2% used [0x0000000081800000,0x0000000081a54370,0x0000000086d80000)
 Metaspace       used 16104K, capacity 16340K, committed 16512K, reserved 1064960K
  class space    used 1791K, capacity 1880K, committed 1920K, reserved 1048576K
}
Event: 3.170 GC heap before
{Heap before GC invocations=4 (full 0):
 PSYoungGen      total 38400K, used 33369K [0x00000000d5d80000, 0x00000000da880000, 0x0000000100000000)
  eden space 33280K, 84% used [0x00000000d5d80000,0x00000000d7918918,0x00000000d7e00000)
  from space 5120K, 99% used [0x00000000d7e00000,0x00000000d82fde90,0x00000000d8300000)
  to   space 5120K, 0% used [0x00000000da380000,0x00000000da380000,0x00000000da880000)
 ParOldGen       total 87552K, used 2384K [0x0000000081800000, 0x0000000086d80000, 0x00000000d5d80000)
  object space 87552K, 2% used [0x0000000081800000,0x0000000081a54370,0x0000000086d80000)
 Metaspace       used 20856K, capacity 21220K, committed 21248K, reserved 1069056K
  class space    used 2434K, capacity 2547K, committed 2560K, reserved 1048576K
Event: 3.181 GC heap after
Heap after GC invocations=4 (full 0):
 PSYoungGen      total 71680K, used 5095K [0x00000000d5d80000, 0x00000000da880000, 0x0000000100000000)
  eden space 66560K, 0% used [0x00000000d5d80000,0x00000000d5d80000,0x00000000d9e80000)
  from space 5120K, 99% used [0x00000000da380000,0x00000000da879e80,0x00000000da880000)
  to   space 5120K, 0% used [0x00000000d9e80000,0x00000000d9e80000,0x00000000da380000)
 ParOldGen       total 87552K, used 5332K [0x0000000081800000, 0x0000000086d80000, 0x00000000d5d80000)
  object space 87552K, 6% used [0x0000000081800000,0x0000000081d35108,0x0000000086d80000)
 Metaspace       used 20856K, capacity 21220K, committed 21248K, reserved 1069056K
  class space    used 2434K, capacity 2547K, committed 2560K, reserved 1048576K
}
Event: 3.181 GC heap before
{Heap before GC invocations=5 (full 1):
 PSYoungGen      total 71680K, used 5095K [0x00000000d5d80000, 0x00000000da880000, 0x0000000100000000)
  eden space 66560K, 0% used [0x00000000d5d80000,0x00000000d5d80000,0x00000000d9e80000)
  from space 5120K, 99% used [0x00000000da380000,0x00000000da879e80,0x00000000da880000)
  to   space 5120K, 0% used [0x00000000d9e80000,0x00000000d9e80000,0x00000000da380000)
 ParOldGen       total 87552K, used 5332K [0x0000000081800000, 0x0000000086d80000, 0x00000000d5d80000)
  object space 87552K, 6% used [0x0000000081800000,0x0000000081d35108,0x0000000086d80000)
 Metaspace       used 20856K, capacity 21220K, committed 21248K, reserved 1069056K
  class space    used 2434K, capacity 2547K, committed 2560K, reserved 1048576K
Event: 3.235 GC heap after
Heap after GC invocations=5 (full 1):
 PSYoungGen      total 71680K, used 0K [0x00000000d5d80000, 0x00000000da880000, 0x0000000100000000)
  eden space 66560K, 0% used [0x00000000d5d80000,0x00000000d5d80000,0x00000000d9e80000)
  from space 5120K, 0% used [0x00000000da380000,0x00000000da380000,0x00000000da880000)
  to   space 5120K, 0% used [0x00000000d9e80000,0x00000000d9e80000,0x00000000da380000)
 ParOldGen       total 64512K, used 8466K [0x0000000081800000, 0x0000000085700000, 0x00000000d5d80000)
  object space 64512K, 13% used [0x0000000081800000,0x0000000082044b10,0x0000000085700000)
 Metaspace       used 20856K, capacity 21220K, committed 21248K, reserved 1069056K
  class space    used 2434K, capacity 2547K, committed 2560K, reserved 1048576K
}
Event: 7.507 GC heap before
{Heap before GC invocations=6 (full 1):
 PSYoungGen      total 71680K, used 66560K [0x00000000d5d80000, 0x00000000da880000, 0x0000000100000000)
  eden space 66560K, 100% used [0x00000000d5d80000,0x00000000d9e80000,0x00000000d9e80000)
  from space 5120K, 0% used [0x00000000da380000,0x00000000da380000,0x00000000da880000)
  to   space 5120K, 0% used [0x00000000d9e80000,0x00000000d9e80000,0x00000000da380000)
 ParOldGen       total 64512K, used 8466K [0x0000000081800000, 0x0000000085700000, 0x00000000d5d80000)
  object space 64512K, 13% used [0x0000000081800000,0x0000000082044b10,0x0000000085700000)
 Metaspace       used 24309K, capacity 24888K, committed 25088K, reserved 1071104K
  class space    used 2851K, capacity 2965K, committed 3072K, reserved 1048576K
Event: 7.515 GC heap after
Heap after GC invocations=6 (full 1):
 PSYoungGen      total 71680K, used 5109K [0x00000000d5d80000, 0x00000000dd680000, 0x0000000100000000)
  eden space 66560K, 0% used [0x00000000d5d80000,0x00000000d5d80000,0x00000000d9e80000)
  from space 5120K, 99% used [0x00000000d9e80000,0x00000000da37d6d0,0x00000000da380000)
  to   space 15872K, 0% used [0x00000000dc700000,0x00000000dc700000,0x00000000dd680000)
 ParOldGen       total 64512K, used 19006K [0x0000000081800000, 0x0000000085700000, 0x00000000d5d80000)
  object space 64512K, 29% used [0x0000000081800000,0x0000000082a8fb68,0x0000000085700000)
 Metaspace       used 24309K, capacity 24888K, committed 25088K, reserved 1071104K
  class space    used 2851K, capacity 2965K, committed 3072K, reserved 1048576K
}
Event: 90.689 GC heap before
{Heap before GC invocations=7 (full 1):
 PSYoungGen      total 71680K, used 71669K [0x00000000d5d80000, 0x00000000dd680000, 0x0000000100000000)
  eden space 66560K, 100% used [0x00000000d5d80000,0x00000000d9e80000,0x00000000d9e80000)
  from space 5120K, 99% used [0x00000000d9e80000,0x00000000da37d6d0,0x00000000da380000)
  to   space 15872K, 0% used [0x00000000dc700000,0x00000000dc700000,0x00000000dd680000)
 ParOldGen       total 64512K, used 19006K [0x0000000081800000, 0x0000000085700000, 0x00000000d5d80000)
  object space 64512K, 29% used [0x0000000081800000,0x0000000082a8fb68,0x0000000085700000)
 Metaspace       used 26786K, capacity 27446K, committed 27776K, reserved 1073152K
  class space    used 3249K, capacity 3385K, committed 3456K, reserved 1048576K
Event: 90.700 GC heap after
Heap after GC invocations=7 (full 1):
 PSYoungGen      total 103424K, used 14428K [0x00000000d5d80000, 0x00000000dd700000, 0x0000000100000000)
  eden space 87552K, 0% used [0x00000000d5d80000,0x00000000d5d80000,0x00000000db300000)
  from space 15872K, 90% used [0x00000000dc700000,0x00000000dd5173e8,0x00000000dd680000)
  to   space 18432K, 0% used [0x00000000db300000,0x00000000db300000,0x00000000dc500000)
 ParOldGen       total 64512K, used 19014K [0x0000000081800000, 0x0000000085700000, 0x00000000d5d80000)
  object space 64512K, 29% used [0x0000000081800000,0x0000000082a91b68,0x0000000085700000)
 Metaspace       used 26786K, capacity 27446K, committed 27776K, reserved 1073152K
  class space    used 3249K, capacity 3385K, committed 3456K, reserved 1048576K
}

