# JRE version: Java(TM) SE Runtime Environment (8.0_60-b27) (build 1.8.0_60-b27)
# Java VM: Java HotSpot(TM) 64-Bit Server VM (25.60-b23 mixed mode windows-amd64 compressed oops)
Heap:
 PSYoungGen      total 115200K, used 21554K [0x00000000d5d80000, 0x00000000de080000, 0x0000000100000000)
  eden space 104448K, 15% used [0x00000000d5d80000,0x00000000d6d42c98,0x00000000dc380000)
  from space 10752K, 50% used [0x00000000dd600000,0x00000000ddb49cf8,0x00000000de080000)
  to   space 14848K, 0% used [0x00000000dc380000,0x00000000dc380000,0x00000000dd200000)
 ParOldGen       total 69632K, used 23088K [0x0000000081800000, 0x0000000085c00000, 0x00000000d5d80000)
  object space 69632K, 33% used [0x0000000081800000,0x0000000082e8c000,0x0000000085c00000)
 Metaspace       used 26924K, capacity 27602K, committed 27776K, reserved 1073152K
  class space    used 3274K, capacity 3417K, committed 3456K, reserved 1048576K
GC Heap History (10 events):
Event: 7.487 GC heap before
{Heap before GC invocations=5 (full 1):
 PSYoungGen      total 71680K, used 66560K [0x00000000d5d80000, 0x00000000de980000, 0x0000000100000000)
  eden space 66560K, 100% used [0x00000000d5d80000,0x00000000d9e80000,0x00000000d9e80000)
  from space 5120K, 0% used [0x00000000d9e80000,0x00000000d9e80000,0x00000000da380000)
  to   space 5120K, 0% used [0x00000000de480000,0x00000000de480000,0x00000000de980000)
 ParOldGen       total 69632K, used 10194K [0x0000000081800000, 0x0000000085c00000, 0x00000000d5d80000)
  object space 69632K, 14% used [0x0000000081800000,0x00000000821f4958,0x0000000085c00000)
 Metaspace       used 24332K, capacity 24948K, committed 25088K, reserved 1071104K
  class space    used 2851K, capacity 2965K, committed 3072K, reserved 1048576K
Event: 7.495 GC heap after
Heap after GC invocations=5 (full 1):
 PSYoungGen      total 94720K, used 5096K [0x00000000d5d80000, 0x00000000de980000, 0x0000000100000000)
  eden space 89600K, 0% used [0x00000000d5d80000,0x00000000d5d80000,0x00000000db500000)
  from space 5120K, 99% used [0x00000000de480000,0x00000000de97a028,0x00000000de980000)
  to   space 5120K, 0% used [0x00000000ddf80000,0x00000000ddf80000,0x00000000de480000)
 ParOldGen       total 69632K, used 21379K [0x0000000081800000, 0x0000000085c00000, 0x00000000d5d80000)
  object space 69632K, 30% used [0x0000000081800000,0x0000000082ce0cf0,0x0000000085c00000)
 Metaspace       used 24332K, capacity 24948K, committed 25088K, reserved 1071104K
  class space    used 2851K, capacity 2965K, committed 3072K, reserved 1048576K
}
Event: 119.403 GC heap before
{Heap before GC invocations=6 (full 1):
 PSYoungGen      total 94720K, used 94696K [0x00000000d5d80000, 0x00000000de980000, 0x0000000100000000)
  eden space 89600K, 100% used [0x00000000d5d80000,0x00000000db500000,0x00000000db500000)
  from space 5120K, 99% used [0x00000000de480000,0x00000000de97a028,0x00000000de980000)
  to   space 5120K, 0% used [0x00000000ddf80000,0x00000000ddf80000,0x00000000de480000)
 ParOldGen       total 69632K, used 21379K [0x0000000081800000, 0x0000000085c00000, 0x00000000d5d80000)
  object space 69632K, 30% used [0x0000000081800000,0x0000000082ce0cf0,0x0000000085c00000)
 Metaspace       used 26817K, capacity 27474K, committed 27776K, reserved 1073152K
  class space    used 3273K, capacity 3417K, committed 3456K, reserved 1048576K
Event: 119.413 GC heap after
Heap after GC invocations=6 (full 1):
 PSYoungGen      total 119808K, used 5095K [0x00000000d5d80000, 0x00000000dee80000, 0x0000000100000000)
  eden space 114688K, 0% used [0x00000000d5d80000,0x00000000d5d80000,0x00000000dcd80000)
  from space 5120K, 99% used [0x00000000ddf80000,0x00000000de479cd8,0x00000000de480000)
  to   space 10240K, 0% used [0x00000000de480000,0x00000000de480000,0x00000000dee80000)
 ParOldGen       total 69632K, used 23064K [0x0000000081800000, 0x0000000085c00000, 0x00000000d5d80000)
  object space 69632K, 33% used [0x0000000081800000,0x0000000082e86000,0x0000000085c00000)
 Metaspace       used 26817K, capacity 27474K, committed 27776K, reserved 1073152K
  class space    used 3273K, capacity 3417K, committed 3456K, reserved 1048576K
}
Event: 293.497 GC heap before
{Heap before GC invocations=7 (full 1):
 PSYoungGen      total 119808K, used 119783K [0x00000000d5d80000, 0x00000000dee80000, 0x0000000100000000)
  eden space 114688K, 100% used [0x00000000d5d80000,0x00000000dcd80000,0x00000000dcd80000)
  from space 5120K, 99% used [0x00000000ddf80000,0x00000000de479cd8,0x00000000de480000)
  to   space 10240K, 0% used [0x00000000de480000,0x00000000de480000,0x00000000dee80000)
 ParOldGen       total 69632K, used 23064K [0x0000000081800000, 0x0000000085c00000, 0x00000000d5d80000)
  object space 69632K, 33% used [0x0000000081800000,0x0000000082e86000,0x0000000085c00000)
 Metaspace       used 26891K, capacity 27538K, committed 27776K, reserved 1073152K
  class space    used 3273K, capacity 3417K, committed 3456K, reserved 1048576K
Event: 293.503 GC heap after
Heap after GC invocations=7 (full 1):
 PSYoungGen      total 116736K, used 5239K [0x00000000d5d80000, 0x00000000dea00000, 0x0000000100000000)
  eden space 111104K, 0% used [0x00000000d5d80000,0x00000000d5d80000,0x00000000dca00000)
  from space 5632K, 93% used [0x00000000de480000,0x00000000de99dce8,0x00000000dea00000)
  to   space 15872K, 0% used [0x00000000dcb00000,0x00000000dcb00000,0x00000000dda80000)
 ParOldGen       total 69632K, used 23072K [0x0000000081800000, 0x0000000085c00000, 0x00000000d5d80000)
  object space 69632K, 33% used [0x0000000081800000,0x0000000082e88000,0x0000000085c00000)
 Metaspace       used 26891K, capacity 27538K, committed 27776K, reserved 1073152K
  class space    used 3273K, capacity 3417K, committed 3456K, reserved 1048576K
}
Event: 470.572 GC heap before
{Heap before GC invocations=8 (full 1):
 PSYoungGen      total 116736K, used 116343K [0x00000000d5d80000, 0x00000000dea00000, 0x0000000100000000)
  eden space 111104K, 100% used [0x00000000d5d80000,0x00000000dca00000,0x00000000dca00000)
  from space 5632K, 93% used [0x00000000de480000,0x00000000de99dce8,0x00000000dea00000)
  to   space 15872K, 0% used [0x00000000dcb00000,0x00000000dcb00000,0x00000000dda80000)
 ParOldGen       total 69632K, used 23072K [0x0000000081800000, 0x0000000085c00000, 0x00000000d5d80000)
  object space 69632K, 33% used [0x0000000081800000,0x0000000082e88000,0x0000000085c00000)
 Metaspace       used 26910K, capacity 27538K, committed 27776K, reserved 1073152K
  class space    used 3273K, capacity 3417K, committed 3456K, reserved 1048576K
Event: 470.585 GC heap after
Heap after GC invocations=8 (full 1):
 PSYoungGen      total 113152K, used 5335K [0x00000000d5d80000, 0x00000000de500000, 0x0000000100000000)
  eden space 107520K, 0% used [0x00000000d5d80000,0x00000000d5d80000,0x00000000dc680000)
  from space 5632K, 94% used [0x00000000dcb00000,0x00000000dd035ce8,0x00000000dd080000)
  to   space 15360K, 0% used [0x00000000dd600000,0x00000000dd600000,0x00000000de500000)
 ParOldGen       total 69632K, used 23080K [0x0000000081800000, 0x0000000085c00000, 0x00000000d5d80000)
  object space 69632K, 33% used [0x0000000081800000,0x0000000082e8a000,0x0000000085c00000)
 Metaspace       used 26910K, capacity 27538K, committed 27776K, reserved 1073152K
  class space    used 3273K, capacity 3417K, committed 3456K, reserved 1048576K
}
Event: 625.633 GC heap before
{Heap before GC invocations=9 (full 1):
 PSYoungGen      total 113152K, used 112855K [0x00000000d5d80000, 0x00000000de500000, 0x0000000100000000)
  eden space 107520K, 100% used [0x00000000d5d80000,0x00000000dc680000,0x00000000dc680000)
  from space 5632K, 94% used [0x00000000dcb00000,0x00000000dd035ce8,0x00000000dd080000)
  to   space 15360K, 0% used [0x00000000dd600000,0x00000000dd600000,0x00000000de500000)
 ParOldGen       total 69632K, used 23080K [0x0000000081800000, 0x0000000085c00000, 0x00000000d5d80000)
  object space 69632K, 33% used [0x0000000081800000,0x0000000082e8a000,0x0000000085c00000)
 Metaspace       used 26910K, capacity 27538K, committed 27776K, reserved 1073152K
  class space    used 3273K, capacity 3417K, committed 3456K, reserved 1048576K
Event: 625.648 GC heap after
Heap after GC invocations=9 (full 1):
 PSYoungGen      total 115200K, used 5415K [0x00000000d5d80000, 0x00000000de080000, 0x0000000100000000)
  eden space 104448K, 0% used [0x00000000d5d80000,0x00000000d5d80000,0x00000000dc380000)
  from space 10752K, 50% used [0x00000000dd600000,0x00000000ddb49cf8,0x00000000de080000)
  to   space 14848K, 0% used [0x00000000dc380000,0x00000000dc380000,0x00000000dd200000)
 ParOldGen       total 69632K, used 23088K [0x0000000081800000, 0x0000000085c00000, 0x00000000d5d80000)
  object space 69632K, 33% used [0x0000000081800000,0x0000000082e8c000,0x0000000085c00000)
 Metaspace       used 26910K, capacity 27538K, committed 27776K, reserved 1073152K
  class space    used 3273K, capacity 3417K, committed 3456K, reserved 1048576K
}

