# JRE version: Java(TM) SE Runtime Environment (8.0_60-b27) (build 1.8.0_60-b27)
# Java VM: Java HotSpot(TM) 64-Bit Server VM (25.60-b23 mixed mode windows-amd64 compressed oops)
Heap:
 PSYoungGen      total 141312K, used 60384K [0x00000000d5d80000, 0x00000000e2100000, 0x0000000100000000)
  eden space 131584K, 38% used [0x00000000d5d80000,0x00000000d8ef9388,0x00000000dde00000)
  from space 9728K, 99% used [0x00000000dde00000,0x00000000de77ef88,0x00000000de780000)
  to   space 14336K, 0% used [0x00000000e1300000,0x00000000e1300000,0x00000000e2100000)
 ParOldGen       total 61440K, used 19758K [0x0000000081800000, 0x0000000085400000, 0x00000000d5d80000)
  object space 61440K, 32% used [0x0000000081800000,0x0000000082b4b8e8,0x0000000085400000)
 Metaspace       used 26987K, capacity 27622K, committed 27776K, reserved 1073152K
  class space    used 3228K, capacity 3356K, committed 3456K, reserved 1048576K
GC Heap History (10 events):
Event: 4.302 GC heap before
{Heap before GC invocations=6 (full 0):
 PSYoungGen      total 38400K, used 38397K [0x00000000d5d80000, 0x00000000daa80000, 0x0000000100000000)
  eden space 33280K, 100% used [0x00000000d5d80000,0x00000000d7e00000,0x00000000d7e00000)
  from space 5120K, 99% used [0x00000000d7e00000,0x00000000d82ff7d0,0x00000000d8300000)
  to   space 6144K, 0% used [0x00000000da480000,0x00000000da480000,0x00000000daa80000)
 ParOldGen       total 87552K, used 507K [0x0000000081800000, 0x0000000086d80000, 0x00000000d5d80000)
  object space 87552K, 0% used [0x0000000081800000,0x000000008187ed60,0x0000000086d80000)
 Metaspace       used 12524K, capacity 12782K, committed 13056K, reserved 1060864K
  class space    used 1399K, capacity 1464K, committed 1536K, reserved 1048576K
Event: 4.314 GC heap after
Heap after GC invocations=6 (full 0):
 PSYoungGen      total 72192K, used 5746K [0x00000000d5d80000, 0x00000000dab80000, 0x0000000100000000)
  eden space 66048K, 0% used [0x00000000d5d80000,0x00000000d5d80000,0x00000000d9e00000)
  from space 6144K, 93% used [0x00000000da480000,0x00000000daa1ca90,0x00000000daa80000)
  to   space 6656K, 0% used [0x00000000d9e00000,0x00000000d9e00000,0x00000000da480000)
 ParOldGen       total 87552K, used 515K [0x0000000081800000, 0x0000000086d80000, 0x00000000d5d80000)
  object space 87552K, 0% used [0x0000000081800000,0x0000000081880d60,0x0000000086d80000)
 Metaspace       used 12524K, capacity 12782K, committed 13056K, reserved 1060864K
  class space    used 1399K, capacity 1464K, committed 1536K, reserved 1048576K
}
Event: 6.102 GC heap before
{Heap before GC invocations=7 (full 0):
 PSYoungGen      total 72192K, used 71794K [0x00000000d5d80000, 0x00000000dab80000, 0x0000000100000000)
  eden space 66048K, 100% used [0x00000000d5d80000,0x00000000d9e00000,0x00000000d9e00000)
  from space 6144K, 93% used [0x00000000da480000,0x00000000daa1ca90,0x00000000daa80000)
  to   space 6656K, 0% used [0x00000000d9e00000,0x00000000d9e00000,0x00000000da480000)
 ParOldGen       total 87552K, used 515K [0x0000000081800000, 0x0000000086d80000, 0x00000000d5d80000)
  object space 87552K, 0% used [0x0000000081800000,0x0000000081880d60,0x0000000086d80000)
 Metaspace       used 16285K, capacity 16504K, committed 16768K, reserved 1064960K
  class space    used 1796K, capacity 1886K, committed 1920K, reserved 1048576K
Event: 6.123 GC heap after
Heap after GC invocations=7 (full 0):
 PSYoungGen      total 72704K, used 6653K [0x00000000d5d80000, 0x00000000df080000, 0x0000000100000000)
  eden space 66048K, 0% used [0x00000000d5d80000,0x00000000d5d80000,0x00000000d9e00000)
  from space 6656K, 99% used [0x00000000d9e00000,0x00000000da47f730,0x00000000da480000)
  to   space 9216K, 0% used [0x00000000de780000,0x00000000de780000,0x00000000df080000)
 ParOldGen       total 87552K, used 4194K [0x0000000081800000, 0x0000000086d80000, 0x00000000d5d80000)
  object space 87552K, 4% used [0x0000000081800000,0x0000000081c189b8,0x0000000086d80000)
 Metaspace       used 16285K, capacity 16504K, committed 16768K, reserved 1064960K
  class space    used 1796K, capacity 1886K, committed 1920K, reserved 1048576K
}
Event: 7.904 GC heap before
{Heap before GC invocations=8 (full 0):
 PSYoungGen      total 72704K, used 45844K [0x00000000d5d80000, 0x00000000df080000, 0x0000000100000000)
  eden space 66048K, 59% used [0x00000000d5d80000,0x00000000d83c59f8,0x00000000d9e00000)
  from space 6656K, 99% used [0x00000000d9e00000,0x00000000da47f730,0x00000000da480000)
  to   space 9216K, 0% used [0x00000000de780000,0x00000000de780000,0x00000000df080000)
 ParOldGen       total 87552K, used 4194K [0x0000000081800000, 0x0000000086d80000, 0x00000000d5d80000)
  object space 87552K, 4% used [0x0000000081800000,0x0000000081c189b8,0x0000000086d80000)
 Metaspace       used 20784K, capacity 21140K, committed 21248K, reserved 1069056K
  class space    used 2411K, capacity 2545K, committed 2560K, reserved 1048576K
Event: 7.913 GC heap after
Heap after GC invocations=8 (full 0):
 PSYoungGen      total 140800K, used 7002K [0x00000000d5d80000, 0x00000000df180000, 0x0000000100000000)
  eden space 131584K, 0% used [0x00000000d5d80000,0x00000000d5d80000,0x00000000dde00000)
  from space 9216K, 75% used [0x00000000de780000,0x00000000dee568c0,0x00000000df080000)
  to   space 9728K, 0% used [0x00000000dde00000,0x00000000dde00000,0x00000000de780000)
 ParOldGen       total 87552K, used 5275K [0x0000000081800000, 0x0000000086d80000, 0x00000000d5d80000)
  object space 87552K, 6% used [0x0000000081800000,0x0000000081d26f58,0x0000000086d80000)
 Metaspace       used 20784K, capacity 21140K, committed 21248K, reserved 1069056K
  class space    used 2411K, capacity 2545K, committed 2560K, reserved 1048576K
}
Event: 7.913 GC heap before
{Heap before GC invocations=9 (full 1):
 PSYoungGen      total 140800K, used 7002K [0x00000000d5d80000, 0x00000000df180000, 0x0000000100000000)
  eden space 131584K, 0% used [0x00000000d5d80000,0x00000000d5d80000,0x00000000dde00000)
  from space 9216K, 75% used [0x00000000de780000,0x00000000dee568c0,0x00000000df080000)
  to   space 9728K, 0% used [0x00000000dde00000,0x00000000dde00000,0x00000000de780000)
 ParOldGen       total 87552K, used 5275K [0x0000000081800000, 0x0000000086d80000, 0x00000000d5d80000)
  object space 87552K, 6% used [0x0000000081800000,0x0000000081d26f58,0x0000000086d80000)
 Metaspace       used 20784K, capacity 21140K, committed 21248K, reserved 1069056K
  class space    used 2411K, capacity 2545K, committed 2560K, reserved 1048576K
Event: 7.999 GC heap after
Heap after GC invocations=9 (full 1):
 PSYoungGen      total 140800K, used 0K [0x00000000d5d80000, 0x00000000df180000, 0x0000000100000000)
  eden space 131584K, 0% used [0x00000000d5d80000,0x00000000d5d80000,0x00000000dde00000)
  from space 9216K, 0% used [0x00000000de780000,0x00000000de780000,0x00000000df080000)
  to   space 9728K, 0% used [0x00000000dde00000,0x00000000dde00000,0x00000000de780000)
 ParOldGen       total 61440K, used 11534K [0x0000000081800000, 0x0000000085400000, 0x00000000d5d80000)
  object space 61440K, 18% used [0x0000000081800000,0x00000000823438f8,0x0000000085400000)
 Metaspace       used 20784K, capacity 21140K, committed 21248K, reserved 1069056K
  class space    used 2411K, capacity 2545K, committed 2560K, reserved 1048576K
}
Event: 88.617 GC heap before
{Heap before GC invocations=10 (full 1):
 PSYoungGen      total 140800K, used 131584K [0x00000000d5d80000, 0x00000000df180000, 0x0000000100000000)
  eden space 131584K, 100% used [0x00000000d5d80000,0x00000000dde00000,0x00000000dde00000)
  from space 9216K, 0% used [0x00000000de780000,0x00000000de780000,0x00000000df080000)
  to   space 9728K, 0% used [0x00000000dde00000,0x00000000dde00000,0x00000000de780000)
 ParOldGen       total 61440K, used 11534K [0x0000000081800000, 0x0000000085400000, 0x00000000d5d80000)
  object space 61440K, 18% used [0x0000000081800000,0x00000000823438f8,0x0000000085400000)
 Metaspace       used 26347K, capacity 26982K, committed 27136K, reserved 1073152K
  class space    used 3145K, capacity 3292K, committed 3328K, reserved 1048576K
Event: 88.629 GC heap after
Heap after GC invocations=10 (full 1):
 PSYoungGen      total 141312K, used 9723K [0x00000000d5d80000, 0x00000000e2100000, 0x0000000100000000)
  eden space 131584K, 0% used [0x00000000d5d80000,0x00000000d5d80000,0x00000000dde00000)
  from space 9728K, 99% used [0x00000000dde00000,0x00000000de77ef88,0x00000000de780000)
  to   space 14336K, 0% used [0x00000000e1300000,0x00000000e1300000,0x00000000e2100000)
 ParOldGen       total 61440K, used 19758K [0x0000000081800000, 0x0000000085400000, 0x00000000d5d80000)
  object space 61440K, 32% used [0x0000000081800000,0x0000000082b4b8e8,0x0000000085400000)
 Metaspace       used 26347K, capacity 26982K, committed 27136K, reserved 1073152K
  class space    used 3145K, capacity 3292K, committed 3328K, reserved 1048576K
}

