# JRE version: Java(TM) SE Runtime Environment (8.0_60-b27) (build 1.8.0_60-b27)
# Java VM: Java HotSpot(TM) 64-Bit Server VM (25.60-b23 mixed mode windows-amd64 compressed oops)
Heap:
 PSYoungGen      total 73216K, used 27024K [0x00000000d5d80000, 0x00000000dae00000, 0x0000000100000000)
  eden space 68096K, 32% used [0x00000000d5d80000,0x00000000d73039d8,0x00000000da000000)
  from space 5120K, 97% used [0x00000000da180000,0x00000000da6606c8,0x00000000da680000)
  to   space 7168K, 0% used [0x00000000da700000,0x00000000da700000,0x00000000dae00000)
 ParOldGen       total 65024K, used 18924K [0x0000000081800000, 0x0000000085780000, 0x00000000d5d80000)
  object space 65024K, 29% used [0x0000000081800000,0x0000000082a7b3c8,0x0000000085780000)
 Metaspace       used 26505K, capacity 27130K, committed 27392K, reserved 1073152K
  class space    used 3130K, capacity 3260K, committed 3328K, reserved 1048576K
GC Heap History (10 events):
Event: 935.263 GC heap before
{Heap before GC invocations=12 (full 1):
 PSYoungGen      total 83968K, used 82429K [0x00000000d5d80000, 0x00000000db980000, 0x0000000100000000)
  eden space 77824K, 100% used [0x00000000d5d80000,0x00000000da980000,0x00000000da980000)
  from space 6144K, 74% used [0x00000000db380000,0x00000000db7ff658,0x00000000db980000)
  to   space 8192K, 0% used [0x00000000da980000,0x00000000da980000,0x00000000db180000)
 ParOldGen       total 65024K, used 18900K [0x0000000081800000, 0x0000000085780000, 0x00000000d5d80000)
  object space 65024K, 29% used [0x0000000081800000,0x0000000082a753c8,0x0000000085780000)
 Metaspace       used 26070K, capacity 26698K, committed 26880K, reserved 1073152K
  class space    used 3075K, capacity 3224K, committed 3328K, reserved 1048576K
Event: 935.279 GC heap after
Heap after GC invocations=12 (full 1):
 PSYoungGen      total 80896K, used 4637K [0x00000000d5d80000, 0x00000000db680000, 0x0000000100000000)
  eden space 75776K, 0% used [0x00000000d5d80000,0x00000000d5d80000,0x00000000da780000)
  from space 5120K, 90% used [0x00000000da980000,0x00000000dae07658,0x00000000dae80000)
  to   space 7680K, 0% used [0x00000000daf00000,0x00000000daf00000,0x00000000db680000)
 ParOldGen       total 65024K, used 18908K [0x0000000081800000, 0x0000000085780000, 0x00000000d5d80000)
  object space 65024K, 29% used [0x0000000081800000,0x0000000082a773c8,0x0000000085780000)
 Metaspace       used 26070K, capacity 26698K, committed 26880K, reserved 1073152K
  class space    used 3075K, capacity 3224K, committed 3328K, reserved 1048576K
}
Event: 1062.584 GC heap before
{Heap before GC invocations=13 (full 1):
 PSYoungGen      total 80896K, used 80413K [0x00000000d5d80000, 0x00000000db680000, 0x0000000100000000)
  eden space 75776K, 100% used [0x00000000d5d80000,0x00000000da780000,0x00000000da780000)
  from space 5120K, 90% used [0x00000000da980000,0x00000000dae07658,0x00000000dae80000)
  to   space 7680K, 0% used [0x00000000daf00000,0x00000000daf00000,0x00000000db680000)
 ParOldGen       total 65024K, used 18908K [0x0000000081800000, 0x0000000085780000, 0x00000000d5d80000)
  object space 65024K, 29% used [0x0000000081800000,0x0000000082a773c8,0x0000000085780000)
 Metaspace       used 26212K, capacity 26832K, committed 27136K, reserved 1073152K
  class space    used 3087K, capacity 3225K, committed 3328K, reserved 1048576K
Event: 1062.601 GC heap after
Heap after GC invocations=13 (full 1):
 PSYoungGen      total 79360K, used 4702K [0x00000000d5d80000, 0x00000000db480000, 0x0000000100000000)
  eden space 73728K, 0% used [0x00000000d5d80000,0x00000000d5d80000,0x00000000da580000)
  from space 5632K, 83% used [0x00000000daf00000,0x00000000db397be0,0x00000000db480000)
  to   space 7680K, 0% used [0x00000000da580000,0x00000000da580000,0x00000000dad00000)
 ParOldGen       total 65024K, used 18916K [0x0000000081800000, 0x0000000085780000, 0x00000000d5d80000)
  object space 65024K, 29% used [0x0000000081800000,0x0000000082a793c8,0x0000000085780000)
 Metaspace       used 26212K, capacity 26832K, committed 27136K, reserved 1073152K
  class space    used 3087K, capacity 3225K, committed 3328K, reserved 1048576K
}
Event: 1192.617 GC heap before
{Heap before GC invocations=14 (full 1):
 PSYoungGen      total 79360K, used 78430K [0x00000000d5d80000, 0x00000000db480000, 0x0000000100000000)
  eden space 73728K, 100% used [0x00000000d5d80000,0x00000000da580000,0x00000000da580000)
  from space 5632K, 83% used [0x00000000daf00000,0x00000000db397be0,0x00000000db480000)
  to   space 7680K, 0% used [0x00000000da580000,0x00000000da580000,0x00000000dad00000)
 ParOldGen       total 65024K, used 18916K [0x0000000081800000, 0x0000000085780000, 0x00000000d5d80000)
  object space 65024K, 29% used [0x0000000081800000,0x0000000082a793c8,0x0000000085780000)
 Metaspace       used 26491K, capacity 27130K, committed 27392K, reserved 1073152K
  class space    used 3128K, capacity 3260K, committed 3328K, reserved 1048576K
Event: 1192.635 GC heap after
Heap after GC invocations=14 (full 1):
 PSYoungGen      total 76800K, used 4897K [0x00000000d5d80000, 0x00000000db180000, 0x0000000100000000)
  eden space 71680K, 0% used [0x00000000d5d80000,0x00000000d5d80000,0x00000000da380000)
  from space 5120K, 95% used [0x00000000da580000,0x00000000daa486c8,0x00000000daa80000)
  to   space 7168K, 0% used [0x00000000daa80000,0x00000000daa80000,0x00000000db180000)
 ParOldGen       total 65024K, used 18924K [0x0000000081800000, 0x0000000085780000, 0x00000000d5d80000)
  object space 65024K, 29% used [0x0000000081800000,0x0000000082a7b3c8,0x0000000085780000)
 Metaspace       used 26491K, capacity 27130K, committed 27392K, reserved 1073152K
  class space    used 3128K, capacity 3260K, committed 3328K, reserved 1048576K
}
Event: 1324.049 GC heap before
{Heap before GC invocations=15 (full 1):
 PSYoungGen      total 76800K, used 76577K [0x00000000d5d80000, 0x00000000db180000, 0x0000000100000000)
  eden space 71680K, 100% used [0x00000000d5d80000,0x00000000da380000,0x00000000da380000)
  from space 5120K, 95% used [0x00000000da580000,0x00000000daa486c8,0x00000000daa80000)
  to   space 7168K, 0% used [0x00000000daa80000,0x00000000daa80000,0x00000000db180000)
 ParOldGen       total 65024K, used 18924K [0x0000000081800000, 0x0000000085780000, 0x00000000d5d80000)
  object space 65024K, 29% used [0x0000000081800000,0x0000000082a7b3c8,0x0000000085780000)
 Metaspace       used 26491K, capacity 27130K, committed 27392K, reserved 1073152K
  class space    used 3128K, capacity 3260K, committed 3328K, reserved 1048576K
Event: 1324.071 GC heap after
Heap after GC invocations=15 (full 1):
 PSYoungGen      total 74752K, used 4929K [0x00000000d5d80000, 0x00000000daf80000, 0x0000000100000000)
  eden space 69632K, 0% used [0x00000000d5d80000,0x00000000d5d80000,0x00000000da180000)
  from space 5120K, 96% used [0x00000000daa80000,0x00000000daf506c8,0x00000000daf80000)
  to   space 7168K, 0% used [0x00000000da180000,0x00000000da180000,0x00000000da880000)
 ParOldGen       total 65024K, used 18924K [0x0000000081800000, 0x0000000085780000, 0x00000000d5d80000)
  object space 65024K, 29% used [0x0000000081800000,0x0000000082a7b3c8,0x0000000085780000)
 Metaspace       used 26491K, capacity 27130K, committed 27392K, reserved 1073152K
  class space    used 3128K, capacity 3260K, committed 3328K, reserved 1048576K
}
Event: 1439.109 GC heap before
{Heap before GC invocations=16 (full 1):
 PSYoungGen      total 74752K, used 74561K [0x00000000d5d80000, 0x00000000daf80000, 0x0000000100000000)
  eden space 69632K, 100% used [0x00000000d5d80000,0x00000000da180000,0x00000000da180000)
  from space 5120K, 96% used [0x00000000daa80000,0x00000000daf506c8,0x00000000daf80000)
  to   space 7168K, 0% used [0x00000000da180000,0x00000000da180000,0x00000000da880000)
 ParOldGen       total 65024K, used 18924K [0x0000000081800000, 0x0000000085780000, 0x00000000d5d80000)
  object space 65024K, 29% used [0x0000000081800000,0x0000000082a7b3c8,0x0000000085780000)
 Metaspace       used 26491K, capacity 27130K, committed 27392K, reserved 1073152K
  class space    used 3128K, capacity 3260K, committed 3328K, reserved 1048576K
Event: 1439.126 GC heap after
Heap after GC invocations=16 (full 1):
 PSYoungGen      total 73216K, used 4993K [0x00000000d5d80000, 0x00000000dae00000, 0x0000000100000000)
  eden space 68096K, 0% used [0x00000000d5d80000,0x00000000d5d80000,0x00000000da000000)
  from space 5120K, 97% used [0x00000000da180000,0x00000000da6606c8,0x00000000da680000)
  to   space 7168K, 0% used [0x00000000da700000,0x00000000da700000,0x00000000dae00000)
 ParOldGen       total 65024K, used 18924K [0x0000000081800000, 0x0000000085780000, 0x00000000d5d80000)
  object space 65024K, 29% used [0x0000000081800000,0x0000000082a7b3c8,0x0000000085780000)
 Metaspace       used 26491K, capacity 27130K, committed 27392K, reserved 1073152K
  class space    used 3128K, capacity 3260K, committed 3328K, reserved 1048576K
}

