# JRE version: Java(TM) SE Runtime Environment (8.0_60-b27) (build 1.8.0_60-b27)
# Java VM: Java HotSpot(TM) 64-Bit Server VM (25.60-b23 mixed mode windows-amd64 compressed oops)
Heap:
 PSYoungGen      total 139776K, used 120005K [0x00000000d5d80000, 0x00000000e7080000, 0x0000000100000000)
  eden space 130560K, 91% used [0x00000000d5d80000,0x00000000dd2b1430,0x00000000ddd00000)
  from space 9216K, 0% used [0x00000000ddd00000,0x00000000ddd00000,0x00000000de600000)
  to   space 10240K, 0% used [0x00000000e6680000,0x00000000e6680000,0x00000000e7080000)
 ParOldGen       total 62976K, used 11880K [0x0000000081800000, 0x0000000085580000, 0x00000000d5d80000)
  object space 62976K, 18% used [0x0000000081800000,0x000000008239a3a8,0x0000000085580000)
 Metaspace       used 26796K, capacity 27474K, committed 27648K, reserved 1073152K
  class space    used 3207K, capacity 3326K, committed 3328K, reserved 1048576K
GC Heap History (10 events):
Event: 3.125 GC heap before
{Heap before GC invocations=4 (full 0):
 PSYoungGen      total 38400K, used 37360K [0x00000000d5d80000, 0x00000000da880000, 0x0000000100000000)
  eden space 33280K, 100% used [0x00000000d5d80000,0x00000000d7e00000,0x00000000d7e00000)
  from space 5120K, 79% used [0x00000000d7e00000,0x00000000d81fc010,0x00000000d8300000)
  to   space 5120K, 0% used [0x00000000da380000,0x00000000da380000,0x00000000da880000)
 ParOldGen       total 87552K, used 104K [0x0000000081800000, 0x0000000086d80000, 0x00000000d5d80000)
  object space 87552K, 0% used [0x0000000081800000,0x000000008181a010,0x0000000086d80000)
 Metaspace       used 12494K, capacity 12712K, committed 12800K, reserved 1060864K
  class space    used 1394K, capacity 1463K, committed 1536K, reserved 1048576K
Event: 3.134 GC heap after
Heap after GC invocations=4 (full 0):
 PSYoungGen      total 71680K, used 4784K [0x00000000d5d80000, 0x00000000da880000, 0x0000000100000000)
  eden space 66560K, 0% used [0x00000000d5d80000,0x00000000d5d80000,0x00000000d9e80000)
  from space 5120K, 93% used [0x00000000da380000,0x00000000da82c0a8,0x00000000da880000)
  to   space 5120K, 0% used [0x00000000d9e80000,0x00000000d9e80000,0x00000000da380000)
 ParOldGen       total 87552K, used 112K [0x0000000081800000, 0x0000000086d80000, 0x00000000d5d80000)
  object space 87552K, 0% used [0x0000000081800000,0x000000008181c010,0x0000000086d80000)
 Metaspace       used 12494K, capacity 12712K, committed 12800K, reserved 1060864K
  class space    used 1394K, capacity 1463K, committed 1536K, reserved 1048576K
}
Event: 3.885 GC heap before
{Heap before GC invocations=5 (full 0):
 PSYoungGen      total 71680K, used 71344K [0x00000000d5d80000, 0x00000000da880000, 0x0000000100000000)
  eden space 66560K, 100% used [0x00000000d5d80000,0x00000000d9e80000,0x00000000d9e80000)
  from space 5120K, 93% used [0x00000000da380000,0x00000000da82c0a8,0x00000000da880000)
  to   space 5120K, 0% used [0x00000000d9e80000,0x00000000d9e80000,0x00000000da380000)
 ParOldGen       total 87552K, used 112K [0x0000000081800000, 0x0000000086d80000, 0x00000000d5d80000)
  object space 87552K, 0% used [0x0000000081800000,0x000000008181c010,0x0000000086d80000)
 Metaspace       used 12509K, capacity 12718K, committed 12800K, reserved 1060864K
  class space    used 1395K, capacity 1464K, committed 1536K, reserved 1048576K
Event: 3.900 GC heap after
Heap after GC invocations=5 (full 0):
 PSYoungGen      total 71680K, used 5117K [0x00000000d5d80000, 0x00000000dec80000, 0x0000000100000000)
  eden space 66560K, 0% used [0x00000000d5d80000,0x00000000d5d80000,0x00000000d9e80000)
  from space 5120K, 99% used [0x00000000d9e80000,0x00000000da37f7a0,0x00000000da380000)
  to   space 6656K, 0% used [0x00000000de600000,0x00000000de600000,0x00000000dec80000)
 ParOldGen       total 87552K, used 1022K [0x0000000081800000, 0x0000000086d80000, 0x00000000d5d80000)
  object space 87552K, 1% used [0x0000000081800000,0x00000000818ffa48,0x0000000086d80000)
 Metaspace       used 12509K, capacity 12718K, committed 12800K, reserved 1060864K
  class space    used 1395K, capacity 1464K, committed 1536K, reserved 1048576K
}
Event: 5.131 GC heap before
{Heap before GC invocations=6 (full 0):
 PSYoungGen      total 71680K, used 71677K [0x00000000d5d80000, 0x00000000dec80000, 0x0000000100000000)
  eden space 66560K, 100% used [0x00000000d5d80000,0x00000000d9e80000,0x00000000d9e80000)
  from space 5120K, 99% used [0x00000000d9e80000,0x00000000da37f7a0,0x00000000da380000)
  to   space 6656K, 0% used [0x00000000de600000,0x00000000de600000,0x00000000dec80000)
 ParOldGen       total 87552K, used 1022K [0x0000000081800000, 0x0000000086d80000, 0x00000000d5d80000)
  object space 87552K, 1% used [0x0000000081800000,0x00000000818ffa48,0x0000000086d80000)
 Metaspace       used 16274K, capacity 16504K, committed 16768K, reserved 1064960K
  class space    used 1792K, capacity 1886K, committed 1920K, reserved 1048576K
Event: 5.146 GC heap after
Heap after GC invocations=6 (full 0):
 PSYoungGen      total 137216K, used 6655K [0x00000000d5d80000, 0x00000000df180000, 0x0000000100000000)
  eden space 130560K, 0% used [0x00000000d5d80000,0x00000000d5d80000,0x00000000ddd00000)
  from space 6656K, 99% used [0x00000000de600000,0x00000000dec7fe48,0x00000000dec80000)
  to   space 9216K, 0% used [0x00000000ddd00000,0x00000000ddd00000,0x00000000de600000)
 ParOldGen       total 87552K, used 4243K [0x0000000081800000, 0x0000000086d80000, 0x00000000d5d80000)
  object space 87552K, 4% used [0x0000000081800000,0x0000000081c24cc0,0x0000000086d80000)
 Metaspace       used 16274K, capacity 16504K, committed 16768K, reserved 1064960K
  class space    used 1792K, capacity 1886K, committed 1920K, reserved 1048576K
}
Event: 6.009 GC heap before
{Heap before GC invocations=7 (full 0):
 PSYoungGen      total 137216K, used 46663K [0x00000000d5d80000, 0x00000000df180000, 0x0000000100000000)
  eden space 130560K, 30% used [0x00000000d5d80000,0x00000000d8492120,0x00000000ddd00000)
  from space 6656K, 99% used [0x00000000de600000,0x00000000dec7fe48,0x00000000dec80000)
  to   space 9216K, 0% used [0x00000000ddd00000,0x00000000ddd00000,0x00000000de600000)
 ParOldGen       total 87552K, used 4243K [0x0000000081800000, 0x0000000086d80000, 0x00000000d5d80000)
  object space 87552K, 4% used [0x0000000081800000,0x0000000081c24cc0,0x0000000086d80000)
 Metaspace       used 20843K, capacity 21178K, committed 21248K, reserved 1069056K
  class space    used 2404K, capacity 2524K, committed 2560K, reserved 1048576K
Event: 6.029 GC heap after
Heap after GC invocations=7 (full 0):
 PSYoungGen      total 139776K, used 7772K [0x00000000d5d80000, 0x00000000e7080000, 0x0000000100000000)
  eden space 130560K, 0% used [0x00000000d5d80000,0x00000000d5d80000,0x00000000ddd00000)
  from space 9216K, 84% used [0x00000000ddd00000,0x00000000de4970e0,0x00000000de600000)
  to   space 10240K, 0% used [0x00000000e6680000,0x00000000e6680000,0x00000000e7080000)
 ParOldGen       total 87552K, used 6172K [0x0000000081800000, 0x0000000086d80000, 0x00000000d5d80000)
  object space 87552K, 7% used [0x0000000081800000,0x0000000081e07290,0x0000000086d80000)
 Metaspace       used 20843K, capacity 21178K, committed 21248K, reserved 1069056K
  class space    used 2404K, capacity 2524K, committed 2560K, reserved 1048576K
}
Event: 6.029 GC heap before
{Heap before GC invocations=8 (full 1):
 PSYoungGen      total 139776K, used 7772K [0x00000000d5d80000, 0x00000000e7080000, 0x0000000100000000)
  eden space 130560K, 0% used [0x00000000d5d80000,0x00000000d5d80000,0x00000000ddd00000)
  from space 9216K, 84% used [0x00000000ddd00000,0x00000000de4970e0,0x00000000de600000)
  to   space 10240K, 0% used [0x00000000e6680000,0x00000000e6680000,0x00000000e7080000)
 ParOldGen       total 87552K, used 6172K [0x0000000081800000, 0x0000000086d80000, 0x00000000d5d80000)
  object space 87552K, 7% used [0x0000000081800000,0x0000000081e07290,0x0000000086d80000)
 Metaspace       used 20843K, capacity 21178K, committed 21248K, reserved 1069056K
  class space    used 2404K, capacity 2524K, committed 2560K, reserved 1048576K
Event: 6.104 GC heap after
Heap after GC invocations=8 (full 1):
 PSYoungGen      total 139776K, used 0K [0x00000000d5d80000, 0x00000000e7080000, 0x0000000100000000)
  eden space 130560K, 0% used [0x00000000d5d80000,0x00000000d5d80000,0x00000000ddd00000)
  from space 9216K, 0% used [0x00000000ddd00000,0x00000000ddd00000,0x00000000de600000)
  to   space 10240K, 0% used [0x00000000e6680000,0x00000000e6680000,0x00000000e7080000)
 ParOldGen       total 62976K, used 11880K [0x0000000081800000, 0x0000000085580000, 0x00000000d5d80000)
  object space 62976K, 18% used [0x0000000081800000,0x000000008239a3a8,0x0000000085580000)
 Metaspace       used 20843K, capacity 21178K, committed 21248K, reserved 1069056K
  class space    used 2404K, capacity 2524K, committed 2560K, reserved 1048576K
}

