# JRE version: Java(TM) SE Runtime Environment (8.0_60-b27) (build 1.8.0_60-b27)
# Java VM: Java HotSpot(TM) 64-Bit Server VM (25.60-b23 mixed mode windows-amd64 compressed oops)
Heap:
 PSYoungGen      total 96768K, used 13349K [0x00000000d5d80000, 0x00000000dcb00000, 0x0000000100000000)
  eden space 87552K, 5% used [0x00000000d5d80000,0x00000000d61cf5d0,0x00000000db300000)
  from space 9216K, 96% used [0x00000000dc200000,0x00000000dcaba1d0,0x00000000dcb00000)
  to   space 11776K, 0% used [0x00000000db400000,0x00000000db400000,0x00000000dbf80000)
 ParOldGen       total 64512K, used 19765K [0x0000000081800000, 0x0000000085700000, 0x00000000d5d80000)
  object space 64512K, 30% used [0x0000000081800000,0x0000000082b4d7f8,0x0000000085700000)
 Metaspace       used 26899K, capacity 27510K, committed 27776K, reserved 1073152K
  class space    used 3251K, capacity 3385K, committed 3456K, reserved 1048576K
GC Heap History (10 events):
Event: 2.494 GC heap before
{Heap before GC invocations=3 (full 0):
 PSYoungGen      total 38400K, used 36928K [0x00000000d5d80000, 0x00000000da880000, 0x0000000100000000)
  eden space 33280K, 100% used [0x00000000d5d80000,0x00000000d7e00000,0x00000000d7e00000)
  from space 5120K, 71% used [0x00000000d8300000,0x00000000d8690010,0x00000000d8800000)
  to   space 5120K, 0% used [0x00000000d7e00000,0x00000000d7e00000,0x00000000d8300000)
 ParOldGen       total 87552K, used 24K [0x0000000081800000, 0x0000000086d80000, 0x00000000d5d80000)
  object space 87552K, 0% used [0x0000000081800000,0x0000000081806000,0x0000000086d80000)
 Metaspace       used 16101K, capacity 16340K, committed 16512K, reserved 1064960K
  class space    used 1791K, capacity 1880K, committed 1920K, reserved 1048576K
Event: 2.503 GC heap after
Heap after GC invocations=3 (full 0):
 PSYoungGen      total 38400K, used 5111K [0x00000000d5d80000, 0x00000000da880000, 0x0000000100000000)
  eden space 33280K, 0% used [0x00000000d5d80000,0x00000000d5d80000,0x00000000d7e00000)
  from space 5120K, 99% used [0x00000000d7e00000,0x00000000d82fde70,0x00000000d8300000)
  to   space 5120K, 0% used [0x00000000da380000,0x00000000da380000,0x00000000da880000)
 ParOldGen       total 87552K, used 2388K [0x0000000081800000, 0x0000000086d80000, 0x00000000d5d80000)
  object space 87552K, 2% used [0x0000000081800000,0x0000000081a550a8,0x0000000086d80000)
 Metaspace       used 16101K, capacity 16340K, committed 16512K, reserved 1064960K
  class space    used 1791K, capacity 1880K, committed 1920K, reserved 1048576K
}
Event: 3.073 GC heap before
{Heap before GC invocations=4 (full 0):
 PSYoungGen      total 38400K, used 34394K [0x00000000d5d80000, 0x00000000da880000, 0x0000000100000000)
  eden space 33280K, 87% used [0x00000000d5d80000,0x00000000d7a18bc8,0x00000000d7e00000)
  from space 5120K, 99% used [0x00000000d7e00000,0x00000000d82fde70,0x00000000d8300000)
  to   space 5120K, 0% used [0x00000000da380000,0x00000000da380000,0x00000000da880000)
 ParOldGen       total 87552K, used 2388K [0x0000000081800000, 0x0000000086d80000, 0x00000000d5d80000)
  object space 87552K, 2% used [0x0000000081800000,0x0000000081a550a8,0x0000000086d80000)
 Metaspace       used 20859K, capacity 21220K, committed 21248K, reserved 1069056K
  class space    used 2433K, capacity 2547K, committed 2560K, reserved 1048576K
Event: 3.087 GC heap after
Heap after GC invocations=4 (full 0):
 PSYoungGen      total 71680K, used 5089K [0x00000000d5d80000, 0x00000000da880000, 0x0000000100000000)
  eden space 66560K, 0% used [0x00000000d5d80000,0x00000000d5d80000,0x00000000d9e80000)
  from space 5120K, 99% used [0x00000000da380000,0x00000000da8784a8,0x00000000da880000)
  to   space 5120K, 0% used [0x00000000d9e80000,0x00000000d9e80000,0x00000000da380000)
 ParOldGen       total 87552K, used 5337K [0x0000000081800000, 0x0000000086d80000, 0x00000000d5d80000)
  object space 87552K, 6% used [0x0000000081800000,0x0000000081d36498,0x0000000086d80000)
 Metaspace       used 20859K, capacity 21220K, committed 21248K, reserved 1069056K
  class space    used 2433K, capacity 2547K, committed 2560K, reserved 1048576K
}
Event: 3.087 GC heap before
{Heap before GC invocations=5 (full 1):
 PSYoungGen      total 71680K, used 5089K [0x00000000d5d80000, 0x00000000da880000, 0x0000000100000000)
  eden space 66560K, 0% used [0x00000000d5d80000,0x00000000d5d80000,0x00000000d9e80000)
  from space 5120K, 99% used [0x00000000da380000,0x00000000da8784a8,0x00000000da880000)
  to   space 5120K, 0% used [0x00000000d9e80000,0x00000000d9e80000,0x00000000da380000)
 ParOldGen       total 87552K, used 5337K [0x0000000081800000, 0x0000000086d80000, 0x00000000d5d80000)
  object space 87552K, 6% used [0x0000000081800000,0x0000000081d36498,0x0000000086d80000)
 Metaspace       used 20859K, capacity 21220K, committed 21248K, reserved 1069056K
  class space    used 2433K, capacity 2547K, committed 2560K, reserved 1048576K
Event: 3.148 GC heap after
Heap after GC invocations=5 (full 1):
 PSYoungGen      total 71680K, used 0K [0x00000000d5d80000, 0x00000000da880000, 0x0000000100000000)
  eden space 66560K, 0% used [0x00000000d5d80000,0x00000000d5d80000,0x00000000d9e80000)
  from space 5120K, 0% used [0x00000000da380000,0x00000000da380000,0x00000000da880000)
  to   space 5120K, 0% used [0x00000000d9e80000,0x00000000d9e80000,0x00000000da380000)
 ParOldGen       total 64512K, used 8465K [0x0000000081800000, 0x0000000085700000, 0x00000000d5d80000)
  object space 64512K, 13% used [0x0000000081800000,0x00000000820446e8,0x0000000085700000)
 Metaspace       used 20859K, capacity 21220K, committed 21248K, reserved 1069056K
  class space    used 2433K, capacity 2547K, committed 2560K, reserved 1048576K
}
Event: 6.920 GC heap before
{Heap before GC invocations=6 (full 1):
 PSYoungGen      total 71680K, used 66560K [0x00000000d5d80000, 0x00000000da880000, 0x0000000100000000)
  eden space 66560K, 100% used [0x00000000d5d80000,0x00000000d9e80000,0x00000000d9e80000)
  from space 5120K, 0% used [0x00000000da380000,0x00000000da380000,0x00000000da880000)
  to   space 5120K, 0% used [0x00000000d9e80000,0x00000000d9e80000,0x00000000da380000)
 ParOldGen       total 64512K, used 8465K [0x0000000081800000, 0x0000000085700000, 0x00000000d5d80000)
  object space 64512K, 13% used [0x0000000081800000,0x00000000820446e8,0x0000000085700000)
 Metaspace       used 25234K, capacity 25866K, committed 25984K, reserved 1073152K
  class space    used 3045K, capacity 3159K, committed 3200K, reserved 1048576K
Event: 6.929 GC heap after
Heap after GC invocations=6 (full 1):
 PSYoungGen      total 71680K, used 5100K [0x00000000d5d80000, 0x00000000dcd00000, 0x0000000100000000)
  eden space 66560K, 0% used [0x00000000d5d80000,0x00000000d5d80000,0x00000000d9e80000)
  from space 5120K, 99% used [0x00000000d9e80000,0x00000000da37b3e8,0x00000000da380000)
  to   space 11264K, 0% used [0x00000000dc200000,0x00000000dc200000,0x00000000dcd00000)
 ParOldGen       total 64512K, used 12127K [0x0000000081800000, 0x0000000085700000, 0x00000000d5d80000)
  object space 64512K, 18% used [0x0000000081800000,0x00000000823d7e48,0x0000000085700000)
 Metaspace       used 25234K, capacity 25866K, committed 25984K, reserved 1073152K
  class space    used 3045K, capacity 3159K, committed 3200K, reserved 1048576K
}
Event: 79.573 GC heap before
{Heap before GC invocations=7 (full 1):
 PSYoungGen      total 71680K, used 71660K [0x00000000d5d80000, 0x00000000dcd00000, 0x0000000100000000)
  eden space 66560K, 100% used [0x00000000d5d80000,0x00000000d9e80000,0x00000000d9e80000)
  from space 5120K, 99% used [0x00000000d9e80000,0x00000000da37b3e8,0x00000000da380000)
  to   space 11264K, 0% used [0x00000000dc200000,0x00000000dc200000,0x00000000dcd00000)
 ParOldGen       total 64512K, used 12127K [0x0000000081800000, 0x0000000085700000, 0x00000000d5d80000)
  object space 64512K, 18% used [0x0000000081800000,0x00000000823d7e48,0x0000000085700000)
 Metaspace       used 26877K, capacity 27510K, committed 27776K, reserved 1073152K
  class space    used 3250K, capacity 3385K, committed 3456K, reserved 1048576K
Event: 79.583 GC heap after
Heap after GC invocations=7 (full 1):
 PSYoungGen      total 96768K, used 8936K [0x00000000d5d80000, 0x00000000dcb00000, 0x0000000100000000)
  eden space 87552K, 0% used [0x00000000d5d80000,0x00000000d5d80000,0x00000000db300000)
  from space 9216K, 96% used [0x00000000dc200000,0x00000000dcaba1d0,0x00000000dcb00000)
  to   space 11776K, 0% used [0x00000000db400000,0x00000000db400000,0x00000000dbf80000)
 ParOldGen       total 64512K, used 19765K [0x0000000081800000, 0x0000000085700000, 0x00000000d5d80000)
  object space 64512K, 30% used [0x0000000081800000,0x0000000082b4d7f8,0x0000000085700000)
 Metaspace       used 26877K, capacity 27510K, committed 27776K, reserved 1073152K
  class space    used 3250K, capacity 3385K, committed 3456K, reserved 1048576K
}

