# JRE version: Java(TM) SE Runtime Environment (8.0_60-b27) (build 1.8.0_60-b27)
# Java VM: Java HotSpot(TM) 64-Bit Server VM (25.60-b23 mixed mode windows-amd64 compressed oops)
Heap:
 PSYoungGen      total 139776K, used 126185K [0x00000000d5d80000, 0x00000000e7080000, 0x0000000100000000)
  eden space 130560K, 96% used [0x00000000d5d80000,0x00000000dd8ba5c8,0x00000000ddd00000)
  from space 9216K, 0% used [0x00000000ddd00000,0x00000000ddd00000,0x00000000de600000)
  to   space 10240K, 0% used [0x00000000e6680000,0x00000000e6680000,0x00000000e7080000)
 ParOldGen       total 65024K, used 11842K [0x0000000081800000, 0x0000000085780000, 0x00000000d5d80000)
  object space 65024K, 18% used [0x0000000081800000,0x0000000082390940,0x0000000085780000)
 Metaspace       used 26228K, capacity 26924K, committed 27136K, reserved 1073152K
  class space    used 3102K, capacity 3229K, committed 3328K, reserved 1048576K
GC Heap History (10 events):
Event: 4.770 GC heap before
{Heap before GC invocations=4 (full 0):
 PSYoungGen      total 38400K, used 37474K [0x00000000d5d80000, 0x00000000da880000, 0x0000000100000000)
  eden space 33280K, 100% used [0x00000000d5d80000,0x00000000d7e00000,0x00000000d7e00000)
  from space 5120K, 81% used [0x00000000d7e00000,0x00000000d8218a28,0x00000000d8300000)
  to   space 5120K, 0% used [0x00000000da380000,0x00000000da380000,0x00000000da880000)
 ParOldGen       total 87552K, used 24K [0x0000000081800000, 0x0000000086d80000, 0x00000000d5d80000)
  object space 87552K, 0% used [0x0000000081800000,0x0000000081806000,0x0000000086d80000)
 Metaspace       used 12505K, capacity 12712K, committed 12800K, reserved 1060864K
  class space    used 1394K, capacity 1463K, committed 1536K, reserved 1048576K
Event: 4.780 GC heap after
Heap after GC invocations=4 (full 0):
 PSYoungGen      total 71680K, used 4851K [0x00000000d5d80000, 0x00000000da880000, 0x0000000100000000)
  eden space 66560K, 0% used [0x00000000d5d80000,0x00000000d5d80000,0x00000000d9e80000)
  from space 5120K, 94% used [0x00000000da380000,0x00000000da83cec8,0x00000000da880000)
  to   space 5120K, 0% used [0x00000000d9e80000,0x00000000d9e80000,0x00000000da380000)
 ParOldGen       total 87552K, used 104K [0x0000000081800000, 0x0000000086d80000, 0x00000000d5d80000)
  object space 87552K, 0% used [0x0000000081800000,0x000000008181a010,0x0000000086d80000)
 Metaspace       used 12505K, capacity 12712K, committed 12800K, reserved 1060864K
  class space    used 1394K, capacity 1463K, committed 1536K, reserved 1048576K
}
Event: 5.947 GC heap before
{Heap before GC invocations=5 (full 0):
 PSYoungGen      total 71680K, used 71411K [0x00000000d5d80000, 0x00000000da880000, 0x0000000100000000)
  eden space 66560K, 100% used [0x00000000d5d80000,0x00000000d9e80000,0x00000000d9e80000)
  from space 5120K, 94% used [0x00000000da380000,0x00000000da83cec8,0x00000000da880000)
  to   space 5120K, 0% used [0x00000000d9e80000,0x00000000d9e80000,0x00000000da380000)
 ParOldGen       total 87552K, used 104K [0x0000000081800000, 0x0000000086d80000, 0x00000000d5d80000)
  object space 87552K, 0% used [0x0000000081800000,0x000000008181a010,0x0000000086d80000)
 Metaspace       used 12520K, capacity 12782K, committed 13056K, reserved 1060864K
  class space    used 1396K, capacity 1464K, committed 1536K, reserved 1048576K
Event: 5.965 GC heap after
Heap after GC invocations=5 (full 0):
 PSYoungGen      total 71680K, used 5099K [0x00000000d5d80000, 0x00000000dec80000, 0x0000000100000000)
  eden space 66560K, 0% used [0x00000000d5d80000,0x00000000d5d80000,0x00000000d9e80000)
  from space 5120K, 99% used [0x00000000d9e80000,0x00000000da37adb8,0x00000000da380000)
  to   space 6656K, 0% used [0x00000000de600000,0x00000000de600000,0x00000000dec80000)
 ParOldGen       total 87552K, used 1068K [0x0000000081800000, 0x0000000086d80000, 0x00000000d5d80000)
  object space 87552K, 1% used [0x0000000081800000,0x000000008190b018,0x0000000086d80000)
 Metaspace       used 12520K, capacity 12782K, committed 13056K, reserved 1060864K
  class space    used 1396K, capacity 1464K, committed 1536K, reserved 1048576K
}
Event: 7.737 GC heap before
{Heap before GC invocations=6 (full 0):
 PSYoungGen      total 71680K, used 71659K [0x00000000d5d80000, 0x00000000dec80000, 0x0000000100000000)
  eden space 66560K, 100% used [0x00000000d5d80000,0x00000000d9e80000,0x00000000d9e80000)
  from space 5120K, 99% used [0x00000000d9e80000,0x00000000da37adb8,0x00000000da380000)
  to   space 6656K, 0% used [0x00000000de600000,0x00000000de600000,0x00000000dec80000)
 ParOldGen       total 87552K, used 1068K [0x0000000081800000, 0x0000000086d80000, 0x00000000d5d80000)
  object space 87552K, 1% used [0x0000000081800000,0x000000008190b018,0x0000000086d80000)
 Metaspace       used 16340K, capacity 16568K, committed 16768K, reserved 1064960K
  class space    used 1792K, capacity 1886K, committed 1920K, reserved 1048576K
Event: 7.765 GC heap after
Heap after GC invocations=6 (full 0):
 PSYoungGen      total 137216K, used 6639K [0x00000000d5d80000, 0x00000000df180000, 0x0000000100000000)
  eden space 130560K, 0% used [0x00000000d5d80000,0x00000000d5d80000,0x00000000ddd00000)
  from space 6656K, 99% used [0x00000000de600000,0x00000000dec7be78,0x00000000dec80000)
  to   space 9216K, 0% used [0x00000000ddd00000,0x00000000ddd00000,0x00000000de600000)
 ParOldGen       total 87552K, used 4242K [0x0000000081800000, 0x0000000086d80000, 0x00000000d5d80000)
  object space 87552K, 4% used [0x0000000081800000,0x0000000081c248d8,0x0000000086d80000)
 Metaspace       used 16340K, capacity 16568K, committed 16768K, reserved 1064960K
  class space    used 1792K, capacity 1886K, committed 1920K, reserved 1048576K
}
Event: 8.988 GC heap before
{Heap before GC invocations=7 (full 0):
 PSYoungGen      total 137216K, used 46719K [0x00000000d5d80000, 0x00000000df180000, 0x0000000100000000)
  eden space 130560K, 30% used [0x00000000d5d80000,0x00000000d84a4008,0x00000000ddd00000)
  from space 6656K, 99% used [0x00000000de600000,0x00000000dec7be78,0x00000000dec80000)
  to   space 9216K, 0% used [0x00000000ddd00000,0x00000000ddd00000,0x00000000de600000)
 ParOldGen       total 87552K, used 4242K [0x0000000081800000, 0x0000000086d80000, 0x00000000d5d80000)
  object space 87552K, 4% used [0x0000000081800000,0x0000000081c248d8,0x0000000086d80000)
 Metaspace       used 20840K, capacity 21172K, committed 21248K, reserved 1069056K
  class space    used 2403K, capacity 2523K, committed 2560K, reserved 1048576K
Event: 9.011 GC heap after
Heap after GC invocations=7 (full 0):
 PSYoungGen      total 139776K, used 8101K [0x00000000d5d80000, 0x00000000e7080000, 0x0000000100000000)
  eden space 130560K, 0% used [0x00000000d5d80000,0x00000000d5d80000,0x00000000ddd00000)
  from space 9216K, 87% used [0x00000000ddd00000,0x00000000de4e97d0,0x00000000de600000)
  to   space 10240K, 0% used [0x00000000e6680000,0x00000000e6680000,0x00000000e7080000)
 ParOldGen       total 87552K, used 6056K [0x0000000081800000, 0x0000000086d80000, 0x00000000d5d80000)
  object space 87552K, 6% used [0x0000000081800000,0x0000000081dea220,0x0000000086d80000)
 Metaspace       used 20840K, capacity 21172K, committed 21248K, reserved 1069056K
  class space    used 2403K, capacity 2523K, committed 2560K, reserved 1048576K
}
Event: 9.011 GC heap before
{Heap before GC invocations=8 (full 1):
 PSYoungGen      total 139776K, used 8101K [0x00000000d5d80000, 0x00000000e7080000, 0x0000000100000000)
  eden space 130560K, 0% used [0x00000000d5d80000,0x00000000d5d80000,0x00000000ddd00000)
  from space 9216K, 87% used [0x00000000ddd00000,0x00000000de4e97d0,0x00000000de600000)
  to   space 10240K, 0% used [0x00000000e6680000,0x00000000e6680000,0x00000000e7080000)
 ParOldGen       total 87552K, used 6056K [0x0000000081800000, 0x0000000086d80000, 0x00000000d5d80000)
  object space 87552K, 6% used [0x0000000081800000,0x0000000081dea220,0x0000000086d80000)
 Metaspace       used 20840K, capacity 21172K, committed 21248K, reserved 1069056K
  class space    used 2403K, capacity 2523K, committed 2560K, reserved 1048576K
Event: 9.147 GC heap after
Heap after GC invocations=8 (full 1):
 PSYoungGen      total 139776K, used 0K [0x00000000d5d80000, 0x00000000e7080000, 0x0000000100000000)
  eden space 130560K, 0% used [0x00000000d5d80000,0x00000000d5d80000,0x00000000ddd00000)
  from space 9216K, 0% used [0x00000000ddd00000,0x00000000ddd00000,0x00000000de600000)
  to   space 10240K, 0% used [0x00000000e6680000,0x00000000e6680000,0x00000000e7080000)
 ParOldGen       total 65024K, used 11842K [0x0000000081800000, 0x0000000085780000, 0x00000000d5d80000)
  object space 65024K, 18% used [0x0000000081800000,0x0000000082390940,0x0000000085780000)
 Metaspace       used 20840K, capacity 21172K, committed 21248K, reserved 1069056K
  class space    used 2403K, capacity 2523K, committed 2560K, reserved 1048576K
}

