# JRE version: Java(TM) SE Runtime Environment (8.0_60-b27) (build 1.8.0_60-b27)
# Java VM: Java HotSpot(TM) 64-Bit Server VM (25.60-b23 mixed mode windows-amd64 compressed oops)
Heap:
 PSYoungGen      total 71680K, used 24692K [0x00000000d5d80000, 0x00000000dca00000, 0x0000000100000000)
  eden space 66560K, 29% used [0x00000000d5d80000,0x00000000d70cb338,0x00000000d9e80000)
  from space 5120K, 96% used [0x00000000d9e80000,0x00000000da3520a0,0x00000000da380000)
  to   space 9216K, 0% used [0x00000000dc100000,0x00000000dc100000,0x00000000dca00000)
 ParOldGen       total 64000K, used 17831K [0x0000000081800000, 0x0000000085680000, 0x00000000d5d80000)
  object space 64000K, 27% used [0x0000000081800000,0x0000000082969cf8,0x0000000085680000)
 Metaspace       used 26098K, capacity 26730K, committed 26880K, reserved 1073152K
  class space    used 3190K, capacity 3319K, committed 3328K, reserved 1048576K
GC Heap History (10 events):
Event: 1.736 GC heap before
{Heap before GC invocations=2 (full 0):
 PSYoungGen      total 38400K, used 36527K [0x00000000d5d80000, 0x00000000d8800000, 0x0000000100000000)
  eden space 33280K, 100% used [0x00000000d5d80000,0x00000000d7e00000,0x00000000d7e00000)
  from space 5120K, 63% used [0x00000000d7e00000,0x00000000d812bde0,0x00000000d8300000)
  to   space 5120K, 0% used [0x00000000d8300000,0x00000000d8300000,0x00000000d8800000)
 ParOldGen       total 87552K, used 8K [0x0000000081800000, 0x0000000086d80000, 0x00000000d5d80000)
  object space 87552K, 0% used [0x0000000081800000,0x0000000081802000,0x0000000086d80000)
 Metaspace       used 12329K, capacity 12548K, committed 12800K, reserved 1060864K
  class space    used 1394K, capacity 1457K, committed 1536K, reserved 1048576K
Event: 1.745 GC heap after
Heap after GC invocations=2 (full 0):
 PSYoungGen      total 38400K, used 3648K [0x00000000d5d80000, 0x00000000da880000, 0x0000000100000000)
  eden space 33280K, 0% used [0x00000000d5d80000,0x00000000d5d80000,0x00000000d7e00000)
  from space 5120K, 71% used [0x00000000d8300000,0x00000000d8690010,0x00000000d8800000)
  to   space 5120K, 0% used [0x00000000d7e00000,0x00000000d7e00000,0x00000000d8300000)
 ParOldGen       total 87552K, used 16K [0x0000000081800000, 0x0000000086d80000, 0x00000000d5d80000)
  object space 87552K, 0% used [0x0000000081800000,0x0000000081804000,0x0000000086d80000)
 Metaspace       used 12329K, capacity 12548K, committed 12800K, reserved 1060864K
  class space    used 1394K, capacity 1457K, committed 1536K, reserved 1048576K
}
Event: 2.527 GC heap before
{Heap before GC invocations=3 (full 0):
 PSYoungGen      total 38400K, used 36928K [0x00000000d5d80000, 0x00000000da880000, 0x0000000100000000)
  eden space 33280K, 100% used [0x00000000d5d80000,0x00000000d7e00000,0x00000000d7e00000)
  from space 5120K, 71% used [0x00000000d8300000,0x00000000d8690010,0x00000000d8800000)
  to   space 5120K, 0% used [0x00000000d7e00000,0x00000000d7e00000,0x00000000d8300000)
 ParOldGen       total 87552K, used 16K [0x0000000081800000, 0x0000000086d80000, 0x00000000d5d80000)
  object space 87552K, 0% used [0x0000000081800000,0x0000000081804000,0x0000000086d80000)
 Metaspace       used 16123K, capacity 16340K, committed 16512K, reserved 1064960K
  class space    used 1791K, capacity 1880K, committed 1920K, reserved 1048576K
Event: 2.537 GC heap after
Heap after GC invocations=3 (full 0):
 PSYoungGen      total 38400K, used 5107K [0x00000000d5d80000, 0x00000000da880000, 0x0000000100000000)
  eden space 33280K, 0% used [0x00000000d5d80000,0x00000000d5d80000,0x00000000d7e00000)
  from space 5120K, 99% used [0x00000000d7e00000,0x00000000d82fce50,0x00000000d8300000)
  to   space 5120K, 0% used [0x00000000da380000,0x00000000da380000,0x00000000da880000)
 ParOldGen       total 87552K, used 2358K [0x0000000081800000, 0x0000000086d80000, 0x00000000d5d80000)
  object space 87552K, 2% used [0x0000000081800000,0x0000000081a4d8e8,0x0000000086d80000)
 Metaspace       used 16123K, capacity 16340K, committed 16512K, reserved 1064960K
  class space    used 1791K, capacity 1880K, committed 1920K, reserved 1048576K
}
Event: 3.138 GC heap before
{Heap before GC invocations=4 (full 0):
 PSYoungGen      total 38400K, used 33970K [0x00000000d5d80000, 0x00000000da880000, 0x0000000100000000)
  eden space 33280K, 86% used [0x00000000d5d80000,0x00000000d79afd08,0x00000000d7e00000)
  from space 5120K, 99% used [0x00000000d7e00000,0x00000000d82fce50,0x00000000d8300000)
  to   space 5120K, 0% used [0x00000000da380000,0x00000000da380000,0x00000000da880000)
 ParOldGen       total 87552K, used 2358K [0x0000000081800000, 0x0000000086d80000, 0x00000000d5d80000)
  object space 87552K, 2% used [0x0000000081800000,0x0000000081a4d8e8,0x0000000086d80000)
 Metaspace       used 20910K, capacity 21220K, committed 21248K, reserved 1069056K
  class space    used 2443K, capacity 2547K, committed 2560K, reserved 1048576K
Event: 3.149 GC heap after
Heap after GC invocations=4 (full 0):
 PSYoungGen      total 71680K, used 5105K [0x00000000d5d80000, 0x00000000da880000, 0x0000000100000000)
  eden space 66560K, 0% used [0x00000000d5d80000,0x00000000d5d80000,0x00000000d9e80000)
  from space 5120K, 99% used [0x00000000da380000,0x00000000da87c498,0x00000000da880000)
  to   space 5120K, 0% used [0x00000000d9e80000,0x00000000d9e80000,0x00000000da380000)
 ParOldGen       total 87552K, used 5328K [0x0000000081800000, 0x0000000086d80000, 0x00000000d5d80000)
  object space 87552K, 6% used [0x0000000081800000,0x0000000081d340c8,0x0000000086d80000)
 Metaspace       used 20910K, capacity 21220K, committed 21248K, reserved 1069056K
  class space    used 2443K, capacity 2547K, committed 2560K, reserved 1048576K
}
Event: 3.149 GC heap before
{Heap before GC invocations=5 (full 1):
 PSYoungGen      total 71680K, used 5105K [0x00000000d5d80000, 0x00000000da880000, 0x0000000100000000)
  eden space 66560K, 0% used [0x00000000d5d80000,0x00000000d5d80000,0x00000000d9e80000)
  from space 5120K, 99% used [0x00000000da380000,0x00000000da87c498,0x00000000da880000)
  to   space 5120K, 0% used [0x00000000d9e80000,0x00000000d9e80000,0x00000000da380000)
 ParOldGen       total 87552K, used 5328K [0x0000000081800000, 0x0000000086d80000, 0x00000000d5d80000)
  object space 87552K, 6% used [0x0000000081800000,0x0000000081d340c8,0x0000000086d80000)
 Metaspace       used 20910K, capacity 21220K, committed 21248K, reserved 1069056K
  class space    used 2443K, capacity 2547K, committed 2560K, reserved 1048576K
Event: 3.202 GC heap after
Heap after GC invocations=5 (full 1):
 PSYoungGen      total 71680K, used 0K [0x00000000d5d80000, 0x00000000da880000, 0x0000000100000000)
  eden space 66560K, 0% used [0x00000000d5d80000,0x00000000d5d80000,0x00000000d9e80000)
  from space 5120K, 0% used [0x00000000da380000,0x00000000da380000,0x00000000da880000)
  to   space 5120K, 0% used [0x00000000d9e80000,0x00000000d9e80000,0x00000000da380000)
 ParOldGen       total 64000K, used 8477K [0x0000000081800000, 0x0000000085680000, 0x00000000d5d80000)
  object space 64000K, 13% used [0x0000000081800000,0x0000000082047518,0x0000000085680000)
 Metaspace       used 20910K, capacity 21220K, committed 21248K, reserved 1069056K
  class space    used 2443K, capacity 2547K, committed 2560K, reserved 1048576K
}
Event: 7.441 GC heap before
{Heap before GC invocations=6 (full 1):
 PSYoungGen      total 71680K, used 66540K [0x00000000d5d80000, 0x00000000da880000, 0x0000000100000000)
  eden space 66560K, 99% used [0x00000000d5d80000,0x00000000d9e7b170,0x00000000d9e80000)
  from space 5120K, 0% used [0x00000000da380000,0x00000000da380000,0x00000000da880000)
  to   space 5120K, 0% used [0x00000000d9e80000,0x00000000d9e80000,0x00000000da380000)
 ParOldGen       total 64000K, used 8477K [0x0000000081800000, 0x0000000085680000, 0x00000000d5d80000)
  object space 64000K, 13% used [0x0000000081800000,0x0000000082047518,0x0000000085680000)
 Metaspace       used 24410K, capacity 24984K, committed 25088K, reserved 1071104K
  class space    used 2874K, capacity 2997K, committed 3072K, reserved 1048576K
Event: 7.450 GC heap after
Heap after GC invocations=6 (full 1):
 PSYoungGen      total 71680K, used 4936K [0x00000000d5d80000, 0x00000000dca00000, 0x0000000100000000)
  eden space 66560K, 0% used [0x00000000d5d80000,0x00000000d5d80000,0x00000000d9e80000)
  from space 5120K, 96% used [0x00000000d9e80000,0x00000000da3520a0,0x00000000da380000)
  to   space 9216K, 0% used [0x00000000dc100000,0x00000000dc100000,0x00000000dca00000)
 ParOldGen       total 64000K, used 17831K [0x0000000081800000, 0x0000000085680000, 0x00000000d5d80000)
  object space 64000K, 27% used [0x0000000081800000,0x0000000082969cf8,0x0000000085680000)
 Metaspace       used 24410K, capacity 24984K, committed 25088K, reserved 1071104K
  class space    used 2874K, capacity 2997K, committed 3072K, reserved 1048576K
}

