# JRE version: Java(TM) SE Runtime Environment (8.0_60-b27) (build 1.8.0_60-b27)
# Java VM: Java HotSpot(TM) 64-Bit Server VM (25.60-b23 mixed mode windows-amd64 compressed oops)
Heap:
 PSYoungGen      total 208384K, used 143908K [0x00000000d5d80000, 0x00000000e6e80000, 0x0000000100000000)
  eden space 200192K, 67% used [0x00000000d5d80000,0x00000000de21b0f0,0x00000000e2100000)
  from space 8192K, 99% used [0x00000000e6680000,0x00000000e6e6dfd8,0x00000000e6e80000)
  to   space 10752K, 0% used [0x00000000e5980000,0x00000000e5980000,0x00000000e6400000)
 ParOldGen       total 61952K, used 11899K [0x0000000081800000, 0x0000000085480000, 0x00000000d5d80000)
  object space 61952K, 19% used [0x0000000081800000,0x000000008239ed40,0x0000000085480000)
 Metaspace       used 28758K, capacity 29798K, committed 30080K, reserved 1075200K
  class space    used 3428K, capacity 3593K, committed 3712K, reserved 1048576K
GC Heap History (10 events):
Event: 4.231 GC heap before
{Heap before GC invocations=5 (full 0):
 PSYoungGen      total 71680K, used 71488K [0x00000000d5d80000, 0x00000000da880000, 0x0000000100000000)
  eden space 66560K, 100% used [0x00000000d5d80000,0x00000000d9e80000,0x00000000d9e80000)
  from space 5120K, 96% used [0x00000000da380000,0x00000000da8500a8,0x00000000da880000)
  to   space 5120K, 0% used [0x00000000d9e80000,0x00000000d9e80000,0x00000000da380000)
 ParOldGen       total 87552K, used 48K [0x0000000081800000, 0x0000000086d80000, 0x00000000d5d80000)
  object space 87552K, 0% used [0x0000000081800000,0x000000008180c000,0x0000000086d80000)
 Metaspace       used 12521K, capacity 12782K, committed 13056K, reserved 1060864K
  class space    used 1396K, capacity 1464K, committed 1536K, reserved 1048576K
Event: 4.245 GC heap after
Heap after GC invocations=5 (full 0):
 PSYoungGen      total 71680K, used 5117K [0x00000000d5d80000, 0x00000000dec80000, 0x0000000100000000)
  eden space 66560K, 0% used [0x00000000d5d80000,0x00000000d5d80000,0x00000000d9e80000)
  from space 5120K, 99% used [0x00000000d9e80000,0x00000000da37f7d0,0x00000000da380000)
  to   space 6656K, 0% used [0x00000000de600000,0x00000000de600000,0x00000000dec80000)
 ParOldGen       total 87552K, used 1136K [0x0000000081800000, 0x0000000086d80000, 0x00000000d5d80000)
  object space 87552K, 1% used [0x0000000081800000,0x000000008191c000,0x0000000086d80000)
 Metaspace       used 12521K, capacity 12782K, committed 13056K, reserved 1060864K
  class space    used 1396K, capacity 1464K, committed 1536K, reserved 1048576K
}
Event: 5.679 GC heap before
{Heap before GC invocations=6 (full 0):
 PSYoungGen      total 71680K, used 71677K [0x00000000d5d80000, 0x00000000dec80000, 0x0000000100000000)
  eden space 66560K, 100% used [0x00000000d5d80000,0x00000000d9e80000,0x00000000d9e80000)
  from space 5120K, 99% used [0x00000000d9e80000,0x00000000da37f7d0,0x00000000da380000)
  to   space 6656K, 0% used [0x00000000de600000,0x00000000de600000,0x00000000dec80000)
 ParOldGen       total 87552K, used 1136K [0x0000000081800000, 0x0000000086d80000, 0x00000000d5d80000)
  object space 87552K, 1% used [0x0000000081800000,0x000000008191c000,0x0000000086d80000)
 Metaspace       used 16360K, capacity 16568K, committed 16768K, reserved 1064960K
  class space    used 1791K, capacity 1886K, committed 1920K, reserved 1048576K
Event: 5.698 GC heap after
Heap after GC invocations=6 (full 0):
 PSYoungGen      total 137216K, used 6655K [0x00000000d5d80000, 0x00000000df180000, 0x0000000100000000)
  eden space 130560K, 0% used [0x00000000d5d80000,0x00000000d5d80000,0x00000000ddd00000)
  from space 6656K, 99% used [0x00000000de600000,0x00000000dec7fe68,0x00000000dec80000)
  to   space 9216K, 0% used [0x00000000ddd00000,0x00000000ddd00000,0x00000000de600000)
 ParOldGen       total 87552K, used 4263K [0x0000000081800000, 0x0000000086d80000, 0x00000000d5d80000)
  object space 87552K, 4% used [0x0000000081800000,0x0000000081c29fb8,0x0000000086d80000)
 Metaspace       used 16360K, capacity 16568K, committed 16768K, reserved 1064960K
  class space    used 1791K, capacity 1886K, committed 1920K, reserved 1048576K
}
Event: 6.805 GC heap before
{Heap before GC invocations=7 (full 0):
 PSYoungGen      total 137216K, used 45412K [0x00000000d5d80000, 0x00000000df180000, 0x0000000100000000)
  eden space 130560K, 29% used [0x00000000d5d80000,0x00000000d8359568,0x00000000ddd00000)
  from space 6656K, 99% used [0x00000000de600000,0x00000000dec7fe68,0x00000000dec80000)
  to   space 9216K, 0% used [0x00000000ddd00000,0x00000000ddd00000,0x00000000de600000)
 ParOldGen       total 87552K, used 4263K [0x0000000081800000, 0x0000000086d80000, 0x00000000d5d80000)
  object space 87552K, 4% used [0x0000000081800000,0x0000000081c29fb8,0x0000000086d80000)
 Metaspace       used 20839K, capacity 21172K, committed 21248K, reserved 1069056K
  class space    used 2403K, capacity 2523K, committed 2560K, reserved 1048576K
Event: 6.820 GC heap after
Heap after GC invocations=7 (full 0):
 PSYoungGen      total 139776K, used 7943K [0x00000000d5d80000, 0x00000000e7080000, 0x0000000100000000)
  eden space 130560K, 0% used [0x00000000d5d80000,0x00000000d5d80000,0x00000000ddd00000)
  from space 9216K, 86% used [0x00000000ddd00000,0x00000000de4c1ff8,0x00000000de600000)
  to   space 10240K, 0% used [0x00000000e6680000,0x00000000e6680000,0x00000000e7080000)
 ParOldGen       total 87552K, used 5988K [0x0000000081800000, 0x0000000086d80000, 0x00000000d5d80000)
  object space 87552K, 6% used [0x0000000081800000,0x0000000081dd90e0,0x0000000086d80000)
 Metaspace       used 20839K, capacity 21172K, committed 21248K, reserved 1069056K
  class space    used 2403K, capacity 2523K, committed 2560K, reserved 1048576K
}
Event: 6.820 GC heap before
{Heap before GC invocations=8 (full 1):
 PSYoungGen      total 139776K, used 7943K [0x00000000d5d80000, 0x00000000e7080000, 0x0000000100000000)
  eden space 130560K, 0% used [0x00000000d5d80000,0x00000000d5d80000,0x00000000ddd00000)
  from space 9216K, 86% used [0x00000000ddd00000,0x00000000de4c1ff8,0x00000000de600000)
  to   space 10240K, 0% used [0x00000000e6680000,0x00000000e6680000,0x00000000e7080000)
 ParOldGen       total 87552K, used 5988K [0x0000000081800000, 0x0000000086d80000, 0x00000000d5d80000)
  object space 87552K, 6% used [0x0000000081800000,0x0000000081dd90e0,0x0000000086d80000)
 Metaspace       used 20839K, capacity 21172K, committed 21248K, reserved 1069056K
  class space    used 2403K, capacity 2523K, committed 2560K, reserved 1048576K
Event: 6.895 GC heap after
Heap after GC invocations=8 (full 1):
 PSYoungGen      total 139776K, used 0K [0x00000000d5d80000, 0x00000000e7080000, 0x0000000100000000)
  eden space 130560K, 0% used [0x00000000d5d80000,0x00000000d5d80000,0x00000000ddd00000)
  from space 9216K, 0% used [0x00000000ddd00000,0x00000000ddd00000,0x00000000de600000)
  to   space 10240K, 0% used [0x00000000e6680000,0x00000000e6680000,0x00000000e7080000)
 ParOldGen       total 61952K, used 11891K [0x0000000081800000, 0x0000000085480000, 0x00000000d5d80000)
  object space 61952K, 19% used [0x0000000081800000,0x000000008239cd40,0x0000000085480000)
 Metaspace       used 20839K, capacity 21172K, committed 21248K, reserved 1069056K
  class space    used 2403K, capacity 2523K, committed 2560K, reserved 1048576K
}
Event: 24.398 GC heap before
{Heap before GC invocations=9 (full 1):
 PSYoungGen      total 139776K, used 130560K [0x00000000d5d80000, 0x00000000e7080000, 0x0000000100000000)
  eden space 130560K, 100% used [0x00000000d5d80000,0x00000000ddd00000,0x00000000ddd00000)
  from space 9216K, 0% used [0x00000000ddd00000,0x00000000ddd00000,0x00000000de600000)
  to   space 10240K, 0% used [0x00000000e6680000,0x00000000e6680000,0x00000000e7080000)
 ParOldGen       total 61952K, used 11891K [0x0000000081800000, 0x0000000085480000, 0x00000000d5d80000)
  object space 61952K, 19% used [0x0000000081800000,0x000000008239cd40,0x0000000085480000)
 Metaspace       used 26064K, capacity 26922K, committed 27008K, reserved 1073152K
  class space    used 3049K, capacity 3191K, committed 3200K, reserved 1048576K
Event: 24.432 GC heap after
Heap after GC invocations=9 (full 1):
 PSYoungGen      total 208384K, used 8119K [0x00000000d5d80000, 0x00000000e6e80000, 0x0000000100000000)
  eden space 200192K, 0% used [0x00000000d5d80000,0x00000000d5d80000,0x00000000e2100000)
  from space 8192K, 99% used [0x00000000e6680000,0x00000000e6e6dfd8,0x00000000e6e80000)
  to   space 10752K, 0% used [0x00000000e5980000,0x00000000e5980000,0x00000000e6400000)
 ParOldGen       total 61952K, used 11899K [0x0000000081800000, 0x0000000085480000, 0x00000000d5d80000)
  object space 61952K, 19% used [0x0000000081800000,0x000000008239ed40,0x0000000085480000)
 Metaspace       used 26064K, capacity 26922K, committed 27008K, reserved 1073152K
  class space    used 3049K, capacity 3191K, committed 3200K, reserved 1048576K
}

